[2023-12-22T18:26:35.696+0000] {taskinstance.py:1165} INFO - Dependencies all met for <TaskInstance: example_branch_operator.branching manual__2023-12-22T18:26:33.438455+00:00 [queued]>
[2023-12-22T18:26:35.701+0000] {taskinstance.py:1165} INFO - Dependencies all met for <TaskInstance: example_branch_operator.branching manual__2023-12-22T18:26:33.438455+00:00 [queued]>
[2023-12-22T18:26:35.702+0000] {taskinstance.py:1362} INFO - 
--------------------------------------------------------------------------------
[2023-12-22T18:26:35.702+0000] {taskinstance.py:1363} INFO - Starting attempt 1 of 1
[2023-12-22T18:26:35.702+0000] {taskinstance.py:1364} INFO - 
--------------------------------------------------------------------------------
[2023-12-22T18:26:35.709+0000] {taskinstance.py:1383} INFO - Executing <Task(BranchPythonOperator): branching> on 2023-12-22 18:26:33.438455+00:00
[2023-12-22T18:26:35.712+0000] {standard_task_runner.py:55} INFO - Started process 6160 to run task
[2023-12-22T18:26:35.715+0000] {standard_task_runner.py:82} INFO - Running: ['***', 'tasks', 'run', 'example_branch_operator', 'branching', 'manual__2023-12-22T18:26:33.438455+00:00', '--job-id', '10', '--raw', '--subdir', '/home/***/.local/lib/python3.7/site-packages/***/example_dags/example_branch_operator.py', '--cfg-path', '/tmp/tmpfppp54s0']
[2023-12-22T18:26:35.715+0000] {standard_task_runner.py:83} INFO - Job 10: Subtask branching
[2023-12-22T18:26:35.754+0000] {task_command.py:376} INFO - Running <TaskInstance: example_branch_operator.branching manual__2023-12-22T18:26:33.438455+00:00 [running]> on host 29c739d23fae
[2023-12-22T18:26:35.794+0000] {taskinstance.py:1592} INFO - Exporting the following env vars:
AIRFLOW_CTX_DAG_OWNER=***
AIRFLOW_CTX_DAG_ID=example_branch_operator
AIRFLOW_CTX_TASK_ID=branching
AIRFLOW_CTX_EXECUTION_DATE=2023-12-22T18:26:33.438455+00:00
AIRFLOW_CTX_TRY_NUMBER=1
AIRFLOW_CTX_DAG_RUN_ID=manual__2023-12-22T18:26:33.438455+00:00
[2023-12-22T18:26:35.795+0000] {python.py:177} INFO - Done. Returned value was: branch_b
[2023-12-22T18:26:35.795+0000] {skipmixin.py:155} INFO - Following branch branch_b
[2023-12-22T18:26:35.795+0000] {skipmixin.py:190} INFO - Skipping tasks ['branch_c', 'branch_a', 'branch_d']
[2023-12-22T18:26:35.820+0000] {taskinstance.py:1406} INFO - Marking task as SUCCESS. dag_id=example_branch_operator, task_id=branching, execution_date=20231222T182633, start_date=20231222T182635, end_date=20231222T182635
[2023-12-22T18:26:35.847+0000] {local_task_job.py:164} INFO - Task exited with return code 0
[2023-12-22T18:26:35.872+0000] {local_task_job.py:273} INFO - 1 downstream tasks scheduled from follow-on schedule check
