[2023-12-24T13:28:27.931+0000] {taskinstance.py:1165} INFO - Dependencies all met for <TaskInstance: xcom_dag.t1 manual__2023-12-24T13:28:27.062265+00:00 [queued]>
[2023-12-24T13:28:27.936+0000] {taskinstance.py:1165} INFO - Dependencies all met for <TaskInstance: xcom_dag.t1 manual__2023-12-24T13:28:27.062265+00:00 [queued]>
[2023-12-24T13:28:27.937+0000] {taskinstance.py:1362} INFO - 
--------------------------------------------------------------------------------
[2023-12-24T13:28:27.937+0000] {taskinstance.py:1363} INFO - Starting attempt 1 of 1
[2023-12-24T13:28:27.937+0000] {taskinstance.py:1364} INFO - 
--------------------------------------------------------------------------------
[2023-12-24T13:28:27.943+0000] {taskinstance.py:1383} INFO - Executing <Task(PythonOperator): t1> on 2023-12-24 13:28:27.062265+00:00
[2023-12-24T13:28:27.947+0000] {standard_task_runner.py:55} INFO - Started process 7177 to run task
[2023-12-24T13:28:27.949+0000] {standard_task_runner.py:82} INFO - Running: ['***', 'tasks', 'run', 'xcom_dag', 't1', 'manual__2023-12-24T13:28:27.062265+00:00', '--job-id', '170', '--raw', '--subdir', 'DAGS_FOLDER/xcom_dag.py', '--cfg-path', '/tmp/tmpek10i44n']
[2023-12-24T13:28:27.949+0000] {standard_task_runner.py:83} INFO - Job 170: Subtask t1
[2023-12-24T13:28:27.981+0000] {task_command.py:376} INFO - Running <TaskInstance: xcom_dag.t1 manual__2023-12-24T13:28:27.062265+00:00 [running]> on host fd218fd35678
[2023-12-24T13:28:28.019+0000] {taskinstance.py:1592} INFO - Exporting the following env vars:
AIRFLOW_CTX_DAG_OWNER=***
AIRFLOW_CTX_DAG_ID=xcom_dag
AIRFLOW_CTX_TASK_ID=t1
AIRFLOW_CTX_EXECUTION_DATE=2023-12-24T13:28:27.062265+00:00
AIRFLOW_CTX_TRY_NUMBER=1
AIRFLOW_CTX_DAG_RUN_ID=manual__2023-12-24T13:28:27.062265+00:00
[2023-12-24T13:28:28.026+0000] {python.py:177} INFO - Done. Returned value was: None
[2023-12-24T13:28:28.032+0000] {taskinstance.py:1406} INFO - Marking task as SUCCESS. dag_id=xcom_dag, task_id=t1, execution_date=20231224T132827, start_date=20231224T132827, end_date=20231224T132828
[2023-12-24T13:28:28.045+0000] {local_task_job.py:164} INFO - Task exited with return code 0
[2023-12-24T13:28:28.062+0000] {local_task_job.py:273} INFO - 1 downstream tasks scheduled from follow-on schedule check
