[2023-12-23T14:04:59.897+0000] {taskinstance.py:1165} INFO - Dependencies all met for <TaskInstance: user_processing.is_api_available manual__2023-12-23T14:04:57.958851+00:00 [queued]>
[2023-12-23T14:04:59.902+0000] {taskinstance.py:1165} INFO - Dependencies all met for <TaskInstance: user_processing.is_api_available manual__2023-12-23T14:04:57.958851+00:00 [queued]>
[2023-12-23T14:04:59.903+0000] {taskinstance.py:1362} INFO - 
--------------------------------------------------------------------------------
[2023-12-23T14:04:59.903+0000] {taskinstance.py:1363} INFO - Starting attempt 1 of 1
[2023-12-23T14:04:59.903+0000] {taskinstance.py:1364} INFO - 
--------------------------------------------------------------------------------
[2023-12-23T14:04:59.911+0000] {taskinstance.py:1383} INFO - Executing <Task(HttpSensor): is_api_available> on 2023-12-23 14:04:57.958851+00:00
[2023-12-23T14:04:59.915+0000] {standard_task_runner.py:55} INFO - Started process 10958 to run task
[2023-12-23T14:04:59.918+0000] {standard_task_runner.py:82} INFO - Running: ['***', 'tasks', 'run', 'user_processing', 'is_api_available', 'manual__2023-12-23T14:04:57.958851+00:00', '--job-id', '79', '--raw', '--subdir', 'DAGS_FOLDER/user_processing.py', '--cfg-path', '/tmp/tmpeufo9zsq']
[2023-12-23T14:04:59.920+0000] {standard_task_runner.py:83} INFO - Job 79: Subtask is_api_available
[2023-12-23T14:04:59.964+0000] {task_command.py:376} INFO - Running <TaskInstance: user_processing.is_api_available manual__2023-12-23T14:04:57.958851+00:00 [running]> on host 29c739d23fae
[2023-12-23T14:05:00.006+0000] {taskinstance.py:1592} INFO - Exporting the following env vars:
AIRFLOW_CTX_DAG_OWNER=***
AIRFLOW_CTX_DAG_ID=user_processing
AIRFLOW_CTX_TASK_ID=is_api_available
AIRFLOW_CTX_EXECUTION_DATE=2023-12-23T14:04:57.958851+00:00
AIRFLOW_CTX_TRY_NUMBER=1
AIRFLOW_CTX_DAG_RUN_ID=manual__2023-12-23T14:04:57.958851+00:00
[2023-12-23T14:05:00.008+0000] {http.py:120} INFO - Poking: api/
[2023-12-23T14:05:00.016+0000] {base.py:71} INFO - Using connection ID 'user_api' for task execution.
[2023-12-23T14:05:00.017+0000] {http.py:148} INFO - Sending 'GET' to url: https://randomuser.me/api/
[2023-12-23T14:05:00.705+0000] {base.py:213} INFO - Success criteria met. Exiting.
[2023-12-23T14:05:00.718+0000] {taskinstance.py:1406} INFO - Marking task as SUCCESS. dag_id=user_processing, task_id=is_api_available, execution_date=20231223T140457, start_date=20231223T140459, end_date=20231223T140500
[2023-12-23T14:05:00.779+0000] {local_task_job.py:164} INFO - Task exited with return code 0
[2023-12-23T14:05:00.792+0000] {local_task_job.py:273} INFO - 0 downstream tasks scheduled from follow-on schedule check
