[2023-12-24T12:56:23.824+0000] {taskinstance.py:1165} INFO - Dependencies all met for <TaskInstance: group_dag.downloads.download_c manual__2023-12-24T12:56:23.245714+00:00 [queued]>
[2023-12-24T12:56:23.830+0000] {taskinstance.py:1165} INFO - Dependencies all met for <TaskInstance: group_dag.downloads.download_c manual__2023-12-24T12:56:23.245714+00:00 [queued]>
[2023-12-24T12:56:23.830+0000] {taskinstance.py:1362} INFO - 
--------------------------------------------------------------------------------
[2023-12-24T12:56:23.830+0000] {taskinstance.py:1363} INFO - Starting attempt 1 of 1
[2023-12-24T12:56:23.831+0000] {taskinstance.py:1364} INFO - 
--------------------------------------------------------------------------------
[2023-12-24T12:56:23.842+0000] {taskinstance.py:1383} INFO - Executing <Task(BashOperator): downloads.download_c> on 2023-12-24 12:56:23.245714+00:00
[2023-12-24T12:56:23.845+0000] {standard_task_runner.py:55} INFO - Started process 5545 to run task
[2023-12-24T12:56:23.848+0000] {standard_task_runner.py:82} INFO - Running: ['***', 'tasks', 'run', 'group_dag', 'downloads.download_c', 'manual__2023-12-24T12:56:23.245714+00:00', '--job-id', '159', '--raw', '--subdir', 'DAGS_FOLDER/group_dag.py', '--cfg-path', '/tmp/tmp6h615aeg']
[2023-12-24T12:56:23.849+0000] {standard_task_runner.py:83} INFO - Job 159: Subtask downloads.download_c
[2023-12-24T12:56:23.889+0000] {task_command.py:376} INFO - Running <TaskInstance: group_dag.downloads.download_c manual__2023-12-24T12:56:23.245714+00:00 [running]> on host fd218fd35678
[2023-12-24T12:56:23.937+0000] {taskinstance.py:1592} INFO - Exporting the following env vars:
AIRFLOW_CTX_DAG_OWNER=***
AIRFLOW_CTX_DAG_ID=group_dag
AIRFLOW_CTX_TASK_ID=downloads.download_c
AIRFLOW_CTX_EXECUTION_DATE=2023-12-24T12:56:23.245714+00:00
AIRFLOW_CTX_TRY_NUMBER=1
AIRFLOW_CTX_DAG_RUN_ID=manual__2023-12-24T12:56:23.245714+00:00
[2023-12-24T12:56:23.938+0000] {subprocess.py:63} INFO - Tmp dir root location: 
 /tmp
[2023-12-24T12:56:23.939+0000] {subprocess.py:75} INFO - Running command: ['/bin/bash', '-c', 'sleep 10']
[2023-12-24T12:56:23.947+0000] {subprocess.py:86} INFO - Output:
[2023-12-24T12:56:33.952+0000] {subprocess.py:97} INFO - Command exited with return code 0
[2023-12-24T12:56:33.972+0000] {taskinstance.py:1406} INFO - Marking task as SUCCESS. dag_id=group_dag, task_id=downloads.download_c, execution_date=20231224T125623, start_date=20231224T125623, end_date=20231224T125633
[2023-12-24T12:56:34.010+0000] {local_task_job.py:164} INFO - Task exited with return code 0
[2023-12-24T12:56:34.028+0000] {local_task_job.py:273} INFO - 0 downstream tasks scheduled from follow-on schedule check
