[2023-12-24T14:03:31.959+0000] {taskinstance.py:1165} INFO - Dependencies all met for <TaskInstance: xcom_dag.branch manual__2023-12-24T14:03:30.010967+00:00 [queued]>
[2023-12-24T14:03:31.964+0000] {taskinstance.py:1165} INFO - Dependencies all met for <TaskInstance: xcom_dag.branch manual__2023-12-24T14:03:30.010967+00:00 [queued]>
[2023-12-24T14:03:31.964+0000] {taskinstance.py:1362} INFO - 
--------------------------------------------------------------------------------
[2023-12-24T14:03:31.964+0000] {taskinstance.py:1363} INFO - Starting attempt 1 of 1
[2023-12-24T14:03:31.964+0000] {taskinstance.py:1364} INFO - 
--------------------------------------------------------------------------------
[2023-12-24T14:03:31.971+0000] {taskinstance.py:1383} INFO - Executing <Task(BranchPythonOperator): branch> on 2023-12-24 14:03:30.010967+00:00
[2023-12-24T14:03:31.974+0000] {standard_task_runner.py:55} INFO - Started process 7923 to run task
[2023-12-24T14:03:31.977+0000] {standard_task_runner.py:82} INFO - Running: ['***', 'tasks', 'run', 'xcom_dag', 'branch', 'manual__2023-12-24T14:03:30.010967+00:00', '--job-id', '177', '--raw', '--subdir', 'DAGS_FOLDER/xcom_dag.py', '--cfg-path', '/tmp/tmpchp6i596']
[2023-12-24T14:03:31.977+0000] {standard_task_runner.py:83} INFO - Job 177: Subtask branch
[2023-12-24T14:03:32.012+0000] {task_command.py:376} INFO - Running <TaskInstance: xcom_dag.branch manual__2023-12-24T14:03:30.010967+00:00 [running]> on host fd218fd35678
[2023-12-24T14:03:32.048+0000] {taskinstance.py:1592} INFO - Exporting the following env vars:
AIRFLOW_CTX_DAG_OWNER=***
AIRFLOW_CTX_DAG_ID=xcom_dag
AIRFLOW_CTX_TASK_ID=branch
AIRFLOW_CTX_EXECUTION_DATE=2023-12-24T14:03:30.010967+00:00
AIRFLOW_CTX_TRY_NUMBER=1
AIRFLOW_CTX_DAG_RUN_ID=manual__2023-12-24T14:03:30.010967+00:00
[2023-12-24T14:03:32.055+0000] {python.py:177} INFO - Done. Returned value was: t2
[2023-12-24T14:03:32.055+0000] {skipmixin.py:155} INFO - Following branch t2
[2023-12-24T14:03:32.056+0000] {skipmixin.py:190} INFO - Skipping tasks ['t3']
[2023-12-24T14:03:32.077+0000] {taskinstance.py:1406} INFO - Marking task as SUCCESS. dag_id=xcom_dag, task_id=branch, execution_date=20231224T140330, start_date=20231224T140331, end_date=20231224T140332
[2023-12-24T14:03:32.111+0000] {local_task_job.py:164} INFO - Task exited with return code 0
[2023-12-24T14:03:32.130+0000] {local_task_job.py:273} INFO - 1 downstream tasks scheduled from follow-on schedule check
