[2023-12-23T15:32:52.812+0000] {taskinstance.py:1165} INFO - Dependencies all met for <TaskInstance: user_processing.extract_user manual__2023-12-23T15:32:48.244461+00:00 [queued]>
[2023-12-23T15:32:52.819+0000] {taskinstance.py:1165} INFO - Dependencies all met for <TaskInstance: user_processing.extract_user manual__2023-12-23T15:32:48.244461+00:00 [queued]>
[2023-12-23T15:32:52.820+0000] {taskinstance.py:1362} INFO - 
--------------------------------------------------------------------------------
[2023-12-23T15:32:52.820+0000] {taskinstance.py:1363} INFO - Starting attempt 1 of 1
[2023-12-23T15:32:52.820+0000] {taskinstance.py:1364} INFO - 
--------------------------------------------------------------------------------
[2023-12-23T15:32:52.827+0000] {taskinstance.py:1383} INFO - Executing <Task(SimpleHttpOperator): extract_user> on 2023-12-23 15:32:48.244461+00:00
[2023-12-23T15:32:52.831+0000] {standard_task_runner.py:55} INFO - Started process 14255 to run task
[2023-12-23T15:32:52.834+0000] {standard_task_runner.py:82} INFO - Running: ['***', 'tasks', 'run', 'user_processing', 'extract_user', 'manual__2023-12-23T15:32:48.244461+00:00', '--job-id', '99', '--raw', '--subdir', 'DAGS_FOLDER/user_processing.py', '--cfg-path', '/tmp/tmpxkh7v54p']
[2023-12-23T15:32:52.836+0000] {standard_task_runner.py:83} INFO - Job 99: Subtask extract_user
[2023-12-23T15:32:52.876+0000] {task_command.py:376} INFO - Running <TaskInstance: user_processing.extract_user manual__2023-12-23T15:32:48.244461+00:00 [running]> on host 29c739d23fae
[2023-12-23T15:32:52.913+0000] {taskinstance.py:1592} INFO - Exporting the following env vars:
AIRFLOW_CTX_DAG_OWNER=***
AIRFLOW_CTX_DAG_ID=user_processing
AIRFLOW_CTX_TASK_ID=extract_user
AIRFLOW_CTX_EXECUTION_DATE=2023-12-23T15:32:48.244461+00:00
AIRFLOW_CTX_TRY_NUMBER=1
AIRFLOW_CTX_DAG_RUN_ID=manual__2023-12-23T15:32:48.244461+00:00
[2023-12-23T15:32:52.913+0000] {http.py:121} INFO - Calling HTTP method
[2023-12-23T15:32:52.918+0000] {base.py:71} INFO - Using connection ID 'user_api' for task execution.
[2023-12-23T15:32:52.919+0000] {http.py:148} INFO - Sending 'GET' to url: https://randomuser.me/api/
[2023-12-23T15:32:53.569+0000] {http.py:125} INFO - {"results":[{"gender":"female","name":{"title":"Ms","first":"Claire","last":"Griffin"},"location":{"street":{"number":6550,"name":"Manor Road"},"city":"Ratoath","state":"Offaly","country":"Ireland","postcode":39543,"coordinates":{"latitude":"-2.1023","longitude":"94.5231"},"timezone":{"offset":"-3:30","description":"Newfoundland"}},"email":"claire.griffin@example.com","login":{"uuid":"45f5a6cb-5809-43e9-ae92-2db269c4d025","username":"blackdog841","password":"marc","salt":"FbLm3LA4","md5":"23924afd93c731f866855940817f5e69","sha1":"5d9027eb1c689da561eb05c2a4b1d2e48d51f745","sha256":"20f1d567a0fccaccda6b2ad35c999d0315a8f797f724b2dcc6021db4efda1240"},"dob":{"date":"1983-09-13T01:03:09.776Z","age":40},"registered":{"date":"2005-12-16T09:03:12.800Z","age":18},"phone":"051-828-0130","cell":"081-891-1872","id":{"name":"PPS","value":"3031746T"},"picture":{"large":"https://randomuser.me/api/portraits/women/41.jpg","medium":"https://randomuser.me/api/portraits/med/women/41.jpg","thumbnail":"https://randomuser.me/api/portraits/thumb/women/41.jpg"},"nat":"IE"}],"info":{"seed":"829ab4ee87bbcf4e","results":1,"page":1,"version":"1.4"}}
[2023-12-23T15:32:53.583+0000] {taskinstance.py:1406} INFO - Marking task as SUCCESS. dag_id=user_processing, task_id=extract_user, execution_date=20231223T153248, start_date=20231223T153252, end_date=20231223T153253
[2023-12-23T15:32:53.610+0000] {local_task_job.py:164} INFO - Task exited with return code 0
[2023-12-23T15:32:53.629+0000] {local_task_job.py:273} INFO - 1 downstream tasks scheduled from follow-on schedule check
