[2023-12-24T00:43:36.278+0000] {taskinstance.py:1165} INFO - Dependencies all met for <TaskInstance: producer.update_dataset scheduled__2023-12-23T00:00:00+00:00 [queued]>
[2023-12-24T00:43:36.294+0000] {taskinstance.py:1165} INFO - Dependencies all met for <TaskInstance: producer.update_dataset scheduled__2023-12-23T00:00:00+00:00 [queued]>
[2023-12-24T00:43:36.296+0000] {taskinstance.py:1362} INFO - 
--------------------------------------------------------------------------------
[2023-12-24T00:43:36.297+0000] {taskinstance.py:1363} INFO - Starting attempt 1 of 1
[2023-12-24T00:43:36.298+0000] {taskinstance.py:1364} INFO - 
--------------------------------------------------------------------------------
[2023-12-24T00:43:36.328+0000] {taskinstance.py:1383} INFO - Executing <Task(_PythonDecoratedOperator): update_dataset> on 2023-12-23 00:00:00+00:00
[2023-12-24T00:43:36.333+0000] {standard_task_runner.py:55} INFO - Started process 21739 to run task
[2023-12-24T00:43:36.339+0000] {standard_task_runner.py:82} INFO - Running: ['***', 'tasks', 'run', 'producer', 'update_dataset', 'scheduled__2023-12-23T00:00:00+00:00', '--job-id', '107', '--raw', '--subdir', 'DAGS_FOLDER/producer.py', '--cfg-path', '/tmp/tmp29tg2799']
[2023-12-24T00:43:36.356+0000] {standard_task_runner.py:83} INFO - Job 107: Subtask update_dataset
[2023-12-24T00:43:36.512+0000] {task_command.py:376} INFO - Running <TaskInstance: producer.update_dataset scheduled__2023-12-23T00:00:00+00:00 [running]> on host 29c739d23fae
[2023-12-24T00:43:36.621+0000] {taskinstance.py:1592} INFO - Exporting the following env vars:
AIRFLOW_CTX_DAG_OWNER=***
AIRFLOW_CTX_DAG_ID=producer
AIRFLOW_CTX_TASK_ID=update_dataset
AIRFLOW_CTX_EXECUTION_DATE=2023-12-23T00:00:00+00:00
AIRFLOW_CTX_TRY_NUMBER=1
AIRFLOW_CTX_DAG_RUN_ID=scheduled__2023-12-23T00:00:00+00:00
[2023-12-24T00:43:36.630+0000] {python.py:177} INFO - Done. Returned value was: None
[2023-12-24T00:43:36.636+0000] {warnings.py:110} WARNING - /home/***/.local/lib/python3.7/site-packages/***/models/baseoperator.py:1390: RemovedInAirflow3Warning: Passing 'execution_date' to 'TaskInstance.xcom_push()' is deprecated.
  context['ti'].xcom_push(key=key, value=value, execution_date=execution_date)

[2023-12-24T00:43:36.666+0000] {taskinstance.py:1406} INFO - Marking task as SUCCESS. dag_id=producer, task_id=update_dataset, execution_date=20231223T000000, start_date=20231224T004336, end_date=20231224T004336
[2023-12-24T00:43:36.723+0000] {local_task_job.py:164} INFO - Task exited with return code 0
[2023-12-24T00:43:36.760+0000] {local_task_job.py:273} INFO - 0 downstream tasks scheduled from follow-on schedule check
