[2023-12-23T15:32:18.322+0000] {taskinstance.py:1165} INFO - Dependencies all met for <TaskInstance: user_processing.extract_user manual__2023-12-23T15:32:15.138507+00:00 [queued]>
[2023-12-23T15:32:18.328+0000] {taskinstance.py:1165} INFO - Dependencies all met for <TaskInstance: user_processing.extract_user manual__2023-12-23T15:32:15.138507+00:00 [queued]>
[2023-12-23T15:32:18.328+0000] {taskinstance.py:1362} INFO - 
--------------------------------------------------------------------------------
[2023-12-23T15:32:18.328+0000] {taskinstance.py:1363} INFO - Starting attempt 1 of 1
[2023-12-23T15:32:18.328+0000] {taskinstance.py:1364} INFO - 
--------------------------------------------------------------------------------
[2023-12-23T15:32:18.335+0000] {taskinstance.py:1383} INFO - Executing <Task(SimpleHttpOperator): extract_user> on 2023-12-23 15:32:15.138507+00:00
[2023-12-23T15:32:18.338+0000] {standard_task_runner.py:55} INFO - Started process 14204 to run task
[2023-12-23T15:32:18.341+0000] {standard_task_runner.py:82} INFO - Running: ['***', 'tasks', 'run', 'user_processing', 'extract_user', 'manual__2023-12-23T15:32:15.138507+00:00', '--job-id', '94', '--raw', '--subdir', 'DAGS_FOLDER/user_processing.py', '--cfg-path', '/tmp/tmp3huh3naf']
[2023-12-23T15:32:18.342+0000] {standard_task_runner.py:83} INFO - Job 94: Subtask extract_user
[2023-12-23T15:32:18.376+0000] {task_command.py:376} INFO - Running <TaskInstance: user_processing.extract_user manual__2023-12-23T15:32:15.138507+00:00 [running]> on host 29c739d23fae
[2023-12-23T15:32:18.410+0000] {taskinstance.py:1592} INFO - Exporting the following env vars:
AIRFLOW_CTX_DAG_OWNER=***
AIRFLOW_CTX_DAG_ID=user_processing
AIRFLOW_CTX_TASK_ID=extract_user
AIRFLOW_CTX_EXECUTION_DATE=2023-12-23T15:32:15.138507+00:00
AIRFLOW_CTX_TRY_NUMBER=1
AIRFLOW_CTX_DAG_RUN_ID=manual__2023-12-23T15:32:15.138507+00:00
[2023-12-23T15:32:18.410+0000] {http.py:121} INFO - Calling HTTP method
[2023-12-23T15:32:18.415+0000] {base.py:71} INFO - Using connection ID 'user_api' for task execution.
[2023-12-23T15:32:18.416+0000] {http.py:148} INFO - Sending 'GET' to url: https://randomuser.me/api/
[2023-12-23T15:32:19.369+0000] {http.py:125} INFO - {"results":[{"gender":"female","name":{"title":"Miss","first":"Ilse","last":"Fonseca"},"location":{"street":{"number":4384,"name":"Periférico Norte Rendón"},"city":"Donato Guerra","state":"Quintana Roo","country":"Mexico","postcode":20197,"coordinates":{"latitude":"26.9437","longitude":"60.0559"},"timezone":{"offset":"-9:00","description":"Alaska"}},"email":"ilse.fonseca@example.com","login":{"uuid":"75127c3b-1008-48f7-8b12-e119cd7745e3","username":"blacktiger198","password":"amber","salt":"dcHH0BGS","md5":"f486cacf8b4b44f918c64c1d80158e06","sha1":"32d515ca0ed6d7c57ef7c6c60f2cba1a7ce85a3f","sha256":"51c9b8fb856093f04db48465348975c3270cb480a6fdb494b33e3118270ff832"},"dob":{"date":"1949-04-10T19:57:12.656Z","age":74},"registered":{"date":"2013-09-11T23:16:56.978Z","age":10},"phone":"(684) 433 9299","cell":"(677) 606 0821","id":{"name":"NSS","value":"65 25 33 4042 3"},"picture":{"large":"https://randomuser.me/api/portraits/women/77.jpg","medium":"https://randomuser.me/api/portraits/med/women/77.jpg","thumbnail":"https://randomuser.me/api/portraits/thumb/women/77.jpg"},"nat":"MX"}],"info":{"seed":"0da443907cc7071f","results":1,"page":1,"version":"1.4"}}
[2023-12-23T15:32:19.408+0000] {taskinstance.py:1406} INFO - Marking task as SUCCESS. dag_id=user_processing, task_id=extract_user, execution_date=20231223T153215, start_date=20231223T153218, end_date=20231223T153219
[2023-12-23T15:32:19.446+0000] {local_task_job.py:164} INFO - Task exited with return code 0
[2023-12-23T15:32:19.468+0000] {local_task_job.py:273} INFO - 1 downstream tasks scheduled from follow-on schedule check
