[2023-12-23T18:06:59.881+0000] {processor.py:154} INFO - Started process (PID=47973) to work on /opt/airflow/dags/producer.py
[2023-12-23T18:06:59.882+0000] {processor.py:756} INFO - Processing file /opt/airflow/dags/producer.py for tasks to queue
[2023-12-23T18:06:59.883+0000] {logging_mixin.py:120} INFO - [2023-12-23T18:06:59.883+0000] {dagbag.py:537} INFO - Filling up the DagBag from /opt/airflow/dags/producer.py
[2023-12-23T18:06:59.897+0000] {processor.py:768} WARNING - No viable dags retrieved from /opt/airflow/dags/producer.py
[2023-12-23T18:06:59.908+0000] {processor.py:176} INFO - Processing /opt/airflow/dags/producer.py took 0.031 seconds
[2023-12-23T18:07:24.211+0000] {processor.py:154} INFO - Started process (PID=48020) to work on /opt/airflow/dags/producer.py
[2023-12-23T18:07:24.212+0000] {processor.py:756} INFO - Processing file /opt/airflow/dags/producer.py for tasks to queue
[2023-12-23T18:07:24.212+0000] {logging_mixin.py:120} INFO - [2023-12-23T18:07:24.212+0000] {dagbag.py:537} INFO - Filling up the DagBag from /opt/airflow/dags/producer.py
[2023-12-23T18:07:24.224+0000] {processor.py:768} WARNING - No viable dags retrieved from /opt/airflow/dags/producer.py
[2023-12-23T18:07:24.236+0000] {processor.py:176} INFO - Processing /opt/airflow/dags/producer.py took 0.027 seconds
[2023-12-23T18:07:54.330+0000] {processor.py:154} INFO - Started process (PID=48077) to work on /opt/airflow/dags/producer.py
[2023-12-23T18:07:54.332+0000] {processor.py:756} INFO - Processing file /opt/airflow/dags/producer.py for tasks to queue
[2023-12-23T18:07:54.333+0000] {logging_mixin.py:120} INFO - [2023-12-23T18:07:54.333+0000] {dagbag.py:537} INFO - Filling up the DagBag from /opt/airflow/dags/producer.py
[2023-12-23T18:07:54.349+0000] {processor.py:768} WARNING - No viable dags retrieved from /opt/airflow/dags/producer.py
[2023-12-23T18:07:54.361+0000] {processor.py:176} INFO - Processing /opt/airflow/dags/producer.py took 0.036 seconds
[2023-12-23T18:08:24.519+0000] {processor.py:154} INFO - Started process (PID=48143) to work on /opt/airflow/dags/producer.py
[2023-12-23T18:08:24.521+0000] {processor.py:756} INFO - Processing file /opt/airflow/dags/producer.py for tasks to queue
[2023-12-23T18:08:24.523+0000] {logging_mixin.py:120} INFO - [2023-12-23T18:08:24.522+0000] {dagbag.py:537} INFO - Filling up the DagBag from /opt/airflow/dags/producer.py
[2023-12-23T18:08:24.540+0000] {processor.py:768} WARNING - No viable dags retrieved from /opt/airflow/dags/producer.py
[2023-12-23T18:08:24.551+0000] {processor.py:176} INFO - Processing /opt/airflow/dags/producer.py took 0.038 seconds
[2023-12-23T18:08:54.839+0000] {processor.py:154} INFO - Started process (PID=48207) to work on /opt/airflow/dags/producer.py
[2023-12-23T18:08:54.841+0000] {processor.py:756} INFO - Processing file /opt/airflow/dags/producer.py for tasks to queue
[2023-12-23T18:08:54.842+0000] {logging_mixin.py:120} INFO - [2023-12-23T18:08:54.842+0000] {dagbag.py:537} INFO - Filling up the DagBag from /opt/airflow/dags/producer.py
[2023-12-23T18:08:54.865+0000] {processor.py:768} WARNING - No viable dags retrieved from /opt/airflow/dags/producer.py
[2023-12-23T18:08:54.879+0000] {processor.py:176} INFO - Processing /opt/airflow/dags/producer.py took 0.048 seconds
[2023-12-23T18:08:58.983+0000] {processor.py:154} INFO - Started process (PID=48226) to work on /opt/airflow/dags/producer.py
[2023-12-23T18:08:58.983+0000] {processor.py:756} INFO - Processing file /opt/airflow/dags/producer.py for tasks to queue
[2023-12-23T18:08:58.984+0000] {logging_mixin.py:120} INFO - [2023-12-23T18:08:58.984+0000] {dagbag.py:537} INFO - Filling up the DagBag from /opt/airflow/dags/producer.py
[2023-12-23T18:08:58.988+0000] {logging_mixin.py:120} INFO - [2023-12-23T18:08:58.987+0000] {dagbag.py:342} ERROR - Failed to import: /opt/airflow/dags/producer.py
Traceback (most recent call last):
  File "/home/airflow/.local/lib/python3.7/site-packages/airflow/models/dagbag.py", line 338, in parse
    loader.exec_module(new_module)
  File "<frozen importlib._bootstrap_external>", line 724, in exec_module
  File "<frozen importlib._bootstrap_external>", line 860, in get_code
  File "<frozen importlib._bootstrap_external>", line 791, in source_to_code
  File "<frozen importlib._bootstrap>", line 219, in _call_with_frames_removed
  File "/opt/airflow/dags/producer.py", line 13
    )
    ^
SyntaxError: invalid syntax
[2023-12-23T18:08:58.988+0000] {processor.py:768} WARNING - No viable dags retrieved from /opt/airflow/dags/producer.py
[2023-12-23T18:08:59.000+0000] {processor.py:176} INFO - Processing /opt/airflow/dags/producer.py took 0.021 seconds
[2023-12-23T18:09:29.377+0000] {processor.py:154} INFO - Started process (PID=48291) to work on /opt/airflow/dags/producer.py
[2023-12-23T18:09:29.379+0000] {processor.py:756} INFO - Processing file /opt/airflow/dags/producer.py for tasks to queue
[2023-12-23T18:09:29.380+0000] {logging_mixin.py:120} INFO - [2023-12-23T18:09:29.380+0000] {dagbag.py:537} INFO - Filling up the DagBag from /opt/airflow/dags/producer.py
[2023-12-23T18:09:29.387+0000] {logging_mixin.py:120} INFO - [2023-12-23T18:09:29.386+0000] {dagbag.py:342} ERROR - Failed to import: /opt/airflow/dags/producer.py
Traceback (most recent call last):
  File "/home/airflow/.local/lib/python3.7/site-packages/airflow/models/dagbag.py", line 338, in parse
    loader.exec_module(new_module)
  File "<frozen importlib._bootstrap_external>", line 724, in exec_module
  File "<frozen importlib._bootstrap_external>", line 860, in get_code
  File "<frozen importlib._bootstrap_external>", line 791, in source_to_code
  File "<frozen importlib._bootstrap>", line 219, in _call_with_frames_removed
  File "/opt/airflow/dags/producer.py", line 13
    )
    ^
SyntaxError: invalid syntax
[2023-12-23T18:09:29.388+0000] {processor.py:768} WARNING - No viable dags retrieved from /opt/airflow/dags/producer.py
[2023-12-23T18:09:29.404+0000] {processor.py:176} INFO - Processing /opt/airflow/dags/producer.py took 0.033 seconds
[2023-12-23T18:09:59.522+0000] {processor.py:154} INFO - Started process (PID=48357) to work on /opt/airflow/dags/producer.py
[2023-12-23T18:09:59.524+0000] {processor.py:756} INFO - Processing file /opt/airflow/dags/producer.py for tasks to queue
[2023-12-23T18:09:59.525+0000] {logging_mixin.py:120} INFO - [2023-12-23T18:09:59.525+0000] {dagbag.py:537} INFO - Filling up the DagBag from /opt/airflow/dags/producer.py
[2023-12-23T18:09:59.532+0000] {logging_mixin.py:120} INFO - [2023-12-23T18:09:59.531+0000] {dagbag.py:342} ERROR - Failed to import: /opt/airflow/dags/producer.py
Traceback (most recent call last):
  File "/home/airflow/.local/lib/python3.7/site-packages/airflow/models/dagbag.py", line 338, in parse
    loader.exec_module(new_module)
  File "<frozen importlib._bootstrap_external>", line 724, in exec_module
  File "<frozen importlib._bootstrap_external>", line 860, in get_code
  File "<frozen importlib._bootstrap_external>", line 791, in source_to_code
  File "<frozen importlib._bootstrap>", line 219, in _call_with_frames_removed
  File "/opt/airflow/dags/producer.py", line 13
    )
    ^
SyntaxError: invalid syntax
[2023-12-23T18:09:59.533+0000] {processor.py:768} WARNING - No viable dags retrieved from /opt/airflow/dags/producer.py
[2023-12-23T18:09:59.553+0000] {processor.py:176} INFO - Processing /opt/airflow/dags/producer.py took 0.036 seconds
[2023-12-23T18:10:29.832+0000] {processor.py:154} INFO - Started process (PID=48423) to work on /opt/airflow/dags/producer.py
[2023-12-23T18:10:29.834+0000] {processor.py:756} INFO - Processing file /opt/airflow/dags/producer.py for tasks to queue
[2023-12-23T18:10:29.835+0000] {logging_mixin.py:120} INFO - [2023-12-23T18:10:29.835+0000] {dagbag.py:537} INFO - Filling up the DagBag from /opt/airflow/dags/producer.py
[2023-12-23T18:10:29.841+0000] {logging_mixin.py:120} INFO - [2023-12-23T18:10:29.840+0000] {dagbag.py:342} ERROR - Failed to import: /opt/airflow/dags/producer.py
Traceback (most recent call last):
  File "/home/airflow/.local/lib/python3.7/site-packages/airflow/models/dagbag.py", line 338, in parse
    loader.exec_module(new_module)
  File "<frozen importlib._bootstrap_external>", line 724, in exec_module
  File "<frozen importlib._bootstrap_external>", line 860, in get_code
  File "<frozen importlib._bootstrap_external>", line 791, in source_to_code
  File "<frozen importlib._bootstrap>", line 219, in _call_with_frames_removed
  File "/opt/airflow/dags/producer.py", line 13
    )
    ^
SyntaxError: invalid syntax
[2023-12-23T18:10:29.842+0000] {processor.py:768} WARNING - No viable dags retrieved from /opt/airflow/dags/producer.py
[2023-12-23T18:10:29.857+0000] {processor.py:176} INFO - Processing /opt/airflow/dags/producer.py took 0.030 seconds
[2023-12-23T18:11:00.470+0000] {processor.py:154} INFO - Started process (PID=48489) to work on /opt/airflow/dags/producer.py
[2023-12-23T18:11:00.472+0000] {processor.py:756} INFO - Processing file /opt/airflow/dags/producer.py for tasks to queue
[2023-12-23T18:11:00.473+0000] {logging_mixin.py:120} INFO - [2023-12-23T18:11:00.473+0000] {dagbag.py:537} INFO - Filling up the DagBag from /opt/airflow/dags/producer.py
[2023-12-23T18:11:00.482+0000] {logging_mixin.py:120} INFO - [2023-12-23T18:11:00.480+0000] {dagbag.py:342} ERROR - Failed to import: /opt/airflow/dags/producer.py
Traceback (most recent call last):
  File "/home/airflow/.local/lib/python3.7/site-packages/airflow/models/dagbag.py", line 338, in parse
    loader.exec_module(new_module)
  File "<frozen importlib._bootstrap_external>", line 724, in exec_module
  File "<frozen importlib._bootstrap_external>", line 860, in get_code
  File "<frozen importlib._bootstrap_external>", line 791, in source_to_code
  File "<frozen importlib._bootstrap>", line 219, in _call_with_frames_removed
  File "/opt/airflow/dags/producer.py", line 13
    )
    ^
SyntaxError: invalid syntax
[2023-12-23T18:11:00.483+0000] {processor.py:768} WARNING - No viable dags retrieved from /opt/airflow/dags/producer.py
[2023-12-23T18:11:00.505+0000] {processor.py:176} INFO - Processing /opt/airflow/dags/producer.py took 0.041 seconds
[2023-12-23T18:11:31.023+0000] {processor.py:154} INFO - Started process (PID=48555) to work on /opt/airflow/dags/producer.py
[2023-12-23T18:11:31.024+0000] {processor.py:756} INFO - Processing file /opt/airflow/dags/producer.py for tasks to queue
[2023-12-23T18:11:31.025+0000] {logging_mixin.py:120} INFO - [2023-12-23T18:11:31.025+0000] {dagbag.py:537} INFO - Filling up the DagBag from /opt/airflow/dags/producer.py
[2023-12-23T18:11:31.032+0000] {logging_mixin.py:120} INFO - [2023-12-23T18:11:31.030+0000] {dagbag.py:342} ERROR - Failed to import: /opt/airflow/dags/producer.py
Traceback (most recent call last):
  File "/home/airflow/.local/lib/python3.7/site-packages/airflow/models/dagbag.py", line 338, in parse
    loader.exec_module(new_module)
  File "<frozen importlib._bootstrap_external>", line 724, in exec_module
  File "<frozen importlib._bootstrap_external>", line 860, in get_code
  File "<frozen importlib._bootstrap_external>", line 791, in source_to_code
  File "<frozen importlib._bootstrap>", line 219, in _call_with_frames_removed
  File "/opt/airflow/dags/producer.py", line 13
    )
    ^
SyntaxError: invalid syntax
[2023-12-23T18:11:31.032+0000] {processor.py:768} WARNING - No viable dags retrieved from /opt/airflow/dags/producer.py
[2023-12-23T18:11:31.051+0000] {processor.py:176} INFO - Processing /opt/airflow/dags/producer.py took 0.032 seconds
[2023-12-23T18:12:01.370+0000] {processor.py:154} INFO - Started process (PID=48612) to work on /opt/airflow/dags/producer.py
[2023-12-23T18:12:01.371+0000] {processor.py:756} INFO - Processing file /opt/airflow/dags/producer.py for tasks to queue
[2023-12-23T18:12:01.371+0000] {logging_mixin.py:120} INFO - [2023-12-23T18:12:01.371+0000] {dagbag.py:537} INFO - Filling up the DagBag from /opt/airflow/dags/producer.py
[2023-12-23T18:12:01.375+0000] {logging_mixin.py:120} INFO - [2023-12-23T18:12:01.374+0000] {dagbag.py:342} ERROR - Failed to import: /opt/airflow/dags/producer.py
Traceback (most recent call last):
  File "/home/airflow/.local/lib/python3.7/site-packages/airflow/models/dagbag.py", line 338, in parse
    loader.exec_module(new_module)
  File "<frozen importlib._bootstrap_external>", line 724, in exec_module
  File "<frozen importlib._bootstrap_external>", line 860, in get_code
  File "<frozen importlib._bootstrap_external>", line 791, in source_to_code
  File "<frozen importlib._bootstrap>", line 219, in _call_with_frames_removed
  File "/opt/airflow/dags/producer.py", line 13
    )
    ^
SyntaxError: invalid syntax
[2023-12-23T18:12:01.376+0000] {processor.py:768} WARNING - No viable dags retrieved from /opt/airflow/dags/producer.py
[2023-12-23T18:12:01.391+0000] {processor.py:176} INFO - Processing /opt/airflow/dags/producer.py took 0.025 seconds
[2023-12-23T18:12:31.553+0000] {processor.py:154} INFO - Started process (PID=48678) to work on /opt/airflow/dags/producer.py
[2023-12-23T18:12:31.555+0000] {processor.py:756} INFO - Processing file /opt/airflow/dags/producer.py for tasks to queue
[2023-12-23T18:12:31.557+0000] {logging_mixin.py:120} INFO - [2023-12-23T18:12:31.557+0000] {dagbag.py:537} INFO - Filling up the DagBag from /opt/airflow/dags/producer.py
[2023-12-23T18:12:31.563+0000] {logging_mixin.py:120} INFO - [2023-12-23T18:12:31.562+0000] {dagbag.py:342} ERROR - Failed to import: /opt/airflow/dags/producer.py
Traceback (most recent call last):
  File "/home/airflow/.local/lib/python3.7/site-packages/airflow/models/dagbag.py", line 338, in parse
    loader.exec_module(new_module)
  File "<frozen importlib._bootstrap_external>", line 724, in exec_module
  File "<frozen importlib._bootstrap_external>", line 860, in get_code
  File "<frozen importlib._bootstrap_external>", line 791, in source_to_code
  File "<frozen importlib._bootstrap>", line 219, in _call_with_frames_removed
  File "/opt/airflow/dags/producer.py", line 13
    )
    ^
SyntaxError: invalid syntax
[2023-12-23T18:12:31.564+0000] {processor.py:768} WARNING - No viable dags retrieved from /opt/airflow/dags/producer.py
[2023-12-23T18:12:31.584+0000] {processor.py:176} INFO - Processing /opt/airflow/dags/producer.py took 0.037 seconds
[2023-12-23T18:12:41.641+0000] {processor.py:154} INFO - Started process (PID=48708) to work on /opt/airflow/dags/producer.py
[2023-12-23T18:12:41.642+0000] {processor.py:756} INFO - Processing file /opt/airflow/dags/producer.py for tasks to queue
[2023-12-23T18:12:41.643+0000] {logging_mixin.py:120} INFO - [2023-12-23T18:12:41.643+0000] {dagbag.py:537} INFO - Filling up the DagBag from /opt/airflow/dags/producer.py
[2023-12-23T18:12:41.661+0000] {processor.py:766} INFO - DAG(s) dict_keys(['producer']) retrieved from /opt/airflow/dags/producer.py
[2023-12-23T18:12:41.819+0000] {logging_mixin.py:120} INFO - [2023-12-23T18:12:41.819+0000] {manager.py:507} INFO - Created Permission View: can read on DAG:producer
[2023-12-23T18:12:41.823+0000] {logging_mixin.py:120} INFO - [2023-12-23T18:12:41.823+0000] {manager.py:507} INFO - Created Permission View: can edit on DAG:producer
[2023-12-23T18:12:41.826+0000] {logging_mixin.py:120} INFO - [2023-12-23T18:12:41.826+0000] {manager.py:507} INFO - Created Permission View: can delete on DAG:producer
[2023-12-23T18:12:41.826+0000] {logging_mixin.py:120} INFO - [2023-12-23T18:12:41.826+0000] {dag.py:2585} INFO - Sync 1 DAGs
[2023-12-23T18:12:41.832+0000] {logging_mixin.py:120} INFO - [2023-12-23T18:12:41.831+0000] {dag.py:2606} INFO - Creating ORM DAG for producer
[2023-12-23T18:12:41.837+0000] {logging_mixin.py:120} INFO - [2023-12-23T18:12:41.837+0000] {dag.py:3340} INFO - Setting next_dagrun for producer to 2023-12-23T00:00:00+00:00, run_after=2023-12-24T00:00:00+00:00
[2023-12-23T18:12:41.848+0000] {processor.py:176} INFO - Processing /opt/airflow/dags/producer.py took 0.210 seconds
[2023-12-23T18:13:11.886+0000] {processor.py:154} INFO - Started process (PID=48774) to work on /opt/airflow/dags/producer.py
[2023-12-23T18:13:11.888+0000] {processor.py:756} INFO - Processing file /opt/airflow/dags/producer.py for tasks to queue
[2023-12-23T18:13:11.890+0000] {logging_mixin.py:120} INFO - [2023-12-23T18:13:11.890+0000] {dagbag.py:537} INFO - Filling up the DagBag from /opt/airflow/dags/producer.py
[2023-12-23T18:13:11.918+0000] {processor.py:766} INFO - DAG(s) dict_keys(['producer']) retrieved from /opt/airflow/dags/producer.py
[2023-12-23T18:13:11.943+0000] {logging_mixin.py:120} INFO - [2023-12-23T18:13:11.943+0000] {dag.py:2585} INFO - Sync 1 DAGs
[2023-12-23T18:13:11.957+0000] {logging_mixin.py:120} INFO - [2023-12-23T18:13:11.957+0000] {dag.py:3340} INFO - Setting next_dagrun for producer to 2023-12-23T00:00:00+00:00, run_after=2023-12-24T00:00:00+00:00
[2023-12-23T18:13:11.967+0000] {processor.py:176} INFO - Processing /opt/airflow/dags/producer.py took 0.087 seconds
[2023-12-23T18:13:19.000+0000] {processor.py:154} INFO - Started process (PID=48783) to work on /opt/airflow/dags/producer.py
[2023-12-23T18:13:19.001+0000] {processor.py:756} INFO - Processing file /opt/airflow/dags/producer.py for tasks to queue
[2023-12-23T18:13:19.002+0000] {logging_mixin.py:120} INFO - [2023-12-23T18:13:19.002+0000] {dagbag.py:537} INFO - Filling up the DagBag from /opt/airflow/dags/producer.py
[2023-12-23T18:13:19.032+0000] {processor.py:766} INFO - DAG(s) dict_keys(['producer']) retrieved from /opt/airflow/dags/producer.py
[2023-12-23T18:13:19.062+0000] {logging_mixin.py:120} INFO - [2023-12-23T18:13:19.062+0000] {dag.py:2585} INFO - Sync 1 DAGs
[2023-12-23T18:13:19.078+0000] {logging_mixin.py:120} INFO - [2023-12-23T18:13:19.078+0000] {dag.py:3340} INFO - Setting next_dagrun for producer to 2023-12-23T00:00:00+00:00, run_after=2023-12-24T00:00:00+00:00
[2023-12-23T18:13:19.093+0000] {processor.py:176} INFO - Processing /opt/airflow/dags/producer.py took 0.098 seconds
[2023-12-23T18:13:50.039+0000] {processor.py:154} INFO - Started process (PID=48849) to work on /opt/airflow/dags/producer.py
[2023-12-23T18:13:50.040+0000] {processor.py:756} INFO - Processing file /opt/airflow/dags/producer.py for tasks to queue
[2023-12-23T18:13:50.040+0000] {logging_mixin.py:120} INFO - [2023-12-23T18:13:50.040+0000] {dagbag.py:537} INFO - Filling up the DagBag from /opt/airflow/dags/producer.py
[2023-12-23T18:13:50.057+0000] {processor.py:766} INFO - DAG(s) dict_keys(['producer']) retrieved from /opt/airflow/dags/producer.py
[2023-12-23T18:13:50.082+0000] {logging_mixin.py:120} INFO - [2023-12-23T18:13:50.082+0000] {dag.py:2585} INFO - Sync 1 DAGs
[2023-12-23T18:13:50.098+0000] {logging_mixin.py:120} INFO - [2023-12-23T18:13:50.098+0000] {dag.py:3340} INFO - Setting next_dagrun for producer to 2023-12-23T00:00:00+00:00, run_after=2023-12-24T00:00:00+00:00
[2023-12-23T18:13:50.110+0000] {processor.py:176} INFO - Processing /opt/airflow/dags/producer.py took 0.073 seconds
[2023-12-23T18:14:20.172+0000] {processor.py:154} INFO - Started process (PID=48906) to work on /opt/airflow/dags/producer.py
[2023-12-23T18:14:20.173+0000] {processor.py:756} INFO - Processing file /opt/airflow/dags/producer.py for tasks to queue
[2023-12-23T18:14:20.174+0000] {logging_mixin.py:120} INFO - [2023-12-23T18:14:20.174+0000] {dagbag.py:537} INFO - Filling up the DagBag from /opt/airflow/dags/producer.py
[2023-12-23T18:14:20.198+0000] {processor.py:766} INFO - DAG(s) dict_keys(['producer']) retrieved from /opt/airflow/dags/producer.py
[2023-12-23T18:14:20.225+0000] {logging_mixin.py:120} INFO - [2023-12-23T18:14:20.224+0000] {dag.py:2585} INFO - Sync 1 DAGs
[2023-12-23T18:14:20.238+0000] {logging_mixin.py:120} INFO - [2023-12-23T18:14:20.238+0000] {dag.py:3340} INFO - Setting next_dagrun for producer to 2023-12-23T00:00:00+00:00, run_after=2023-12-24T00:00:00+00:00
[2023-12-23T18:14:20.249+0000] {processor.py:176} INFO - Processing /opt/airflow/dags/producer.py took 0.084 seconds
[2023-12-23T18:14:50.548+0000] {processor.py:154} INFO - Started process (PID=48972) to work on /opt/airflow/dags/producer.py
[2023-12-23T18:14:50.548+0000] {processor.py:756} INFO - Processing file /opt/airflow/dags/producer.py for tasks to queue
[2023-12-23T18:14:50.549+0000] {logging_mixin.py:120} INFO - [2023-12-23T18:14:50.549+0000] {dagbag.py:537} INFO - Filling up the DagBag from /opt/airflow/dags/producer.py
[2023-12-23T18:14:50.574+0000] {processor.py:766} INFO - DAG(s) dict_keys(['producer']) retrieved from /opt/airflow/dags/producer.py
[2023-12-23T18:14:50.605+0000] {logging_mixin.py:120} INFO - [2023-12-23T18:14:50.605+0000] {dag.py:2585} INFO - Sync 1 DAGs
[2023-12-23T18:14:50.620+0000] {logging_mixin.py:120} INFO - [2023-12-23T18:14:50.620+0000] {dag.py:3340} INFO - Setting next_dagrun for producer to 2023-12-23T00:00:00+00:00, run_after=2023-12-24T00:00:00+00:00
[2023-12-23T18:14:50.713+0000] {processor.py:176} INFO - Processing /opt/airflow/dags/producer.py took 0.169 seconds
[2023-12-23T18:15:20.758+0000] {processor.py:154} INFO - Started process (PID=49038) to work on /opt/airflow/dags/producer.py
[2023-12-23T18:15:20.759+0000] {processor.py:756} INFO - Processing file /opt/airflow/dags/producer.py for tasks to queue
[2023-12-23T18:15:20.760+0000] {logging_mixin.py:120} INFO - [2023-12-23T18:15:20.760+0000] {dagbag.py:537} INFO - Filling up the DagBag from /opt/airflow/dags/producer.py
[2023-12-23T18:15:20.781+0000] {processor.py:766} INFO - DAG(s) dict_keys(['producer']) retrieved from /opt/airflow/dags/producer.py
[2023-12-23T18:15:20.814+0000] {logging_mixin.py:120} INFO - [2023-12-23T18:15:20.814+0000] {dag.py:2585} INFO - Sync 1 DAGs
[2023-12-23T18:15:20.830+0000] {logging_mixin.py:120} INFO - [2023-12-23T18:15:20.830+0000] {dag.py:3340} INFO - Setting next_dagrun for producer to 2023-12-23T00:00:00+00:00, run_after=2023-12-24T00:00:00+00:00
[2023-12-23T18:15:20.843+0000] {processor.py:176} INFO - Processing /opt/airflow/dags/producer.py took 0.089 seconds
[2023-12-23T18:15:51.828+0000] {processor.py:154} INFO - Started process (PID=49104) to work on /opt/airflow/dags/producer.py
[2023-12-23T18:15:51.830+0000] {processor.py:756} INFO - Processing file /opt/airflow/dags/producer.py for tasks to queue
[2023-12-23T18:15:51.831+0000] {logging_mixin.py:120} INFO - [2023-12-23T18:15:51.831+0000] {dagbag.py:537} INFO - Filling up the DagBag from /opt/airflow/dags/producer.py
[2023-12-23T18:15:51.862+0000] {processor.py:766} INFO - DAG(s) dict_keys(['producer']) retrieved from /opt/airflow/dags/producer.py
[2023-12-23T18:15:51.898+0000] {logging_mixin.py:120} INFO - [2023-12-23T18:15:51.897+0000] {dag.py:2585} INFO - Sync 1 DAGs
[2023-12-23T18:15:51.913+0000] {logging_mixin.py:120} INFO - [2023-12-23T18:15:51.913+0000] {dag.py:3340} INFO - Setting next_dagrun for producer to 2023-12-23T00:00:00+00:00, run_after=2023-12-24T00:00:00+00:00
[2023-12-23T18:15:51.927+0000] {processor.py:176} INFO - Processing /opt/airflow/dags/producer.py took 0.105 seconds
[2023-12-23T18:16:22.120+0000] {processor.py:154} INFO - Started process (PID=49170) to work on /opt/airflow/dags/producer.py
[2023-12-23T18:16:22.121+0000] {processor.py:756} INFO - Processing file /opt/airflow/dags/producer.py for tasks to queue
[2023-12-23T18:16:22.122+0000] {logging_mixin.py:120} INFO - [2023-12-23T18:16:22.122+0000] {dagbag.py:537} INFO - Filling up the DagBag from /opt/airflow/dags/producer.py
[2023-12-23T18:16:22.144+0000] {processor.py:766} INFO - DAG(s) dict_keys(['producer']) retrieved from /opt/airflow/dags/producer.py
[2023-12-23T18:16:22.171+0000] {logging_mixin.py:120} INFO - [2023-12-23T18:16:22.170+0000] {dag.py:2585} INFO - Sync 1 DAGs
[2023-12-23T18:16:22.183+0000] {logging_mixin.py:120} INFO - [2023-12-23T18:16:22.183+0000] {dag.py:3340} INFO - Setting next_dagrun for producer to 2023-12-23T00:00:00+00:00, run_after=2023-12-24T00:00:00+00:00
[2023-12-23T18:16:22.194+0000] {processor.py:176} INFO - Processing /opt/airflow/dags/producer.py took 0.078 seconds
[2023-12-23T18:16:52.486+0000] {processor.py:154} INFO - Started process (PID=49236) to work on /opt/airflow/dags/producer.py
[2023-12-23T18:16:52.487+0000] {processor.py:756} INFO - Processing file /opt/airflow/dags/producer.py for tasks to queue
[2023-12-23T18:16:52.488+0000] {logging_mixin.py:120} INFO - [2023-12-23T18:16:52.488+0000] {dagbag.py:537} INFO - Filling up the DagBag from /opt/airflow/dags/producer.py
[2023-12-23T18:16:52.512+0000] {processor.py:766} INFO - DAG(s) dict_keys(['producer']) retrieved from /opt/airflow/dags/producer.py
[2023-12-23T18:16:52.539+0000] {logging_mixin.py:120} INFO - [2023-12-23T18:16:52.539+0000] {dag.py:2585} INFO - Sync 1 DAGs
[2023-12-23T18:16:52.552+0000] {logging_mixin.py:120} INFO - [2023-12-23T18:16:52.552+0000] {dag.py:3340} INFO - Setting next_dagrun for producer to 2023-12-23T00:00:00+00:00, run_after=2023-12-24T00:00:00+00:00
[2023-12-23T18:16:52.643+0000] {processor.py:176} INFO - Processing /opt/airflow/dags/producer.py took 0.161 seconds
[2023-12-23T18:17:22.802+0000] {processor.py:154} INFO - Started process (PID=49293) to work on /opt/airflow/dags/producer.py
[2023-12-23T18:17:22.803+0000] {processor.py:756} INFO - Processing file /opt/airflow/dags/producer.py for tasks to queue
[2023-12-23T18:17:22.804+0000] {logging_mixin.py:120} INFO - [2023-12-23T18:17:22.804+0000] {dagbag.py:537} INFO - Filling up the DagBag from /opt/airflow/dags/producer.py
[2023-12-23T18:17:22.827+0000] {processor.py:766} INFO - DAG(s) dict_keys(['producer']) retrieved from /opt/airflow/dags/producer.py
[2023-12-23T18:17:22.856+0000] {logging_mixin.py:120} INFO - [2023-12-23T18:17:22.856+0000] {dag.py:2585} INFO - Sync 1 DAGs
[2023-12-23T18:17:22.870+0000] {logging_mixin.py:120} INFO - [2023-12-23T18:17:22.870+0000] {dag.py:3340} INFO - Setting next_dagrun for producer to 2023-12-23T00:00:00+00:00, run_after=2023-12-24T00:00:00+00:00
[2023-12-23T18:17:22.881+0000] {processor.py:176} INFO - Processing /opt/airflow/dags/producer.py took 0.083 seconds
[2023-12-23T18:17:53.014+0000] {processor.py:154} INFO - Started process (PID=49359) to work on /opt/airflow/dags/producer.py
[2023-12-23T18:17:53.015+0000] {processor.py:756} INFO - Processing file /opt/airflow/dags/producer.py for tasks to queue
[2023-12-23T18:17:53.016+0000] {logging_mixin.py:120} INFO - [2023-12-23T18:17:53.016+0000] {dagbag.py:537} INFO - Filling up the DagBag from /opt/airflow/dags/producer.py
[2023-12-23T18:17:53.035+0000] {processor.py:766} INFO - DAG(s) dict_keys(['producer']) retrieved from /opt/airflow/dags/producer.py
[2023-12-23T18:17:53.060+0000] {logging_mixin.py:120} INFO - [2023-12-23T18:17:53.060+0000] {dag.py:2585} INFO - Sync 1 DAGs
[2023-12-23T18:17:53.073+0000] {logging_mixin.py:120} INFO - [2023-12-23T18:17:53.073+0000] {dag.py:3340} INFO - Setting next_dagrun for producer to 2023-12-23T00:00:00+00:00, run_after=2023-12-24T00:00:00+00:00
[2023-12-23T18:17:53.084+0000] {processor.py:176} INFO - Processing /opt/airflow/dags/producer.py took 0.073 seconds
[2023-12-23T18:18:23.161+0000] {processor.py:154} INFO - Started process (PID=49425) to work on /opt/airflow/dags/producer.py
[2023-12-23T18:18:23.162+0000] {processor.py:756} INFO - Processing file /opt/airflow/dags/producer.py for tasks to queue
[2023-12-23T18:18:23.163+0000] {logging_mixin.py:120} INFO - [2023-12-23T18:18:23.163+0000] {dagbag.py:537} INFO - Filling up the DagBag from /opt/airflow/dags/producer.py
[2023-12-23T18:18:23.180+0000] {processor.py:766} INFO - DAG(s) dict_keys(['producer']) retrieved from /opt/airflow/dags/producer.py
[2023-12-23T18:18:23.203+0000] {logging_mixin.py:120} INFO - [2023-12-23T18:18:23.203+0000] {dag.py:2585} INFO - Sync 1 DAGs
[2023-12-23T18:18:23.217+0000] {logging_mixin.py:120} INFO - [2023-12-23T18:18:23.217+0000] {dag.py:3340} INFO - Setting next_dagrun for producer to 2023-12-23T00:00:00+00:00, run_after=2023-12-24T00:00:00+00:00
[2023-12-23T18:18:23.228+0000] {processor.py:176} INFO - Processing /opt/airflow/dags/producer.py took 0.070 seconds
[2023-12-23T18:18:53.690+0000] {processor.py:154} INFO - Started process (PID=49491) to work on /opt/airflow/dags/producer.py
[2023-12-23T18:18:53.691+0000] {processor.py:756} INFO - Processing file /opt/airflow/dags/producer.py for tasks to queue
[2023-12-23T18:18:53.692+0000] {logging_mixin.py:120} INFO - [2023-12-23T18:18:53.692+0000] {dagbag.py:537} INFO - Filling up the DagBag from /opt/airflow/dags/producer.py
[2023-12-23T18:18:53.713+0000] {processor.py:766} INFO - DAG(s) dict_keys(['producer']) retrieved from /opt/airflow/dags/producer.py
[2023-12-23T18:18:53.747+0000] {logging_mixin.py:120} INFO - [2023-12-23T18:18:53.747+0000] {dag.py:2585} INFO - Sync 1 DAGs
[2023-12-23T18:18:53.766+0000] {logging_mixin.py:120} INFO - [2023-12-23T18:18:53.766+0000] {dag.py:3340} INFO - Setting next_dagrun for producer to 2023-12-23T00:00:00+00:00, run_after=2023-12-24T00:00:00+00:00
[2023-12-23T18:18:53.860+0000] {processor.py:176} INFO - Processing /opt/airflow/dags/producer.py took 0.177 seconds
[2023-12-23T18:19:24.362+0000] {processor.py:154} INFO - Started process (PID=49557) to work on /opt/airflow/dags/producer.py
[2023-12-23T18:19:24.363+0000] {processor.py:756} INFO - Processing file /opt/airflow/dags/producer.py for tasks to queue
[2023-12-23T18:19:24.364+0000] {logging_mixin.py:120} INFO - [2023-12-23T18:19:24.364+0000] {dagbag.py:537} INFO - Filling up the DagBag from /opt/airflow/dags/producer.py
[2023-12-23T18:19:24.389+0000] {processor.py:766} INFO - DAG(s) dict_keys(['producer']) retrieved from /opt/airflow/dags/producer.py
[2023-12-23T18:19:24.420+0000] {logging_mixin.py:120} INFO - [2023-12-23T18:19:24.420+0000] {dag.py:2585} INFO - Sync 1 DAGs
[2023-12-23T18:19:24.434+0000] {logging_mixin.py:120} INFO - [2023-12-23T18:19:24.434+0000] {dag.py:3340} INFO - Setting next_dagrun for producer to 2023-12-23T00:00:00+00:00, run_after=2023-12-24T00:00:00+00:00
[2023-12-23T18:19:24.445+0000] {processor.py:176} INFO - Processing /opt/airflow/dags/producer.py took 0.091 seconds
[2023-12-23T18:19:54.796+0000] {processor.py:154} INFO - Started process (PID=49623) to work on /opt/airflow/dags/producer.py
[2023-12-23T18:19:54.797+0000] {processor.py:756} INFO - Processing file /opt/airflow/dags/producer.py for tasks to queue
[2023-12-23T18:19:54.797+0000] {logging_mixin.py:120} INFO - [2023-12-23T18:19:54.797+0000] {dagbag.py:537} INFO - Filling up the DagBag from /opt/airflow/dags/producer.py
[2023-12-23T18:19:54.815+0000] {processor.py:766} INFO - DAG(s) dict_keys(['producer']) retrieved from /opt/airflow/dags/producer.py
[2023-12-23T18:19:54.848+0000] {logging_mixin.py:120} INFO - [2023-12-23T18:19:54.848+0000] {dag.py:2585} INFO - Sync 1 DAGs
[2023-12-23T18:19:54.864+0000] {logging_mixin.py:120} INFO - [2023-12-23T18:19:54.863+0000] {dag.py:3340} INFO - Setting next_dagrun for producer to 2023-12-23T00:00:00+00:00, run_after=2023-12-24T00:00:00+00:00
[2023-12-23T18:19:54.876+0000] {processor.py:176} INFO - Processing /opt/airflow/dags/producer.py took 0.083 seconds
[2023-12-23T18:20:25.072+0000] {processor.py:154} INFO - Started process (PID=49680) to work on /opt/airflow/dags/producer.py
[2023-12-23T18:20:25.074+0000] {processor.py:756} INFO - Processing file /opt/airflow/dags/producer.py for tasks to queue
[2023-12-23T18:20:25.074+0000] {logging_mixin.py:120} INFO - [2023-12-23T18:20:25.074+0000] {dagbag.py:537} INFO - Filling up the DagBag from /opt/airflow/dags/producer.py
[2023-12-23T18:20:25.099+0000] {processor.py:766} INFO - DAG(s) dict_keys(['producer']) retrieved from /opt/airflow/dags/producer.py
[2023-12-23T18:20:25.127+0000] {logging_mixin.py:120} INFO - [2023-12-23T18:20:25.127+0000] {dag.py:2585} INFO - Sync 1 DAGs
[2023-12-23T18:20:25.141+0000] {logging_mixin.py:120} INFO - [2023-12-23T18:20:25.141+0000] {dag.py:3340} INFO - Setting next_dagrun for producer to 2023-12-23T00:00:00+00:00, run_after=2023-12-24T00:00:00+00:00
[2023-12-23T18:20:25.151+0000] {processor.py:176} INFO - Processing /opt/airflow/dags/producer.py took 0.086 seconds
[2023-12-23T18:20:55.544+0000] {processor.py:154} INFO - Started process (PID=49746) to work on /opt/airflow/dags/producer.py
[2023-12-23T18:20:55.545+0000] {processor.py:756} INFO - Processing file /opt/airflow/dags/producer.py for tasks to queue
[2023-12-23T18:20:55.546+0000] {logging_mixin.py:120} INFO - [2023-12-23T18:20:55.546+0000] {dagbag.py:537} INFO - Filling up the DagBag from /opt/airflow/dags/producer.py
[2023-12-23T18:20:55.574+0000] {processor.py:766} INFO - DAG(s) dict_keys(['producer']) retrieved from /opt/airflow/dags/producer.py
[2023-12-23T18:20:55.610+0000] {logging_mixin.py:120} INFO - [2023-12-23T18:20:55.609+0000] {dag.py:2585} INFO - Sync 1 DAGs
[2023-12-23T18:20:55.626+0000] {logging_mixin.py:120} INFO - [2023-12-23T18:20:55.626+0000] {dag.py:3340} INFO - Setting next_dagrun for producer to 2023-12-23T00:00:00+00:00, run_after=2023-12-24T00:00:00+00:00
[2023-12-23T18:20:55.730+0000] {processor.py:176} INFO - Processing /opt/airflow/dags/producer.py took 0.191 seconds
[2023-12-23T18:21:25.809+0000] {processor.py:154} INFO - Started process (PID=49811) to work on /opt/airflow/dags/producer.py
[2023-12-23T18:21:25.810+0000] {processor.py:756} INFO - Processing file /opt/airflow/dags/producer.py for tasks to queue
[2023-12-23T18:21:25.811+0000] {logging_mixin.py:120} INFO - [2023-12-23T18:21:25.811+0000] {dagbag.py:537} INFO - Filling up the DagBag from /opt/airflow/dags/producer.py
[2023-12-23T18:21:25.834+0000] {processor.py:766} INFO - DAG(s) dict_keys(['producer']) retrieved from /opt/airflow/dags/producer.py
[2023-12-23T18:21:25.861+0000] {logging_mixin.py:120} INFO - [2023-12-23T18:21:25.861+0000] {dag.py:2585} INFO - Sync 1 DAGs
[2023-12-23T18:21:25.875+0000] {logging_mixin.py:120} INFO - [2023-12-23T18:21:25.875+0000] {dag.py:3340} INFO - Setting next_dagrun for producer to 2023-12-23T00:00:00+00:00, run_after=2023-12-24T00:00:00+00:00
[2023-12-23T18:21:25.886+0000] {processor.py:176} INFO - Processing /opt/airflow/dags/producer.py took 0.082 seconds
[2023-12-23T18:21:56.231+0000] {processor.py:154} INFO - Started process (PID=49877) to work on /opt/airflow/dags/producer.py
[2023-12-23T18:21:56.232+0000] {processor.py:756} INFO - Processing file /opt/airflow/dags/producer.py for tasks to queue
[2023-12-23T18:21:56.232+0000] {logging_mixin.py:120} INFO - [2023-12-23T18:21:56.232+0000] {dagbag.py:537} INFO - Filling up the DagBag from /opt/airflow/dags/producer.py
[2023-12-23T18:21:56.246+0000] {processor.py:766} INFO - DAG(s) dict_keys(['producer']) retrieved from /opt/airflow/dags/producer.py
[2023-12-23T18:21:56.283+0000] {logging_mixin.py:120} INFO - [2023-12-23T18:21:56.283+0000] {dag.py:2585} INFO - Sync 1 DAGs
[2023-12-23T18:21:56.297+0000] {logging_mixin.py:120} INFO - [2023-12-23T18:21:56.297+0000] {dag.py:3340} INFO - Setting next_dagrun for producer to 2023-12-23T00:00:00+00:00, run_after=2023-12-24T00:00:00+00:00
[2023-12-23T18:21:56.310+0000] {processor.py:176} INFO - Processing /opt/airflow/dags/producer.py took 0.081 seconds
[2023-12-23T18:22:26.775+0000] {processor.py:154} INFO - Started process (PID=49944) to work on /opt/airflow/dags/producer.py
[2023-12-23T18:22:26.776+0000] {processor.py:756} INFO - Processing file /opt/airflow/dags/producer.py for tasks to queue
[2023-12-23T18:22:26.777+0000] {logging_mixin.py:120} INFO - [2023-12-23T18:22:26.777+0000] {dagbag.py:537} INFO - Filling up the DagBag from /opt/airflow/dags/producer.py
[2023-12-23T18:22:26.804+0000] {processor.py:766} INFO - DAG(s) dict_keys(['producer']) retrieved from /opt/airflow/dags/producer.py
[2023-12-23T18:22:26.830+0000] {logging_mixin.py:120} INFO - [2023-12-23T18:22:26.830+0000] {dag.py:2585} INFO - Sync 1 DAGs
[2023-12-23T18:22:26.843+0000] {logging_mixin.py:120} INFO - [2023-12-23T18:22:26.843+0000] {dag.py:3340} INFO - Setting next_dagrun for producer to 2023-12-23T00:00:00+00:00, run_after=2023-12-24T00:00:00+00:00
[2023-12-23T18:22:26.854+0000] {processor.py:176} INFO - Processing /opt/airflow/dags/producer.py took 0.085 seconds
[2023-12-23T18:22:56.877+0000] {processor.py:154} INFO - Started process (PID=50011) to work on /opt/airflow/dags/producer.py
[2023-12-23T18:22:56.878+0000] {processor.py:756} INFO - Processing file /opt/airflow/dags/producer.py for tasks to queue
[2023-12-23T18:22:56.878+0000] {logging_mixin.py:120} INFO - [2023-12-23T18:22:56.878+0000] {dagbag.py:537} INFO - Filling up the DagBag from /opt/airflow/dags/producer.py
[2023-12-23T18:22:56.893+0000] {processor.py:766} INFO - DAG(s) dict_keys(['producer']) retrieved from /opt/airflow/dags/producer.py
[2023-12-23T18:22:56.917+0000] {logging_mixin.py:120} INFO - [2023-12-23T18:22:56.917+0000] {dag.py:2585} INFO - Sync 1 DAGs
[2023-12-23T18:22:56.933+0000] {logging_mixin.py:120} INFO - [2023-12-23T18:22:56.932+0000] {dag.py:3340} INFO - Setting next_dagrun for producer to 2023-12-23T00:00:00+00:00, run_after=2023-12-24T00:00:00+00:00
[2023-12-23T18:22:57.038+0000] {processor.py:176} INFO - Processing /opt/airflow/dags/producer.py took 0.163 seconds
[2023-12-23T18:23:27.102+0000] {processor.py:154} INFO - Started process (PID=50069) to work on /opt/airflow/dags/producer.py
[2023-12-23T18:23:27.103+0000] {processor.py:756} INFO - Processing file /opt/airflow/dags/producer.py for tasks to queue
[2023-12-23T18:23:27.103+0000] {logging_mixin.py:120} INFO - [2023-12-23T18:23:27.103+0000] {dagbag.py:537} INFO - Filling up the DagBag from /opt/airflow/dags/producer.py
[2023-12-23T18:23:27.120+0000] {processor.py:766} INFO - DAG(s) dict_keys(['producer']) retrieved from /opt/airflow/dags/producer.py
[2023-12-23T18:23:27.147+0000] {logging_mixin.py:120} INFO - [2023-12-23T18:23:27.147+0000] {dag.py:2585} INFO - Sync 1 DAGs
[2023-12-23T18:23:27.163+0000] {logging_mixin.py:120} INFO - [2023-12-23T18:23:27.163+0000] {dag.py:3340} INFO - Setting next_dagrun for producer to 2023-12-23T00:00:00+00:00, run_after=2023-12-24T00:00:00+00:00
[2023-12-23T18:23:27.175+0000] {processor.py:176} INFO - Processing /opt/airflow/dags/producer.py took 0.075 seconds
[2023-12-23T18:23:57.577+0000] {processor.py:154} INFO - Started process (PID=50136) to work on /opt/airflow/dags/producer.py
[2023-12-23T18:23:57.579+0000] {processor.py:756} INFO - Processing file /opt/airflow/dags/producer.py for tasks to queue
[2023-12-23T18:23:57.581+0000] {logging_mixin.py:120} INFO - [2023-12-23T18:23:57.581+0000] {dagbag.py:537} INFO - Filling up the DagBag from /opt/airflow/dags/producer.py
[2023-12-23T18:23:57.604+0000] {processor.py:766} INFO - DAG(s) dict_keys(['producer']) retrieved from /opt/airflow/dags/producer.py
[2023-12-23T18:23:57.630+0000] {logging_mixin.py:120} INFO - [2023-12-23T18:23:57.630+0000] {dag.py:2585} INFO - Sync 1 DAGs
[2023-12-23T18:23:57.643+0000] {logging_mixin.py:120} INFO - [2023-12-23T18:23:57.643+0000] {dag.py:3340} INFO - Setting next_dagrun for producer to 2023-12-23T00:00:00+00:00, run_after=2023-12-24T00:00:00+00:00
[2023-12-23T18:23:57.653+0000] {processor.py:176} INFO - Processing /opt/airflow/dags/producer.py took 0.085 seconds
[2023-12-23T18:24:27.899+0000] {processor.py:154} INFO - Started process (PID=50203) to work on /opt/airflow/dags/producer.py
[2023-12-23T18:24:27.901+0000] {processor.py:756} INFO - Processing file /opt/airflow/dags/producer.py for tasks to queue
[2023-12-23T18:24:27.902+0000] {logging_mixin.py:120} INFO - [2023-12-23T18:24:27.902+0000] {dagbag.py:537} INFO - Filling up the DagBag from /opt/airflow/dags/producer.py
[2023-12-23T18:24:27.925+0000] {processor.py:766} INFO - DAG(s) dict_keys(['producer']) retrieved from /opt/airflow/dags/producer.py
[2023-12-23T18:24:27.951+0000] {logging_mixin.py:120} INFO - [2023-12-23T18:24:27.951+0000] {dag.py:2585} INFO - Sync 1 DAGs
[2023-12-23T18:24:27.964+0000] {logging_mixin.py:120} INFO - [2023-12-23T18:24:27.964+0000] {dag.py:3340} INFO - Setting next_dagrun for producer to 2023-12-23T00:00:00+00:00, run_after=2023-12-24T00:00:00+00:00
[2023-12-23T18:24:27.975+0000] {processor.py:176} INFO - Processing /opt/airflow/dags/producer.py took 0.082 seconds
[2023-12-23T18:24:58.696+0000] {processor.py:154} INFO - Started process (PID=50270) to work on /opt/airflow/dags/producer.py
[2023-12-23T18:24:58.698+0000] {processor.py:756} INFO - Processing file /opt/airflow/dags/producer.py for tasks to queue
[2023-12-23T18:24:58.699+0000] {logging_mixin.py:120} INFO - [2023-12-23T18:24:58.698+0000] {dagbag.py:537} INFO - Filling up the DagBag from /opt/airflow/dags/producer.py
[2023-12-23T18:24:58.721+0000] {processor.py:766} INFO - DAG(s) dict_keys(['producer']) retrieved from /opt/airflow/dags/producer.py
[2023-12-23T18:24:58.748+0000] {logging_mixin.py:120} INFO - [2023-12-23T18:24:58.748+0000] {dag.py:2585} INFO - Sync 1 DAGs
[2023-12-23T18:24:58.843+0000] {logging_mixin.py:120} INFO - [2023-12-23T18:24:58.843+0000] {dag.py:3340} INFO - Setting next_dagrun for producer to 2023-12-23T00:00:00+00:00, run_after=2023-12-24T00:00:00+00:00
[2023-12-23T18:24:58.853+0000] {processor.py:176} INFO - Processing /opt/airflow/dags/producer.py took 0.164 seconds
[2023-12-23T18:25:29.538+0000] {processor.py:154} INFO - Started process (PID=50337) to work on /opt/airflow/dags/producer.py
[2023-12-23T18:25:29.539+0000] {processor.py:756} INFO - Processing file /opt/airflow/dags/producer.py for tasks to queue
[2023-12-23T18:25:29.541+0000] {logging_mixin.py:120} INFO - [2023-12-23T18:25:29.540+0000] {dagbag.py:537} INFO - Filling up the DagBag from /opt/airflow/dags/producer.py
[2023-12-23T18:25:29.566+0000] {processor.py:766} INFO - DAG(s) dict_keys(['producer']) retrieved from /opt/airflow/dags/producer.py
[2023-12-23T18:25:29.593+0000] {logging_mixin.py:120} INFO - [2023-12-23T18:25:29.593+0000] {dag.py:2585} INFO - Sync 1 DAGs
[2023-12-23T18:25:29.609+0000] {logging_mixin.py:120} INFO - [2023-12-23T18:25:29.609+0000] {dag.py:3340} INFO - Setting next_dagrun for producer to 2023-12-23T00:00:00+00:00, run_after=2023-12-24T00:00:00+00:00
[2023-12-23T18:25:29.620+0000] {processor.py:176} INFO - Processing /opt/airflow/dags/producer.py took 0.091 seconds
[2023-12-23T18:26:30.496+0000] {processor.py:154} INFO - Started process (PID=50340) to work on /opt/airflow/dags/producer.py
[2023-12-23T18:26:30.497+0000] {processor.py:756} INFO - Processing file /opt/airflow/dags/producer.py for tasks to queue
[2023-12-23T18:26:30.497+0000] {logging_mixin.py:120} INFO - [2023-12-23T18:26:30.497+0000] {dagbag.py:537} INFO - Filling up the DagBag from /opt/airflow/dags/producer.py
[2023-12-23T18:26:30.509+0000] {processor.py:766} INFO - DAG(s) dict_keys(['producer']) retrieved from /opt/airflow/dags/producer.py
[2023-12-23T18:26:30.534+0000] {logging_mixin.py:120} INFO - [2023-12-23T18:26:30.534+0000] {dag.py:2585} INFO - Sync 1 DAGs
[2023-12-23T18:26:30.547+0000] {logging_mixin.py:120} INFO - [2023-12-23T18:26:30.547+0000] {dag.py:3340} INFO - Setting next_dagrun for producer to 2023-12-23T00:00:00+00:00, run_after=2023-12-24T00:00:00+00:00
[2023-12-23T18:26:30.559+0000] {processor.py:176} INFO - Processing /opt/airflow/dags/producer.py took 0.065 seconds
[2023-12-23T18:27:00.835+0000] {processor.py:154} INFO - Started process (PID=50408) to work on /opt/airflow/dags/producer.py
[2023-12-23T18:27:00.837+0000] {processor.py:756} INFO - Processing file /opt/airflow/dags/producer.py for tasks to queue
[2023-12-23T18:27:00.838+0000] {logging_mixin.py:120} INFO - [2023-12-23T18:27:00.838+0000] {dagbag.py:537} INFO - Filling up the DagBag from /opt/airflow/dags/producer.py
[2023-12-23T18:27:00.864+0000] {processor.py:766} INFO - DAG(s) dict_keys(['producer']) retrieved from /opt/airflow/dags/producer.py
[2023-12-23T18:27:00.898+0000] {logging_mixin.py:120} INFO - [2023-12-23T18:27:00.898+0000] {dag.py:2585} INFO - Sync 1 DAGs
[2023-12-23T18:27:00.914+0000] {logging_mixin.py:120} INFO - [2023-12-23T18:27:00.914+0000] {dag.py:3340} INFO - Setting next_dagrun for producer to 2023-12-23T00:00:00+00:00, run_after=2023-12-24T00:00:00+00:00
[2023-12-23T18:27:00.927+0000] {processor.py:176} INFO - Processing /opt/airflow/dags/producer.py took 0.096 seconds
[2023-12-23T18:27:31.152+0000] {processor.py:154} INFO - Started process (PID=50475) to work on /opt/airflow/dags/producer.py
[2023-12-23T18:27:31.153+0000] {processor.py:756} INFO - Processing file /opt/airflow/dags/producer.py for tasks to queue
[2023-12-23T18:27:31.154+0000] {logging_mixin.py:120} INFO - [2023-12-23T18:27:31.154+0000] {dagbag.py:537} INFO - Filling up the DagBag from /opt/airflow/dags/producer.py
[2023-12-23T18:27:31.178+0000] {processor.py:766} INFO - DAG(s) dict_keys(['producer']) retrieved from /opt/airflow/dags/producer.py
[2023-12-23T18:27:31.205+0000] {logging_mixin.py:120} INFO - [2023-12-23T18:27:31.205+0000] {dag.py:2585} INFO - Sync 1 DAGs
[2023-12-23T18:27:31.219+0000] {logging_mixin.py:120} INFO - [2023-12-23T18:27:31.219+0000] {dag.py:3340} INFO - Setting next_dagrun for producer to 2023-12-23T00:00:00+00:00, run_after=2023-12-24T00:00:00+00:00
[2023-12-23T18:27:31.328+0000] {processor.py:176} INFO - Processing /opt/airflow/dags/producer.py took 0.181 seconds
[2023-12-23T18:28:01.632+0000] {processor.py:154} INFO - Started process (PID=50542) to work on /opt/airflow/dags/producer.py
[2023-12-23T18:28:01.633+0000] {processor.py:756} INFO - Processing file /opt/airflow/dags/producer.py for tasks to queue
[2023-12-23T18:28:01.634+0000] {logging_mixin.py:120} INFO - [2023-12-23T18:28:01.633+0000] {dagbag.py:537} INFO - Filling up the DagBag from /opt/airflow/dags/producer.py
[2023-12-23T18:28:01.650+0000] {processor.py:766} INFO - DAG(s) dict_keys(['producer']) retrieved from /opt/airflow/dags/producer.py
[2023-12-23T18:28:01.680+0000] {logging_mixin.py:120} INFO - [2023-12-23T18:28:01.680+0000] {dag.py:2585} INFO - Sync 1 DAGs
[2023-12-23T18:28:01.786+0000] {logging_mixin.py:120} INFO - [2023-12-23T18:28:01.786+0000] {dag.py:3340} INFO - Setting next_dagrun for producer to 2023-12-23T00:00:00+00:00, run_after=2023-12-24T00:00:00+00:00
[2023-12-23T18:28:01.796+0000] {processor.py:176} INFO - Processing /opt/airflow/dags/producer.py took 0.169 seconds
[2023-12-23T18:28:32.429+0000] {processor.py:154} INFO - Started process (PID=50609) to work on /opt/airflow/dags/producer.py
[2023-12-23T18:28:32.430+0000] {processor.py:756} INFO - Processing file /opt/airflow/dags/producer.py for tasks to queue
[2023-12-23T18:28:32.431+0000] {logging_mixin.py:120} INFO - [2023-12-23T18:28:32.431+0000] {dagbag.py:537} INFO - Filling up the DagBag from /opt/airflow/dags/producer.py
[2023-12-23T18:28:32.456+0000] {processor.py:766} INFO - DAG(s) dict_keys(['producer']) retrieved from /opt/airflow/dags/producer.py
[2023-12-23T18:28:32.489+0000] {logging_mixin.py:120} INFO - [2023-12-23T18:28:32.489+0000] {dag.py:2585} INFO - Sync 1 DAGs
[2023-12-23T18:28:32.505+0000] {logging_mixin.py:120} INFO - [2023-12-23T18:28:32.505+0000] {dag.py:3340} INFO - Setting next_dagrun for producer to 2023-12-23T00:00:00+00:00, run_after=2023-12-24T00:00:00+00:00
[2023-12-23T18:28:32.518+0000] {processor.py:176} INFO - Processing /opt/airflow/dags/producer.py took 0.094 seconds
[2023-12-23T18:29:02.919+0000] {processor.py:154} INFO - Started process (PID=50676) to work on /opt/airflow/dags/producer.py
[2023-12-23T18:29:02.920+0000] {processor.py:756} INFO - Processing file /opt/airflow/dags/producer.py for tasks to queue
[2023-12-23T18:29:02.921+0000] {logging_mixin.py:120} INFO - [2023-12-23T18:29:02.921+0000] {dagbag.py:537} INFO - Filling up the DagBag from /opt/airflow/dags/producer.py
[2023-12-23T18:29:02.944+0000] {processor.py:766} INFO - DAG(s) dict_keys(['producer']) retrieved from /opt/airflow/dags/producer.py
[2023-12-23T18:29:02.973+0000] {logging_mixin.py:120} INFO - [2023-12-23T18:29:02.973+0000] {dag.py:2585} INFO - Sync 1 DAGs
[2023-12-23T18:29:02.988+0000] {logging_mixin.py:120} INFO - [2023-12-23T18:29:02.988+0000] {dag.py:3340} INFO - Setting next_dagrun for producer to 2023-12-23T00:00:00+00:00, run_after=2023-12-24T00:00:00+00:00
[2023-12-23T18:29:02.999+0000] {processor.py:176} INFO - Processing /opt/airflow/dags/producer.py took 0.084 seconds
[2023-12-23T18:29:33.321+0000] {processor.py:154} INFO - Started process (PID=50733) to work on /opt/airflow/dags/producer.py
[2023-12-23T18:29:33.323+0000] {processor.py:756} INFO - Processing file /opt/airflow/dags/producer.py for tasks to queue
[2023-12-23T18:29:33.324+0000] {logging_mixin.py:120} INFO - [2023-12-23T18:29:33.324+0000] {dagbag.py:537} INFO - Filling up the DagBag from /opt/airflow/dags/producer.py
[2023-12-23T18:29:33.350+0000] {processor.py:766} INFO - DAG(s) dict_keys(['producer']) retrieved from /opt/airflow/dags/producer.py
[2023-12-23T18:29:33.379+0000] {logging_mixin.py:120} INFO - [2023-12-23T18:29:33.379+0000] {dag.py:2585} INFO - Sync 1 DAGs
[2023-12-23T18:29:33.393+0000] {logging_mixin.py:120} INFO - [2023-12-23T18:29:33.393+0000] {dag.py:3340} INFO - Setting next_dagrun for producer to 2023-12-23T00:00:00+00:00, run_after=2023-12-24T00:00:00+00:00
[2023-12-23T18:29:33.509+0000] {processor.py:176} INFO - Processing /opt/airflow/dags/producer.py took 0.194 seconds
[2023-12-23T18:30:04.181+0000] {processor.py:154} INFO - Started process (PID=50800) to work on /opt/airflow/dags/producer.py
[2023-12-23T18:30:04.182+0000] {processor.py:756} INFO - Processing file /opt/airflow/dags/producer.py for tasks to queue
[2023-12-23T18:30:04.183+0000] {logging_mixin.py:120} INFO - [2023-12-23T18:30:04.183+0000] {dagbag.py:537} INFO - Filling up the DagBag from /opt/airflow/dags/producer.py
[2023-12-23T18:30:04.205+0000] {processor.py:766} INFO - DAG(s) dict_keys(['producer']) retrieved from /opt/airflow/dags/producer.py
[2023-12-23T18:30:04.231+0000] {logging_mixin.py:120} INFO - [2023-12-23T18:30:04.231+0000] {dag.py:2585} INFO - Sync 1 DAGs
[2023-12-23T18:30:04.336+0000] {logging_mixin.py:120} INFO - [2023-12-23T18:30:04.336+0000] {dag.py:3340} INFO - Setting next_dagrun for producer to 2023-12-23T00:00:00+00:00, run_after=2023-12-24T00:00:00+00:00
[2023-12-23T18:30:04.346+0000] {processor.py:176} INFO - Processing /opt/airflow/dags/producer.py took 0.170 seconds
[2023-12-23T18:30:35.404+0000] {processor.py:154} INFO - Started process (PID=50867) to work on /opt/airflow/dags/producer.py
[2023-12-23T18:30:35.406+0000] {processor.py:756} INFO - Processing file /opt/airflow/dags/producer.py for tasks to queue
[2023-12-23T18:30:35.407+0000] {logging_mixin.py:120} INFO - [2023-12-23T18:30:35.407+0000] {dagbag.py:537} INFO - Filling up the DagBag from /opt/airflow/dags/producer.py
[2023-12-23T18:30:35.433+0000] {processor.py:766} INFO - DAG(s) dict_keys(['producer']) retrieved from /opt/airflow/dags/producer.py
[2023-12-23T18:30:35.466+0000] {logging_mixin.py:120} INFO - [2023-12-23T18:30:35.466+0000] {dag.py:2585} INFO - Sync 1 DAGs
[2023-12-23T18:30:35.483+0000] {logging_mixin.py:120} INFO - [2023-12-23T18:30:35.483+0000] {dag.py:3340} INFO - Setting next_dagrun for producer to 2023-12-23T00:00:00+00:00, run_after=2023-12-24T00:00:00+00:00
[2023-12-23T18:30:35.497+0000] {processor.py:176} INFO - Processing /opt/airflow/dags/producer.py took 0.099 seconds
[2023-12-23T18:31:06.221+0000] {processor.py:154} INFO - Started process (PID=50934) to work on /opt/airflow/dags/producer.py
[2023-12-23T18:31:06.223+0000] {processor.py:756} INFO - Processing file /opt/airflow/dags/producer.py for tasks to queue
[2023-12-23T18:31:06.224+0000] {logging_mixin.py:120} INFO - [2023-12-23T18:31:06.223+0000] {dagbag.py:537} INFO - Filling up the DagBag from /opt/airflow/dags/producer.py
[2023-12-23T18:31:06.245+0000] {processor.py:766} INFO - DAG(s) dict_keys(['producer']) retrieved from /opt/airflow/dags/producer.py
[2023-12-23T18:31:06.272+0000] {logging_mixin.py:120} INFO - [2023-12-23T18:31:06.272+0000] {dag.py:2585} INFO - Sync 1 DAGs
[2023-12-23T18:31:06.286+0000] {logging_mixin.py:120} INFO - [2023-12-23T18:31:06.286+0000] {dag.py:3340} INFO - Setting next_dagrun for producer to 2023-12-23T00:00:00+00:00, run_after=2023-12-24T00:00:00+00:00
[2023-12-23T18:31:06.297+0000] {processor.py:176} INFO - Processing /opt/airflow/dags/producer.py took 0.081 seconds
[2023-12-23T18:31:36.861+0000] {processor.py:154} INFO - Started process (PID=51001) to work on /opt/airflow/dags/producer.py
[2023-12-23T18:31:36.862+0000] {processor.py:756} INFO - Processing file /opt/airflow/dags/producer.py for tasks to queue
[2023-12-23T18:31:36.863+0000] {logging_mixin.py:120} INFO - [2023-12-23T18:31:36.863+0000] {dagbag.py:537} INFO - Filling up the DagBag from /opt/airflow/dags/producer.py
[2023-12-23T18:31:36.885+0000] {processor.py:766} INFO - DAG(s) dict_keys(['producer']) retrieved from /opt/airflow/dags/producer.py
[2023-12-23T18:31:36.911+0000] {logging_mixin.py:120} INFO - [2023-12-23T18:31:36.911+0000] {dag.py:2585} INFO - Sync 1 DAGs
[2023-12-23T18:31:36.926+0000] {logging_mixin.py:120} INFO - [2023-12-23T18:31:36.926+0000] {dag.py:3340} INFO - Setting next_dagrun for producer to 2023-12-23T00:00:00+00:00, run_after=2023-12-24T00:00:00+00:00
[2023-12-23T18:31:37.037+0000] {processor.py:176} INFO - Processing /opt/airflow/dags/producer.py took 0.181 seconds
[2023-12-23T18:32:07.209+0000] {processor.py:154} INFO - Started process (PID=51068) to work on /opt/airflow/dags/producer.py
[2023-12-23T18:32:07.210+0000] {processor.py:756} INFO - Processing file /opt/airflow/dags/producer.py for tasks to queue
[2023-12-23T18:32:07.211+0000] {logging_mixin.py:120} INFO - [2023-12-23T18:32:07.211+0000] {dagbag.py:537} INFO - Filling up the DagBag from /opt/airflow/dags/producer.py
[2023-12-23T18:32:07.234+0000] {processor.py:766} INFO - DAG(s) dict_keys(['producer']) retrieved from /opt/airflow/dags/producer.py
[2023-12-23T18:32:07.266+0000] {logging_mixin.py:120} INFO - [2023-12-23T18:32:07.266+0000] {dag.py:2585} INFO - Sync 1 DAGs
[2023-12-23T18:32:07.379+0000] {logging_mixin.py:120} INFO - [2023-12-23T18:32:07.379+0000] {dag.py:3340} INFO - Setting next_dagrun for producer to 2023-12-23T00:00:00+00:00, run_after=2023-12-24T00:00:00+00:00
[2023-12-23T18:32:07.390+0000] {processor.py:176} INFO - Processing /opt/airflow/dags/producer.py took 0.184 seconds
[2023-12-23T18:32:37.449+0000] {processor.py:154} INFO - Started process (PID=51135) to work on /opt/airflow/dags/producer.py
[2023-12-23T18:32:37.450+0000] {processor.py:756} INFO - Processing file /opt/airflow/dags/producer.py for tasks to queue
[2023-12-23T18:32:37.450+0000] {logging_mixin.py:120} INFO - [2023-12-23T18:32:37.450+0000] {dagbag.py:537} INFO - Filling up the DagBag from /opt/airflow/dags/producer.py
[2023-12-23T18:32:37.464+0000] {processor.py:766} INFO - DAG(s) dict_keys(['producer']) retrieved from /opt/airflow/dags/producer.py
[2023-12-23T18:32:37.488+0000] {logging_mixin.py:120} INFO - [2023-12-23T18:32:37.487+0000] {dag.py:2585} INFO - Sync 1 DAGs
[2023-12-23T18:32:37.501+0000] {logging_mixin.py:120} INFO - [2023-12-23T18:32:37.501+0000] {dag.py:3340} INFO - Setting next_dagrun for producer to 2023-12-23T00:00:00+00:00, run_after=2023-12-24T00:00:00+00:00
[2023-12-23T18:32:37.513+0000] {processor.py:176} INFO - Processing /opt/airflow/dags/producer.py took 0.066 seconds
[2023-12-23T18:33:07.606+0000] {processor.py:154} INFO - Started process (PID=51193) to work on /opt/airflow/dags/producer.py
[2023-12-23T18:33:07.607+0000] {processor.py:756} INFO - Processing file /opt/airflow/dags/producer.py for tasks to queue
[2023-12-23T18:33:07.608+0000] {logging_mixin.py:120} INFO - [2023-12-23T18:33:07.608+0000] {dagbag.py:537} INFO - Filling up the DagBag from /opt/airflow/dags/producer.py
[2023-12-23T18:33:07.632+0000] {processor.py:766} INFO - DAG(s) dict_keys(['producer']) retrieved from /opt/airflow/dags/producer.py
[2023-12-23T18:33:07.661+0000] {logging_mixin.py:120} INFO - [2023-12-23T18:33:07.660+0000] {dag.py:2585} INFO - Sync 1 DAGs
[2023-12-23T18:33:07.675+0000] {logging_mixin.py:120} INFO - [2023-12-23T18:33:07.675+0000] {dag.py:3340} INFO - Setting next_dagrun for producer to 2023-12-23T00:00:00+00:00, run_after=2023-12-24T00:00:00+00:00
[2023-12-23T18:33:07.687+0000] {processor.py:176} INFO - Processing /opt/airflow/dags/producer.py took 0.086 seconds
[2023-12-23T18:33:38.152+0000] {processor.py:154} INFO - Started process (PID=51260) to work on /opt/airflow/dags/producer.py
[2023-12-23T18:33:38.154+0000] {processor.py:756} INFO - Processing file /opt/airflow/dags/producer.py for tasks to queue
[2023-12-23T18:33:38.155+0000] {logging_mixin.py:120} INFO - [2023-12-23T18:33:38.155+0000] {dagbag.py:537} INFO - Filling up the DagBag from /opt/airflow/dags/producer.py
[2023-12-23T18:33:38.178+0000] {processor.py:766} INFO - DAG(s) dict_keys(['producer']) retrieved from /opt/airflow/dags/producer.py
[2023-12-23T18:33:38.204+0000] {logging_mixin.py:120} INFO - [2023-12-23T18:33:38.204+0000] {dag.py:2585} INFO - Sync 1 DAGs
[2023-12-23T18:33:38.219+0000] {logging_mixin.py:120} INFO - [2023-12-23T18:33:38.219+0000] {dag.py:3340} INFO - Setting next_dagrun for producer to 2023-12-23T00:00:00+00:00, run_after=2023-12-24T00:00:00+00:00
[2023-12-23T18:33:38.323+0000] {processor.py:176} INFO - Processing /opt/airflow/dags/producer.py took 0.175 seconds
[2023-12-23T18:34:09.202+0000] {processor.py:154} INFO - Started process (PID=51327) to work on /opt/airflow/dags/producer.py
[2023-12-23T18:34:09.204+0000] {processor.py:756} INFO - Processing file /opt/airflow/dags/producer.py for tasks to queue
[2023-12-23T18:34:09.205+0000] {logging_mixin.py:120} INFO - [2023-12-23T18:34:09.204+0000] {dagbag.py:537} INFO - Filling up the DagBag from /opt/airflow/dags/producer.py
[2023-12-23T18:34:09.230+0000] {processor.py:766} INFO - DAG(s) dict_keys(['producer']) retrieved from /opt/airflow/dags/producer.py
[2023-12-23T18:34:09.270+0000] {logging_mixin.py:120} INFO - [2023-12-23T18:34:09.270+0000] {dag.py:2585} INFO - Sync 1 DAGs
[2023-12-23T18:34:09.404+0000] {logging_mixin.py:120} INFO - [2023-12-23T18:34:09.404+0000] {dag.py:3340} INFO - Setting next_dagrun for producer to 2023-12-23T00:00:00+00:00, run_after=2023-12-24T00:00:00+00:00
[2023-12-23T18:34:09.415+0000] {processor.py:176} INFO - Processing /opt/airflow/dags/producer.py took 0.216 seconds
[2023-12-23T18:34:40.343+0000] {processor.py:154} INFO - Started process (PID=51394) to work on /opt/airflow/dags/producer.py
[2023-12-23T18:34:40.345+0000] {processor.py:756} INFO - Processing file /opt/airflow/dags/producer.py for tasks to queue
[2023-12-23T18:34:40.346+0000] {logging_mixin.py:120} INFO - [2023-12-23T18:34:40.345+0000] {dagbag.py:537} INFO - Filling up the DagBag from /opt/airflow/dags/producer.py
[2023-12-23T18:34:40.366+0000] {processor.py:766} INFO - DAG(s) dict_keys(['producer']) retrieved from /opt/airflow/dags/producer.py
[2023-12-23T18:34:40.392+0000] {logging_mixin.py:120} INFO - [2023-12-23T18:34:40.392+0000] {dag.py:2585} INFO - Sync 1 DAGs
[2023-12-23T18:34:40.406+0000] {logging_mixin.py:120} INFO - [2023-12-23T18:34:40.406+0000] {dag.py:3340} INFO - Setting next_dagrun for producer to 2023-12-23T00:00:00+00:00, run_after=2023-12-24T00:00:00+00:00
[2023-12-23T18:34:40.417+0000] {processor.py:176} INFO - Processing /opt/airflow/dags/producer.py took 0.078 seconds
[2023-12-23T18:34:55.502+0000] {processor.py:154} INFO - Started process (PID=51449) to work on /opt/airflow/dags/producer.py
[2023-12-23T18:34:55.503+0000] {processor.py:756} INFO - Processing file /opt/airflow/dags/producer.py for tasks to queue
[2023-12-23T18:34:55.503+0000] {logging_mixin.py:120} INFO - [2023-12-23T18:34:55.503+0000] {dagbag.py:537} INFO - Filling up the DagBag from /opt/airflow/dags/producer.py
[2023-12-23T18:34:55.523+0000] {processor.py:766} INFO - DAG(s) dict_keys(['producer']) retrieved from /opt/airflow/dags/producer.py
[2023-12-23T18:34:55.571+0000] {logging_mixin.py:120} INFO - [2023-12-23T18:34:55.571+0000] {dag.py:2585} INFO - Sync 1 DAGs
[2023-12-23T18:34:55.684+0000] {logging_mixin.py:120} INFO - [2023-12-23T18:34:55.684+0000] {dag.py:3340} INFO - Setting next_dagrun for producer to 2023-12-23T00:00:00+00:00, run_after=2023-12-24T00:00:00+00:00
[2023-12-23T18:34:55.699+0000] {processor.py:176} INFO - Processing /opt/airflow/dags/producer.py took 0.201 seconds
[2023-12-23T18:35:03.655+0000] {processor.py:154} INFO - Started process (PID=51452) to work on /opt/airflow/dags/producer.py
[2023-12-23T18:35:03.657+0000] {processor.py:756} INFO - Processing file /opt/airflow/dags/producer.py for tasks to queue
[2023-12-23T18:35:03.657+0000] {logging_mixin.py:120} INFO - [2023-12-23T18:35:03.657+0000] {dagbag.py:537} INFO - Filling up the DagBag from /opt/airflow/dags/producer.py
[2023-12-23T18:35:03.683+0000] {processor.py:766} INFO - DAG(s) dict_keys(['producer']) retrieved from /opt/airflow/dags/producer.py
[2023-12-23T18:35:03.700+0000] {logging_mixin.py:120} INFO - [2023-12-23T18:35:03.700+0000] {dag.py:2585} INFO - Sync 1 DAGs
[2023-12-23T18:35:03.715+0000] {logging_mixin.py:120} INFO - [2023-12-23T18:35:03.715+0000] {dag.py:3340} INFO - Setting next_dagrun for producer to 2023-12-23T00:00:00+00:00, run_after=2023-12-24T00:00:00+00:00
[2023-12-23T18:35:03.727+0000] {processor.py:176} INFO - Processing /opt/airflow/dags/producer.py took 0.078 seconds
[2023-12-23T18:35:34.435+0000] {processor.py:154} INFO - Started process (PID=51519) to work on /opt/airflow/dags/producer.py
[2023-12-23T18:35:34.437+0000] {processor.py:756} INFO - Processing file /opt/airflow/dags/producer.py for tasks to queue
[2023-12-23T18:35:34.438+0000] {logging_mixin.py:120} INFO - [2023-12-23T18:35:34.438+0000] {dagbag.py:537} INFO - Filling up the DagBag from /opt/airflow/dags/producer.py
[2023-12-23T18:35:34.470+0000] {processor.py:766} INFO - DAG(s) dict_keys(['producer']) retrieved from /opt/airflow/dags/producer.py
[2023-12-23T18:35:34.496+0000] {logging_mixin.py:120} INFO - [2023-12-23T18:35:34.496+0000] {dag.py:2585} INFO - Sync 1 DAGs
[2023-12-23T18:35:34.511+0000] {logging_mixin.py:120} INFO - [2023-12-23T18:35:34.510+0000] {dag.py:3340} INFO - Setting next_dagrun for producer to 2023-12-23T00:00:00+00:00, run_after=2023-12-24T00:00:00+00:00
[2023-12-23T18:35:34.618+0000] {processor.py:176} INFO - Processing /opt/airflow/dags/producer.py took 0.188 seconds
[2023-12-23T18:36:04.715+0000] {processor.py:154} INFO - Started process (PID=51587) to work on /opt/airflow/dags/producer.py
[2023-12-23T18:36:04.717+0000] {processor.py:756} INFO - Processing file /opt/airflow/dags/producer.py for tasks to queue
[2023-12-23T18:36:04.717+0000] {logging_mixin.py:120} INFO - [2023-12-23T18:36:04.717+0000] {dagbag.py:537} INFO - Filling up the DagBag from /opt/airflow/dags/producer.py
[2023-12-23T18:36:04.740+0000] {processor.py:766} INFO - DAG(s) dict_keys(['producer']) retrieved from /opt/airflow/dags/producer.py
[2023-12-23T18:36:04.767+0000] {logging_mixin.py:120} INFO - [2023-12-23T18:36:04.767+0000] {dag.py:2585} INFO - Sync 1 DAGs
[2023-12-23T18:36:04.865+0000] {logging_mixin.py:120} INFO - [2023-12-23T18:36:04.865+0000] {dag.py:3340} INFO - Setting next_dagrun for producer to 2023-12-23T00:00:00+00:00, run_after=2023-12-24T00:00:00+00:00
[2023-12-23T18:36:04.875+0000] {processor.py:176} INFO - Processing /opt/airflow/dags/producer.py took 0.165 seconds
[2023-12-23T18:36:34.904+0000] {processor.py:154} INFO - Started process (PID=51655) to work on /opt/airflow/dags/producer.py
[2023-12-23T18:36:34.905+0000] {processor.py:756} INFO - Processing file /opt/airflow/dags/producer.py for tasks to queue
[2023-12-23T18:36:34.905+0000] {logging_mixin.py:120} INFO - [2023-12-23T18:36:34.905+0000] {dagbag.py:537} INFO - Filling up the DagBag from /opt/airflow/dags/producer.py
[2023-12-23T18:36:34.921+0000] {processor.py:766} INFO - DAG(s) dict_keys(['producer']) retrieved from /opt/airflow/dags/producer.py
[2023-12-23T18:36:34.944+0000] {logging_mixin.py:120} INFO - [2023-12-23T18:36:34.944+0000] {dag.py:2585} INFO - Sync 1 DAGs
[2023-12-23T18:36:34.959+0000] {logging_mixin.py:120} INFO - [2023-12-23T18:36:34.958+0000] {dag.py:3340} INFO - Setting next_dagrun for producer to 2023-12-23T00:00:00+00:00, run_after=2023-12-24T00:00:00+00:00
[2023-12-23T18:36:34.971+0000] {processor.py:176} INFO - Processing /opt/airflow/dags/producer.py took 0.069 seconds
[2023-12-23T18:37:05.161+0000] {processor.py:154} INFO - Started process (PID=51722) to work on /opt/airflow/dags/producer.py
[2023-12-23T18:37:05.163+0000] {processor.py:756} INFO - Processing file /opt/airflow/dags/producer.py for tasks to queue
[2023-12-23T18:37:05.165+0000] {logging_mixin.py:120} INFO - [2023-12-23T18:37:05.165+0000] {dagbag.py:537} INFO - Filling up the DagBag from /opt/airflow/dags/producer.py
[2023-12-23T18:37:05.191+0000] {processor.py:766} INFO - DAG(s) dict_keys(['producer']) retrieved from /opt/airflow/dags/producer.py
[2023-12-23T18:37:05.219+0000] {logging_mixin.py:120} INFO - [2023-12-23T18:37:05.219+0000] {dag.py:2585} INFO - Sync 1 DAGs
[2023-12-23T18:37:05.233+0000] {logging_mixin.py:120} INFO - [2023-12-23T18:37:05.233+0000] {dag.py:3340} INFO - Setting next_dagrun for producer to 2023-12-23T00:00:00+00:00, run_after=2023-12-24T00:00:00+00:00
[2023-12-23T18:37:05.246+0000] {processor.py:176} INFO - Processing /opt/airflow/dags/producer.py took 0.091 seconds
[2023-12-23T18:37:35.457+0000] {processor.py:154} INFO - Started process (PID=51780) to work on /opt/airflow/dags/producer.py
[2023-12-23T18:37:35.459+0000] {processor.py:756} INFO - Processing file /opt/airflow/dags/producer.py for tasks to queue
[2023-12-23T18:37:35.460+0000] {logging_mixin.py:120} INFO - [2023-12-23T18:37:35.460+0000] {dagbag.py:537} INFO - Filling up the DagBag from /opt/airflow/dags/producer.py
[2023-12-23T18:37:35.491+0000] {processor.py:766} INFO - DAG(s) dict_keys(['producer']) retrieved from /opt/airflow/dags/producer.py
[2023-12-23T18:37:35.525+0000] {logging_mixin.py:120} INFO - [2023-12-23T18:37:35.525+0000] {dag.py:2585} INFO - Sync 1 DAGs
[2023-12-23T18:37:35.660+0000] {logging_mixin.py:120} INFO - [2023-12-23T18:37:35.660+0000] {dag.py:3340} INFO - Setting next_dagrun for producer to 2023-12-23T00:00:00+00:00, run_after=2023-12-24T00:00:00+00:00
[2023-12-23T18:37:35.672+0000] {processor.py:176} INFO - Processing /opt/airflow/dags/producer.py took 0.220 seconds
[2023-12-23T18:38:06.433+0000] {processor.py:154} INFO - Started process (PID=51846) to work on /opt/airflow/dags/producer.py
[2023-12-23T18:38:06.434+0000] {processor.py:756} INFO - Processing file /opt/airflow/dags/producer.py for tasks to queue
[2023-12-23T18:38:06.435+0000] {logging_mixin.py:120} INFO - [2023-12-23T18:38:06.435+0000] {dagbag.py:537} INFO - Filling up the DagBag from /opt/airflow/dags/producer.py
[2023-12-23T18:38:06.460+0000] {processor.py:766} INFO - DAG(s) dict_keys(['producer']) retrieved from /opt/airflow/dags/producer.py
[2023-12-23T18:38:06.489+0000] {logging_mixin.py:120} INFO - [2023-12-23T18:38:06.489+0000] {dag.py:2585} INFO - Sync 1 DAGs
[2023-12-23T18:38:06.590+0000] {logging_mixin.py:120} INFO - [2023-12-23T18:38:06.590+0000] {dag.py:3340} INFO - Setting next_dagrun for producer to 2023-12-23T00:00:00+00:00, run_after=2023-12-24T00:00:00+00:00
[2023-12-23T18:38:06.601+0000] {processor.py:176} INFO - Processing /opt/airflow/dags/producer.py took 0.174 seconds
[2023-12-23T18:38:36.960+0000] {processor.py:154} INFO - Started process (PID=51913) to work on /opt/airflow/dags/producer.py
[2023-12-23T18:38:36.962+0000] {processor.py:756} INFO - Processing file /opt/airflow/dags/producer.py for tasks to queue
[2023-12-23T18:38:36.963+0000] {logging_mixin.py:120} INFO - [2023-12-23T18:38:36.963+0000] {dagbag.py:537} INFO - Filling up the DagBag from /opt/airflow/dags/producer.py
[2023-12-23T18:38:36.985+0000] {processor.py:766} INFO - DAG(s) dict_keys(['producer']) retrieved from /opt/airflow/dags/producer.py
[2023-12-23T18:38:37.013+0000] {logging_mixin.py:120} INFO - [2023-12-23T18:38:37.012+0000] {dag.py:2585} INFO - Sync 1 DAGs
[2023-12-23T18:38:37.026+0000] {logging_mixin.py:120} INFO - [2023-12-23T18:38:37.026+0000] {dag.py:3340} INFO - Setting next_dagrun for producer to 2023-12-23T00:00:00+00:00, run_after=2023-12-24T00:00:00+00:00
[2023-12-23T18:38:37.039+0000] {processor.py:176} INFO - Processing /opt/airflow/dags/producer.py took 0.082 seconds
[2023-12-23T18:39:07.374+0000] {processor.py:154} INFO - Started process (PID=51980) to work on /opt/airflow/dags/producer.py
[2023-12-23T18:39:07.375+0000] {processor.py:756} INFO - Processing file /opt/airflow/dags/producer.py for tasks to queue
[2023-12-23T18:39:07.377+0000] {logging_mixin.py:120} INFO - [2023-12-23T18:39:07.377+0000] {dagbag.py:537} INFO - Filling up the DagBag from /opt/airflow/dags/producer.py
[2023-12-23T18:39:07.412+0000] {processor.py:766} INFO - DAG(s) dict_keys(['producer']) retrieved from /opt/airflow/dags/producer.py
[2023-12-23T18:39:07.440+0000] {logging_mixin.py:120} INFO - [2023-12-23T18:39:07.440+0000] {dag.py:2585} INFO - Sync 1 DAGs
[2023-12-23T18:39:07.455+0000] {logging_mixin.py:120} INFO - [2023-12-23T18:39:07.455+0000] {dag.py:3340} INFO - Setting next_dagrun for producer to 2023-12-23T00:00:00+00:00, run_after=2023-12-24T00:00:00+00:00
[2023-12-23T18:39:07.469+0000] {processor.py:176} INFO - Processing /opt/airflow/dags/producer.py took 0.101 seconds
[2023-12-23T18:39:38.432+0000] {processor.py:154} INFO - Started process (PID=52047) to work on /opt/airflow/dags/producer.py
[2023-12-23T18:39:38.433+0000] {processor.py:756} INFO - Processing file /opt/airflow/dags/producer.py for tasks to queue
[2023-12-23T18:39:38.433+0000] {logging_mixin.py:120} INFO - [2023-12-23T18:39:38.433+0000] {dagbag.py:537} INFO - Filling up the DagBag from /opt/airflow/dags/producer.py
[2023-12-23T18:39:38.449+0000] {processor.py:766} INFO - DAG(s) dict_keys(['producer']) retrieved from /opt/airflow/dags/producer.py
[2023-12-23T18:39:38.474+0000] {logging_mixin.py:120} INFO - [2023-12-23T18:39:38.474+0000] {dag.py:2585} INFO - Sync 1 DAGs
[2023-12-23T18:39:38.577+0000] {logging_mixin.py:120} INFO - [2023-12-23T18:39:38.576+0000] {dag.py:3340} INFO - Setting next_dagrun for producer to 2023-12-23T00:00:00+00:00, run_after=2023-12-24T00:00:00+00:00
[2023-12-23T18:39:38.587+0000] {processor.py:176} INFO - Processing /opt/airflow/dags/producer.py took 0.158 seconds
[2023-12-23T18:40:09.429+0000] {processor.py:154} INFO - Started process (PID=52114) to work on /opt/airflow/dags/producer.py
[2023-12-23T18:40:09.430+0000] {processor.py:756} INFO - Processing file /opt/airflow/dags/producer.py for tasks to queue
[2023-12-23T18:40:09.431+0000] {logging_mixin.py:120} INFO - [2023-12-23T18:40:09.430+0000] {dagbag.py:537} INFO - Filling up the DagBag from /opt/airflow/dags/producer.py
[2023-12-23T18:40:09.451+0000] {processor.py:766} INFO - DAG(s) dict_keys(['producer']) retrieved from /opt/airflow/dags/producer.py
[2023-12-23T18:40:09.474+0000] {logging_mixin.py:120} INFO - [2023-12-23T18:40:09.474+0000] {dag.py:2585} INFO - Sync 1 DAGs
[2023-12-23T18:40:09.571+0000] {logging_mixin.py:120} INFO - [2023-12-23T18:40:09.571+0000] {dag.py:3340} INFO - Setting next_dagrun for producer to 2023-12-23T00:00:00+00:00, run_after=2023-12-24T00:00:00+00:00
[2023-12-23T18:40:09.582+0000] {processor.py:176} INFO - Processing /opt/airflow/dags/producer.py took 0.157 seconds
[2023-12-23T18:40:40.184+0000] {processor.py:154} INFO - Started process (PID=52181) to work on /opt/airflow/dags/producer.py
[2023-12-23T18:40:40.186+0000] {processor.py:756} INFO - Processing file /opt/airflow/dags/producer.py for tasks to queue
[2023-12-23T18:40:40.187+0000] {logging_mixin.py:120} INFO - [2023-12-23T18:40:40.187+0000] {dagbag.py:537} INFO - Filling up the DagBag from /opt/airflow/dags/producer.py
[2023-12-23T18:40:40.215+0000] {processor.py:766} INFO - DAG(s) dict_keys(['producer']) retrieved from /opt/airflow/dags/producer.py
[2023-12-23T18:40:40.241+0000] {logging_mixin.py:120} INFO - [2023-12-23T18:40:40.241+0000] {dag.py:2585} INFO - Sync 1 DAGs
[2023-12-23T18:40:40.254+0000] {logging_mixin.py:120} INFO - [2023-12-23T18:40:40.254+0000] {dag.py:3340} INFO - Setting next_dagrun for producer to 2023-12-23T00:00:00+00:00, run_after=2023-12-24T00:00:00+00:00
[2023-12-23T18:40:40.265+0000] {processor.py:176} INFO - Processing /opt/airflow/dags/producer.py took 0.086 seconds
[2023-12-23T18:41:10.424+0000] {processor.py:154} INFO - Started process (PID=52239) to work on /opt/airflow/dags/producer.py
[2023-12-23T18:41:10.426+0000] {processor.py:756} INFO - Processing file /opt/airflow/dags/producer.py for tasks to queue
[2023-12-23T18:41:10.427+0000] {logging_mixin.py:120} INFO - [2023-12-23T18:41:10.427+0000] {dagbag.py:537} INFO - Filling up the DagBag from /opt/airflow/dags/producer.py
[2023-12-23T18:41:10.456+0000] {processor.py:766} INFO - DAG(s) dict_keys(['producer']) retrieved from /opt/airflow/dags/producer.py
[2023-12-23T18:41:10.483+0000] {logging_mixin.py:120} INFO - [2023-12-23T18:41:10.483+0000] {dag.py:2585} INFO - Sync 1 DAGs
[2023-12-23T18:41:10.497+0000] {logging_mixin.py:120} INFO - [2023-12-23T18:41:10.497+0000] {dag.py:3340} INFO - Setting next_dagrun for producer to 2023-12-23T00:00:00+00:00, run_after=2023-12-24T00:00:00+00:00
[2023-12-23T18:41:10.596+0000] {processor.py:176} INFO - Processing /opt/airflow/dags/producer.py took 0.177 seconds
[2023-12-23T18:41:40.721+0000] {processor.py:154} INFO - Started process (PID=52306) to work on /opt/airflow/dags/producer.py
[2023-12-23T18:41:40.722+0000] {processor.py:756} INFO - Processing file /opt/airflow/dags/producer.py for tasks to queue
[2023-12-23T18:41:40.723+0000] {logging_mixin.py:120} INFO - [2023-12-23T18:41:40.723+0000] {dagbag.py:537} INFO - Filling up the DagBag from /opt/airflow/dags/producer.py
[2023-12-23T18:41:40.754+0000] {processor.py:766} INFO - DAG(s) dict_keys(['producer']) retrieved from /opt/airflow/dags/producer.py
[2023-12-23T18:41:40.782+0000] {logging_mixin.py:120} INFO - [2023-12-23T18:41:40.782+0000] {dag.py:2585} INFO - Sync 1 DAGs
[2023-12-23T18:41:40.881+0000] {logging_mixin.py:120} INFO - [2023-12-23T18:41:40.881+0000] {dag.py:3340} INFO - Setting next_dagrun for producer to 2023-12-23T00:00:00+00:00, run_after=2023-12-24T00:00:00+00:00
[2023-12-23T18:41:40.891+0000] {processor.py:176} INFO - Processing /opt/airflow/dags/producer.py took 0.176 seconds
[2023-12-23T18:42:11.500+0000] {processor.py:154} INFO - Started process (PID=52373) to work on /opt/airflow/dags/producer.py
[2023-12-23T18:42:11.502+0000] {processor.py:756} INFO - Processing file /opt/airflow/dags/producer.py for tasks to queue
[2023-12-23T18:42:11.503+0000] {logging_mixin.py:120} INFO - [2023-12-23T18:42:11.503+0000] {dagbag.py:537} INFO - Filling up the DagBag from /opt/airflow/dags/producer.py
[2023-12-23T18:42:11.530+0000] {processor.py:766} INFO - DAG(s) dict_keys(['producer']) retrieved from /opt/airflow/dags/producer.py
[2023-12-23T18:42:11.649+0000] {logging_mixin.py:120} INFO - [2023-12-23T18:42:11.648+0000] {dag.py:2585} INFO - Sync 1 DAGs
[2023-12-23T18:42:11.660+0000] {logging_mixin.py:120} INFO - [2023-12-23T18:42:11.660+0000] {dag.py:3340} INFO - Setting next_dagrun for producer to 2023-12-23T00:00:00+00:00, run_after=2023-12-24T00:00:00+00:00
[2023-12-23T18:42:11.671+0000] {processor.py:176} INFO - Processing /opt/airflow/dags/producer.py took 0.177 seconds
[2023-12-23T18:42:42.564+0000] {processor.py:154} INFO - Started process (PID=52439) to work on /opt/airflow/dags/producer.py
[2023-12-23T18:42:42.565+0000] {processor.py:756} INFO - Processing file /opt/airflow/dags/producer.py for tasks to queue
[2023-12-23T18:42:42.567+0000] {logging_mixin.py:120} INFO - [2023-12-23T18:42:42.566+0000] {dagbag.py:537} INFO - Filling up the DagBag from /opt/airflow/dags/producer.py
[2023-12-23T18:42:42.585+0000] {processor.py:766} INFO - DAG(s) dict_keys(['producer']) retrieved from /opt/airflow/dags/producer.py
[2023-12-23T18:42:42.613+0000] {logging_mixin.py:120} INFO - [2023-12-23T18:42:42.613+0000] {dag.py:2585} INFO - Sync 1 DAGs
[2023-12-23T18:42:42.628+0000] {logging_mixin.py:120} INFO - [2023-12-23T18:42:42.628+0000] {dag.py:3340} INFO - Setting next_dagrun for producer to 2023-12-23T00:00:00+00:00, run_after=2023-12-24T00:00:00+00:00
[2023-12-23T18:42:42.641+0000] {processor.py:176} INFO - Processing /opt/airflow/dags/producer.py took 0.081 seconds
[2023-12-23T18:43:12.724+0000] {processor.py:154} INFO - Started process (PID=52506) to work on /opt/airflow/dags/producer.py
[2023-12-23T18:43:12.725+0000] {processor.py:756} INFO - Processing file /opt/airflow/dags/producer.py for tasks to queue
[2023-12-23T18:43:12.726+0000] {logging_mixin.py:120} INFO - [2023-12-23T18:43:12.726+0000] {dagbag.py:537} INFO - Filling up the DagBag from /opt/airflow/dags/producer.py
[2023-12-23T18:43:12.755+0000] {processor.py:766} INFO - DAG(s) dict_keys(['producer']) retrieved from /opt/airflow/dags/producer.py
[2023-12-23T18:43:12.784+0000] {logging_mixin.py:120} INFO - [2023-12-23T18:43:12.783+0000] {dag.py:2585} INFO - Sync 1 DAGs
[2023-12-23T18:43:12.798+0000] {logging_mixin.py:120} INFO - [2023-12-23T18:43:12.798+0000] {dag.py:3340} INFO - Setting next_dagrun for producer to 2023-12-23T00:00:00+00:00, run_after=2023-12-24T00:00:00+00:00
[2023-12-23T18:43:12.895+0000] {processor.py:176} INFO - Processing /opt/airflow/dags/producer.py took 0.177 seconds
[2023-12-23T18:43:43.257+0000] {processor.py:154} INFO - Started process (PID=52573) to work on /opt/airflow/dags/producer.py
[2023-12-23T18:43:43.258+0000] {processor.py:756} INFO - Processing file /opt/airflow/dags/producer.py for tasks to queue
[2023-12-23T18:43:43.259+0000] {logging_mixin.py:120} INFO - [2023-12-23T18:43:43.259+0000] {dagbag.py:537} INFO - Filling up the DagBag from /opt/airflow/dags/producer.py
[2023-12-23T18:43:43.285+0000] {processor.py:766} INFO - DAG(s) dict_keys(['producer']) retrieved from /opt/airflow/dags/producer.py
[2023-12-23T18:43:43.313+0000] {logging_mixin.py:120} INFO - [2023-12-23T18:43:43.313+0000] {dag.py:2585} INFO - Sync 1 DAGs
[2023-12-23T18:43:43.418+0000] {logging_mixin.py:120} INFO - [2023-12-23T18:43:43.418+0000] {dag.py:3340} INFO - Setting next_dagrun for producer to 2023-12-23T00:00:00+00:00, run_after=2023-12-24T00:00:00+00:00
[2023-12-23T18:43:43.428+0000] {processor.py:176} INFO - Processing /opt/airflow/dags/producer.py took 0.176 seconds
[2023-12-23T18:44:14.008+0000] {processor.py:154} INFO - Started process (PID=52641) to work on /opt/airflow/dags/producer.py
[2023-12-23T18:44:14.009+0000] {processor.py:756} INFO - Processing file /opt/airflow/dags/producer.py for tasks to queue
[2023-12-23T18:44:14.010+0000] {logging_mixin.py:120} INFO - [2023-12-23T18:44:14.010+0000] {dagbag.py:537} INFO - Filling up the DagBag from /opt/airflow/dags/producer.py
[2023-12-23T18:44:14.031+0000] {processor.py:766} INFO - DAG(s) dict_keys(['producer']) retrieved from /opt/airflow/dags/producer.py
[2023-12-23T18:44:14.150+0000] {logging_mixin.py:120} INFO - [2023-12-23T18:44:14.150+0000] {dag.py:2585} INFO - Sync 1 DAGs
[2023-12-23T18:44:14.161+0000] {logging_mixin.py:120} INFO - [2023-12-23T18:44:14.161+0000] {dag.py:3340} INFO - Setting next_dagrun for producer to 2023-12-23T00:00:00+00:00, run_after=2023-12-24T00:00:00+00:00
[2023-12-23T18:44:14.172+0000] {processor.py:176} INFO - Processing /opt/airflow/dags/producer.py took 0.167 seconds
[2023-12-23T18:44:44.292+0000] {processor.py:154} INFO - Started process (PID=52699) to work on /opt/airflow/dags/producer.py
[2023-12-23T18:44:44.293+0000] {processor.py:756} INFO - Processing file /opt/airflow/dags/producer.py for tasks to queue
[2023-12-23T18:44:44.294+0000] {logging_mixin.py:120} INFO - [2023-12-23T18:44:44.294+0000] {dagbag.py:537} INFO - Filling up the DagBag from /opt/airflow/dags/producer.py
[2023-12-23T18:44:44.317+0000] {processor.py:766} INFO - DAG(s) dict_keys(['producer']) retrieved from /opt/airflow/dags/producer.py
[2023-12-23T18:44:44.347+0000] {logging_mixin.py:120} INFO - [2023-12-23T18:44:44.347+0000] {dag.py:2585} INFO - Sync 1 DAGs
[2023-12-23T18:44:44.362+0000] {logging_mixin.py:120} INFO - [2023-12-23T18:44:44.362+0000] {dag.py:3340} INFO - Setting next_dagrun for producer to 2023-12-23T00:00:00+00:00, run_after=2023-12-24T00:00:00+00:00
[2023-12-23T18:44:44.374+0000] {processor.py:176} INFO - Processing /opt/airflow/dags/producer.py took 0.088 seconds
[2023-12-23T18:45:14.650+0000] {processor.py:154} INFO - Started process (PID=52766) to work on /opt/airflow/dags/producer.py
[2023-12-23T18:45:14.651+0000] {processor.py:756} INFO - Processing file /opt/airflow/dags/producer.py for tasks to queue
[2023-12-23T18:45:14.652+0000] {logging_mixin.py:120} INFO - [2023-12-23T18:45:14.652+0000] {dagbag.py:537} INFO - Filling up the DagBag from /opt/airflow/dags/producer.py
[2023-12-23T18:45:14.675+0000] {processor.py:766} INFO - DAG(s) dict_keys(['producer']) retrieved from /opt/airflow/dags/producer.py
[2023-12-23T18:45:14.704+0000] {logging_mixin.py:120} INFO - [2023-12-23T18:45:14.704+0000] {dag.py:2585} INFO - Sync 1 DAGs
[2023-12-23T18:45:14.718+0000] {logging_mixin.py:120} INFO - [2023-12-23T18:45:14.718+0000] {dag.py:3340} INFO - Setting next_dagrun for producer to 2023-12-23T00:00:00+00:00, run_after=2023-12-24T00:00:00+00:00
[2023-12-23T18:45:14.825+0000] {processor.py:176} INFO - Processing /opt/airflow/dags/producer.py took 0.179 seconds
[2023-12-23T18:45:45.714+0000] {processor.py:154} INFO - Started process (PID=52833) to work on /opt/airflow/dags/producer.py
[2023-12-23T18:45:45.715+0000] {processor.py:756} INFO - Processing file /opt/airflow/dags/producer.py for tasks to queue
[2023-12-23T18:45:45.716+0000] {logging_mixin.py:120} INFO - [2023-12-23T18:45:45.716+0000] {dagbag.py:537} INFO - Filling up the DagBag from /opt/airflow/dags/producer.py
[2023-12-23T18:45:45.746+0000] {processor.py:766} INFO - DAG(s) dict_keys(['producer']) retrieved from /opt/airflow/dags/producer.py
[2023-12-23T18:45:45.774+0000] {logging_mixin.py:120} INFO - [2023-12-23T18:45:45.774+0000] {dag.py:2585} INFO - Sync 1 DAGs
[2023-12-23T18:45:45.872+0000] {logging_mixin.py:120} INFO - [2023-12-23T18:45:45.872+0000] {dag.py:3340} INFO - Setting next_dagrun for producer to 2023-12-23T00:00:00+00:00, run_after=2023-12-24T00:00:00+00:00
[2023-12-23T18:45:45.883+0000] {processor.py:176} INFO - Processing /opt/airflow/dags/producer.py took 0.172 seconds
[2023-12-23T18:46:16.054+0000] {processor.py:154} INFO - Started process (PID=52900) to work on /opt/airflow/dags/producer.py
[2023-12-23T18:46:16.056+0000] {processor.py:756} INFO - Processing file /opt/airflow/dags/producer.py for tasks to queue
[2023-12-23T18:46:16.057+0000] {logging_mixin.py:120} INFO - [2023-12-23T18:46:16.057+0000] {dagbag.py:537} INFO - Filling up the DagBag from /opt/airflow/dags/producer.py
[2023-12-23T18:46:16.087+0000] {processor.py:766} INFO - DAG(s) dict_keys(['producer']) retrieved from /opt/airflow/dags/producer.py
[2023-12-23T18:46:16.197+0000] {logging_mixin.py:120} INFO - [2023-12-23T18:46:16.196+0000] {dag.py:2585} INFO - Sync 1 DAGs
[2023-12-23T18:46:16.208+0000] {logging_mixin.py:120} INFO - [2023-12-23T18:46:16.208+0000] {dag.py:3340} INFO - Setting next_dagrun for producer to 2023-12-23T00:00:00+00:00, run_after=2023-12-24T00:00:00+00:00
[2023-12-23T18:46:16.218+0000] {processor.py:176} INFO - Processing /opt/airflow/dags/producer.py took 0.169 seconds
[2023-12-23T19:18:19.120+0000] {processor.py:154} INFO - Started process (PID=52946) to work on /opt/airflow/dags/producer.py
[2023-12-23T19:18:19.120+0000] {processor.py:756} INFO - Processing file /opt/airflow/dags/producer.py for tasks to queue
[2023-12-23T19:18:19.121+0000] {logging_mixin.py:120} INFO - [2023-12-23T19:18:19.121+0000] {dagbag.py:537} INFO - Filling up the DagBag from /opt/airflow/dags/producer.py
[2023-12-23T19:18:19.134+0000] {processor.py:766} INFO - DAG(s) dict_keys(['producer']) retrieved from /opt/airflow/dags/producer.py
[2023-12-23T19:18:19.156+0000] {logging_mixin.py:120} INFO - [2023-12-23T19:18:19.156+0000] {dag.py:2585} INFO - Sync 1 DAGs
[2023-12-23T19:18:19.170+0000] {logging_mixin.py:120} INFO - [2023-12-23T19:18:19.169+0000] {dag.py:3340} INFO - Setting next_dagrun for producer to 2023-12-23T00:00:00+00:00, run_after=2023-12-24T00:00:00+00:00
[2023-12-23T19:18:19.181+0000] {processor.py:176} INFO - Processing /opt/airflow/dags/producer.py took 0.063 seconds
[2023-12-23T20:14:05.788+0000] {processor.py:154} INFO - Started process (PID=53012) to work on /opt/airflow/dags/producer.py
[2023-12-23T20:14:05.789+0000] {processor.py:756} INFO - Processing file /opt/airflow/dags/producer.py for tasks to queue
[2023-12-23T20:14:05.789+0000] {logging_mixin.py:120} INFO - [2023-12-23T20:14:05.789+0000] {dagbag.py:537} INFO - Filling up the DagBag from /opt/airflow/dags/producer.py
[2023-12-23T20:14:05.808+0000] {processor.py:766} INFO - DAG(s) dict_keys(['producer']) retrieved from /opt/airflow/dags/producer.py
[2023-12-23T20:14:05.837+0000] {logging_mixin.py:120} INFO - [2023-12-23T20:14:05.837+0000] {dag.py:2585} INFO - Sync 1 DAGs
[2023-12-23T20:14:05.856+0000] {logging_mixin.py:120} INFO - [2023-12-23T20:14:05.856+0000] {dag.py:3340} INFO - Setting next_dagrun for producer to 2023-12-23T00:00:00+00:00, run_after=2023-12-24T00:00:00+00:00
[2023-12-23T20:14:06.001+0000] {processor.py:176} INFO - Processing /opt/airflow/dags/producer.py took 0.216 seconds
[2023-12-23T21:34:44.393+0000] {processor.py:154} INFO - Started process (PID=53079) to work on /opt/airflow/dags/producer.py
[2023-12-23T21:34:44.395+0000] {processor.py:756} INFO - Processing file /opt/airflow/dags/producer.py for tasks to queue
[2023-12-23T21:34:44.396+0000] {logging_mixin.py:120} INFO - [2023-12-23T21:34:44.396+0000] {dagbag.py:537} INFO - Filling up the DagBag from /opt/airflow/dags/producer.py
[2023-12-23T21:34:44.424+0000] {processor.py:766} INFO - DAG(s) dict_keys(['producer']) retrieved from /opt/airflow/dags/producer.py
[2023-12-23T21:34:44.474+0000] {logging_mixin.py:120} INFO - [2023-12-23T21:34:44.474+0000] {dag.py:2585} INFO - Sync 1 DAGs
[2023-12-23T21:34:44.618+0000] {logging_mixin.py:120} INFO - [2023-12-23T21:34:44.617+0000] {dag.py:3340} INFO - Setting next_dagrun for producer to 2023-12-23T00:00:00+00:00, run_after=2023-12-24T00:00:00+00:00
[2023-12-23T21:34:44.641+0000] {processor.py:176} INFO - Processing /opt/airflow/dags/producer.py took 0.251 seconds
[2023-12-23T22:41:05.877+0000] {processor.py:154} INFO - Started process (PID=53146) to work on /opt/airflow/dags/producer.py
[2023-12-23T22:41:05.878+0000] {processor.py:756} INFO - Processing file /opt/airflow/dags/producer.py for tasks to queue
[2023-12-23T22:41:05.878+0000] {logging_mixin.py:120} INFO - [2023-12-23T22:41:05.878+0000] {dagbag.py:537} INFO - Filling up the DagBag from /opt/airflow/dags/producer.py
[2023-12-23T22:41:05.897+0000] {processor.py:766} INFO - DAG(s) dict_keys(['producer']) retrieved from /opt/airflow/dags/producer.py
[2023-12-23T22:41:05.930+0000] {logging_mixin.py:120} INFO - [2023-12-23T22:41:05.930+0000] {dag.py:2585} INFO - Sync 1 DAGs
[2023-12-23T22:41:05.946+0000] {logging_mixin.py:120} INFO - [2023-12-23T22:41:05.945+0000] {dag.py:3340} INFO - Setting next_dagrun for producer to 2023-12-23T00:00:00+00:00, run_after=2023-12-24T00:00:00+00:00
[2023-12-23T22:41:05.960+0000] {processor.py:176} INFO - Processing /opt/airflow/dags/producer.py took 0.086 seconds
[2023-12-23T23:18:20.793+0000] {processor.py:154} INFO - Started process (PID=53204) to work on /opt/airflow/dags/producer.py
[2023-12-23T23:18:20.795+0000] {processor.py:756} INFO - Processing file /opt/airflow/dags/producer.py for tasks to queue
[2023-12-23T23:18:20.796+0000] {logging_mixin.py:120} INFO - [2023-12-23T23:18:20.796+0000] {dagbag.py:537} INFO - Filling up the DagBag from /opt/airflow/dags/producer.py
[2023-12-23T23:18:20.822+0000] {processor.py:766} INFO - DAG(s) dict_keys(['producer']) retrieved from /opt/airflow/dags/producer.py
[2023-12-23T23:18:20.889+0000] {logging_mixin.py:120} INFO - [2023-12-23T23:18:20.889+0000] {dag.py:2585} INFO - Sync 1 DAGs
[2023-12-23T23:18:21.278+0000] {logging_mixin.py:120} INFO - [2023-12-23T23:18:21.278+0000] {dag.py:3340} INFO - Setting next_dagrun for producer to 2023-12-23T00:00:00+00:00, run_after=2023-12-24T00:00:00+00:00
[2023-12-23T23:18:21.551+0000] {processor.py:176} INFO - Processing /opt/airflow/dags/producer.py took 0.763 seconds
