[2023-12-24T08:06:33.936+0000] {taskinstance.py:1165} INFO - Dependencies all met for <TaskInstance: group_dag.transform_c manual__2023-12-24T08:05:21.840066+00:00 [queued]>
[2023-12-24T08:06:33.941+0000] {taskinstance.py:1165} INFO - Dependencies all met for <TaskInstance: group_dag.transform_c manual__2023-12-24T08:05:21.840066+00:00 [queued]>
[2023-12-24T08:06:33.941+0000] {taskinstance.py:1362} INFO - 
--------------------------------------------------------------------------------
[2023-12-24T08:06:33.941+0000] {taskinstance.py:1363} INFO - Starting attempt 1 of 1
[2023-12-24T08:06:33.942+0000] {taskinstance.py:1364} INFO - 
--------------------------------------------------------------------------------
[2023-12-24T08:06:33.952+0000] {taskinstance.py:1383} INFO - Executing <Task(BashOperator): transform_c> on 2023-12-24 08:05:21.840066+00:00
[2023-12-24T08:06:33.955+0000] {standard_task_runner.py:55} INFO - Started process 4038 to run task
[2023-12-24T08:06:33.958+0000] {standard_task_runner.py:82} INFO - Running: ['***', 'tasks', 'run', 'group_dag', 'transform_c', 'manual__2023-12-24T08:05:21.840066+00:00', '--job-id', '137', '--raw', '--subdir', 'DAGS_FOLDER/group_dag.py', '--cfg-path', '/tmp/tmpj11x37mm']
[2023-12-24T08:06:33.958+0000] {standard_task_runner.py:83} INFO - Job 137: Subtask transform_c
[2023-12-24T08:06:33.993+0000] {task_command.py:376} INFO - Running <TaskInstance: group_dag.transform_c manual__2023-12-24T08:05:21.840066+00:00 [running]> on host fd218fd35678
[2023-12-24T08:06:34.033+0000] {taskinstance.py:1592} INFO - Exporting the following env vars:
AIRFLOW_CTX_DAG_OWNER=***
AIRFLOW_CTX_DAG_ID=group_dag
AIRFLOW_CTX_TASK_ID=transform_c
AIRFLOW_CTX_EXECUTION_DATE=2023-12-24T08:05:21.840066+00:00
AIRFLOW_CTX_TRY_NUMBER=1
AIRFLOW_CTX_DAG_RUN_ID=manual__2023-12-24T08:05:21.840066+00:00
[2023-12-24T08:06:34.034+0000] {subprocess.py:63} INFO - Tmp dir root location: 
 /tmp
[2023-12-24T08:06:34.035+0000] {subprocess.py:75} INFO - Running command: ['/bin/bash', '-c', 'sleep 10']
[2023-12-24T08:06:34.044+0000] {subprocess.py:86} INFO - Output:
[2023-12-24T08:06:44.046+0000] {subprocess.py:97} INFO - Command exited with return code 0
[2023-12-24T08:06:44.069+0000] {taskinstance.py:1406} INFO - Marking task as SUCCESS. dag_id=group_dag, task_id=transform_c, execution_date=20231224T080521, start_date=20231224T080633, end_date=20231224T080644
[2023-12-24T08:06:44.090+0000] {local_task_job.py:164} INFO - Task exited with return code 0
[2023-12-24T08:06:44.101+0000] {local_task_job.py:273} INFO - 0 downstream tasks scheduled from follow-on schedule check
