[2023-12-24T14:03:34.219+0000] {taskinstance.py:1165} INFO - Dependencies all met for <TaskInstance: xcom_dag.t4 manual__2023-12-24T14:03:30.010967+00:00 [queued]>
[2023-12-24T14:03:34.224+0000] {taskinstance.py:1165} INFO - Dependencies all met for <TaskInstance: xcom_dag.t4 manual__2023-12-24T14:03:30.010967+00:00 [queued]>
[2023-12-24T14:03:34.224+0000] {taskinstance.py:1362} INFO - 
--------------------------------------------------------------------------------
[2023-12-24T14:03:34.224+0000] {taskinstance.py:1363} INFO - Starting attempt 1 of 1
[2023-12-24T14:03:34.225+0000] {taskinstance.py:1364} INFO - 
--------------------------------------------------------------------------------
[2023-12-24T14:03:34.231+0000] {taskinstance.py:1383} INFO - Executing <Task(BashOperator): t4> on 2023-12-24 14:03:30.010967+00:00
[2023-12-24T14:03:34.234+0000] {standard_task_runner.py:55} INFO - Started process 7927 to run task
[2023-12-24T14:03:34.237+0000] {standard_task_runner.py:82} INFO - Running: ['***', 'tasks', 'run', 'xcom_dag', 't4', 'manual__2023-12-24T14:03:30.010967+00:00', '--job-id', '179', '--raw', '--subdir', 'DAGS_FOLDER/xcom_dag.py', '--cfg-path', '/tmp/tmp4z9_fzo4']
[2023-12-24T14:03:34.237+0000] {standard_task_runner.py:83} INFO - Job 179: Subtask t4
[2023-12-24T14:03:34.271+0000] {task_command.py:376} INFO - Running <TaskInstance: xcom_dag.t4 manual__2023-12-24T14:03:30.010967+00:00 [running]> on host fd218fd35678
[2023-12-24T14:03:34.309+0000] {taskinstance.py:1592} INFO - Exporting the following env vars:
AIRFLOW_CTX_DAG_OWNER=***
AIRFLOW_CTX_DAG_ID=xcom_dag
AIRFLOW_CTX_TASK_ID=t4
AIRFLOW_CTX_EXECUTION_DATE=2023-12-24T14:03:30.010967+00:00
AIRFLOW_CTX_TRY_NUMBER=1
AIRFLOW_CTX_DAG_RUN_ID=manual__2023-12-24T14:03:30.010967+00:00
[2023-12-24T14:03:34.310+0000] {subprocess.py:63} INFO - Tmp dir root location: 
 /tmp
[2023-12-24T14:03:34.310+0000] {subprocess.py:75} INFO - Running command: ['/bin/bash', '-c', "echo ''"]
[2023-12-24T14:03:34.317+0000] {subprocess.py:86} INFO - Output:
[2023-12-24T14:03:34.319+0000] {subprocess.py:93} INFO - 
[2023-12-24T14:03:34.319+0000] {subprocess.py:97} INFO - Command exited with return code 0
[2023-12-24T14:03:34.333+0000] {taskinstance.py:1406} INFO - Marking task as SUCCESS. dag_id=xcom_dag, task_id=t4, execution_date=20231224T140330, start_date=20231224T140334, end_date=20231224T140334
[2023-12-24T14:03:34.369+0000] {local_task_job.py:164} INFO - Task exited with return code 0
[2023-12-24T14:03:34.380+0000] {local_task_job.py:273} INFO - 0 downstream tasks scheduled from follow-on schedule check
