[2023-12-24T08:00:01.268+0000] {processor.py:154} INFO - Started process (PID=4433) to work on /opt/airflow/dags/subdags/subdags_downloads.py
[2023-12-24T08:00:01.269+0000] {processor.py:756} INFO - Processing file /opt/airflow/dags/subdags/subdags_downloads.py for tasks to queue
[2023-12-24T08:00:01.270+0000] {logging_mixin.py:120} INFO - [2023-12-24T08:00:01.269+0000] {dagbag.py:537} INFO - Filling up the DagBag from /opt/airflow/dags/subdags/subdags_downloads.py
[2023-12-24T08:00:01.276+0000] {processor.py:768} WARNING - No viable dags retrieved from /opt/airflow/dags/subdags/subdags_downloads.py
[2023-12-24T08:00:01.287+0000] {processor.py:176} INFO - Processing /opt/airflow/dags/subdags/subdags_downloads.py took 0.023 seconds
[2023-12-24T08:00:31.816+0000] {processor.py:154} INFO - Started process (PID=4467) to work on /opt/airflow/dags/subdags/subdags_downloads.py
[2023-12-24T08:00:31.817+0000] {processor.py:756} INFO - Processing file /opt/airflow/dags/subdags/subdags_downloads.py for tasks to queue
[2023-12-24T08:00:31.817+0000] {logging_mixin.py:120} INFO - [2023-12-24T08:00:31.817+0000] {dagbag.py:537} INFO - Filling up the DagBag from /opt/airflow/dags/subdags/subdags_downloads.py
[2023-12-24T08:00:31.822+0000] {processor.py:768} WARNING - No viable dags retrieved from /opt/airflow/dags/subdags/subdags_downloads.py
[2023-12-24T08:00:31.834+0000] {processor.py:176} INFO - Processing /opt/airflow/dags/subdags/subdags_downloads.py took 0.021 seconds
[2023-12-24T08:01:02.493+0000] {processor.py:154} INFO - Started process (PID=4492) to work on /opt/airflow/dags/subdags/subdags_downloads.py
[2023-12-24T08:01:02.495+0000] {processor.py:756} INFO - Processing file /opt/airflow/dags/subdags/subdags_downloads.py for tasks to queue
[2023-12-24T08:01:02.495+0000] {logging_mixin.py:120} INFO - [2023-12-24T08:01:02.495+0000] {dagbag.py:537} INFO - Filling up the DagBag from /opt/airflow/dags/subdags/subdags_downloads.py
[2023-12-24T08:01:02.504+0000] {processor.py:768} WARNING - No viable dags retrieved from /opt/airflow/dags/subdags/subdags_downloads.py
[2023-12-24T08:01:02.520+0000] {processor.py:176} INFO - Processing /opt/airflow/dags/subdags/subdags_downloads.py took 0.030 seconds
[2023-12-24T08:01:33.066+0000] {processor.py:154} INFO - Started process (PID=4526) to work on /opt/airflow/dags/subdags/subdags_downloads.py
[2023-12-24T08:01:33.067+0000] {processor.py:756} INFO - Processing file /opt/airflow/dags/subdags/subdags_downloads.py for tasks to queue
[2023-12-24T08:01:33.068+0000] {logging_mixin.py:120} INFO - [2023-12-24T08:01:33.068+0000] {dagbag.py:537} INFO - Filling up the DagBag from /opt/airflow/dags/subdags/subdags_downloads.py
[2023-12-24T08:01:33.074+0000] {processor.py:768} WARNING - No viable dags retrieved from /opt/airflow/dags/subdags/subdags_downloads.py
[2023-12-24T08:01:33.087+0000] {processor.py:176} INFO - Processing /opt/airflow/dags/subdags/subdags_downloads.py took 0.028 seconds
[2023-12-24T08:02:04.037+0000] {processor.py:154} INFO - Started process (PID=4562) to work on /opt/airflow/dags/subdags/subdags_downloads.py
[2023-12-24T08:02:04.039+0000] {processor.py:756} INFO - Processing file /opt/airflow/dags/subdags/subdags_downloads.py for tasks to queue
[2023-12-24T08:02:04.040+0000] {logging_mixin.py:120} INFO - [2023-12-24T08:02:04.039+0000] {dagbag.py:537} INFO - Filling up the DagBag from /opt/airflow/dags/subdags/subdags_downloads.py
[2023-12-24T08:02:04.046+0000] {processor.py:768} WARNING - No viable dags retrieved from /opt/airflow/dags/subdags/subdags_downloads.py
[2023-12-24T08:02:04.064+0000] {processor.py:176} INFO - Processing /opt/airflow/dags/subdags/subdags_downloads.py took 0.033 seconds
[2023-12-24T08:02:34.592+0000] {processor.py:154} INFO - Started process (PID=4596) to work on /opt/airflow/dags/subdags/subdags_downloads.py
[2023-12-24T08:02:34.593+0000] {processor.py:756} INFO - Processing file /opt/airflow/dags/subdags/subdags_downloads.py for tasks to queue
[2023-12-24T08:02:34.594+0000] {logging_mixin.py:120} INFO - [2023-12-24T08:02:34.594+0000] {dagbag.py:537} INFO - Filling up the DagBag from /opt/airflow/dags/subdags/subdags_downloads.py
[2023-12-24T08:02:34.600+0000] {processor.py:768} WARNING - No viable dags retrieved from /opt/airflow/dags/subdags/subdags_downloads.py
[2023-12-24T08:02:34.614+0000] {processor.py:176} INFO - Processing /opt/airflow/dags/subdags/subdags_downloads.py took 0.026 seconds
[2023-12-24T08:03:05.186+0000] {processor.py:154} INFO - Started process (PID=4630) to work on /opt/airflow/dags/subdags/subdags_downloads.py
[2023-12-24T08:03:05.188+0000] {processor.py:756} INFO - Processing file /opt/airflow/dags/subdags/subdags_downloads.py for tasks to queue
[2023-12-24T08:03:05.189+0000] {logging_mixin.py:120} INFO - [2023-12-24T08:03:05.189+0000] {dagbag.py:537} INFO - Filling up the DagBag from /opt/airflow/dags/subdags/subdags_downloads.py
[2023-12-24T08:03:05.196+0000] {processor.py:768} WARNING - No viable dags retrieved from /opt/airflow/dags/subdags/subdags_downloads.py
[2023-12-24T08:03:05.208+0000] {processor.py:176} INFO - Processing /opt/airflow/dags/subdags/subdags_downloads.py took 0.026 seconds
[2023-12-24T08:03:35.743+0000] {processor.py:154} INFO - Started process (PID=4663) to work on /opt/airflow/dags/subdags/subdags_downloads.py
[2023-12-24T08:03:35.744+0000] {processor.py:756} INFO - Processing file /opt/airflow/dags/subdags/subdags_downloads.py for tasks to queue
[2023-12-24T08:03:35.745+0000] {logging_mixin.py:120} INFO - [2023-12-24T08:03:35.745+0000] {dagbag.py:537} INFO - Filling up the DagBag from /opt/airflow/dags/subdags/subdags_downloads.py
[2023-12-24T08:03:35.751+0000] {processor.py:768} WARNING - No viable dags retrieved from /opt/airflow/dags/subdags/subdags_downloads.py
[2023-12-24T08:03:35.764+0000] {processor.py:176} INFO - Processing /opt/airflow/dags/subdags/subdags_downloads.py took 0.023 seconds
[2023-12-24T08:04:06.420+0000] {processor.py:154} INFO - Started process (PID=4699) to work on /opt/airflow/dags/subdags/subdags_downloads.py
[2023-12-24T08:04:06.421+0000] {processor.py:756} INFO - Processing file /opt/airflow/dags/subdags/subdags_downloads.py for tasks to queue
[2023-12-24T08:04:06.423+0000] {logging_mixin.py:120} INFO - [2023-12-24T08:04:06.422+0000] {dagbag.py:537} INFO - Filling up the DagBag from /opt/airflow/dags/subdags/subdags_downloads.py
[2023-12-24T08:04:06.428+0000] {processor.py:768} WARNING - No viable dags retrieved from /opt/airflow/dags/subdags/subdags_downloads.py
[2023-12-24T08:04:06.437+0000] {processor.py:176} INFO - Processing /opt/airflow/dags/subdags/subdags_downloads.py took 0.019 seconds
[2023-12-24T08:04:37.065+0000] {processor.py:154} INFO - Started process (PID=4726) to work on /opt/airflow/dags/subdags/subdags_downloads.py
[2023-12-24T08:04:37.067+0000] {processor.py:756} INFO - Processing file /opt/airflow/dags/subdags/subdags_downloads.py for tasks to queue
[2023-12-24T08:04:37.068+0000] {logging_mixin.py:120} INFO - [2023-12-24T08:04:37.068+0000] {dagbag.py:537} INFO - Filling up the DagBag from /opt/airflow/dags/subdags/subdags_downloads.py
[2023-12-24T08:04:37.078+0000] {processor.py:768} WARNING - No viable dags retrieved from /opt/airflow/dags/subdags/subdags_downloads.py
[2023-12-24T08:04:37.095+0000] {processor.py:176} INFO - Processing /opt/airflow/dags/subdags/subdags_downloads.py took 0.035 seconds
[2023-12-24T08:04:41.253+0000] {processor.py:154} INFO - Started process (PID=4737) to work on /opt/airflow/dags/subdags/subdags_downloads.py
[2023-12-24T08:04:41.254+0000] {processor.py:756} INFO - Processing file /opt/airflow/dags/subdags/subdags_downloads.py for tasks to queue
[2023-12-24T08:04:41.255+0000] {logging_mixin.py:120} INFO - [2023-12-24T08:04:41.254+0000] {dagbag.py:537} INFO - Filling up the DagBag from /opt/airflow/dags/subdags/subdags_downloads.py
[2023-12-24T08:04:41.263+0000] {processor.py:768} WARNING - No viable dags retrieved from /opt/airflow/dags/subdags/subdags_downloads.py
[2023-12-24T08:04:41.277+0000] {processor.py:176} INFO - Processing /opt/airflow/dags/subdags/subdags_downloads.py took 0.027 seconds
[2023-12-24T08:05:11.310+0000] {processor.py:154} INFO - Started process (PID=4771) to work on /opt/airflow/dags/subdags/subdags_downloads.py
[2023-12-24T08:05:11.311+0000] {processor.py:756} INFO - Processing file /opt/airflow/dags/subdags/subdags_downloads.py for tasks to queue
[2023-12-24T08:05:11.312+0000] {logging_mixin.py:120} INFO - [2023-12-24T08:05:11.312+0000] {dagbag.py:537} INFO - Filling up the DagBag from /opt/airflow/dags/subdags/subdags_downloads.py
[2023-12-24T08:05:11.321+0000] {processor.py:768} WARNING - No viable dags retrieved from /opt/airflow/dags/subdags/subdags_downloads.py
[2023-12-24T08:05:11.335+0000] {processor.py:176} INFO - Processing /opt/airflow/dags/subdags/subdags_downloads.py took 0.030 seconds
[2023-12-24T08:05:41.879+0000] {processor.py:154} INFO - Started process (PID=4800) to work on /opt/airflow/dags/subdags/subdags_downloads.py
[2023-12-24T08:05:41.881+0000] {processor.py:756} INFO - Processing file /opt/airflow/dags/subdags/subdags_downloads.py for tasks to queue
[2023-12-24T08:05:41.882+0000] {logging_mixin.py:120} INFO - [2023-12-24T08:05:41.882+0000] {dagbag.py:537} INFO - Filling up the DagBag from /opt/airflow/dags/subdags/subdags_downloads.py
[2023-12-24T08:05:41.891+0000] {processor.py:768} WARNING - No viable dags retrieved from /opt/airflow/dags/subdags/subdags_downloads.py
[2023-12-24T08:05:41.910+0000] {processor.py:176} INFO - Processing /opt/airflow/dags/subdags/subdags_downloads.py took 0.036 seconds
[2023-12-24T08:06:12.473+0000] {processor.py:154} INFO - Started process (PID=4834) to work on /opt/airflow/dags/subdags/subdags_downloads.py
[2023-12-24T08:06:12.474+0000] {processor.py:756} INFO - Processing file /opt/airflow/dags/subdags/subdags_downloads.py for tasks to queue
[2023-12-24T08:06:12.475+0000] {logging_mixin.py:120} INFO - [2023-12-24T08:06:12.475+0000] {dagbag.py:537} INFO - Filling up the DagBag from /opt/airflow/dags/subdags/subdags_downloads.py
[2023-12-24T08:06:12.483+0000] {processor.py:768} WARNING - No viable dags retrieved from /opt/airflow/dags/subdags/subdags_downloads.py
[2023-12-24T08:06:12.496+0000] {processor.py:176} INFO - Processing /opt/airflow/dags/subdags/subdags_downloads.py took 0.027 seconds
[2023-12-24T08:06:43.016+0000] {processor.py:154} INFO - Started process (PID=4873) to work on /opt/airflow/dags/subdags/subdags_downloads.py
[2023-12-24T08:06:43.018+0000] {processor.py:756} INFO - Processing file /opt/airflow/dags/subdags/subdags_downloads.py for tasks to queue
[2023-12-24T08:06:43.019+0000] {logging_mixin.py:120} INFO - [2023-12-24T08:06:43.019+0000] {dagbag.py:537} INFO - Filling up the DagBag from /opt/airflow/dags/subdags/subdags_downloads.py
[2023-12-24T08:06:43.026+0000] {processor.py:768} WARNING - No viable dags retrieved from /opt/airflow/dags/subdags/subdags_downloads.py
[2023-12-24T08:06:43.040+0000] {processor.py:176} INFO - Processing /opt/airflow/dags/subdags/subdags_downloads.py took 0.029 seconds
[2023-12-24T08:07:13.581+0000] {processor.py:154} INFO - Started process (PID=4907) to work on /opt/airflow/dags/subdags/subdags_downloads.py
[2023-12-24T08:07:13.583+0000] {processor.py:756} INFO - Processing file /opt/airflow/dags/subdags/subdags_downloads.py for tasks to queue
[2023-12-24T08:07:13.585+0000] {logging_mixin.py:120} INFO - [2023-12-24T08:07:13.585+0000] {dagbag.py:537} INFO - Filling up the DagBag from /opt/airflow/dags/subdags/subdags_downloads.py
[2023-12-24T08:07:13.595+0000] {processor.py:768} WARNING - No viable dags retrieved from /opt/airflow/dags/subdags/subdags_downloads.py
[2023-12-24T08:07:13.609+0000] {processor.py:176} INFO - Processing /opt/airflow/dags/subdags/subdags_downloads.py took 0.033 seconds
[2023-12-24T08:07:44.154+0000] {processor.py:154} INFO - Started process (PID=4941) to work on /opt/airflow/dags/subdags/subdags_downloads.py
[2023-12-24T08:07:44.155+0000] {processor.py:756} INFO - Processing file /opt/airflow/dags/subdags/subdags_downloads.py for tasks to queue
[2023-12-24T08:07:44.156+0000] {logging_mixin.py:120} INFO - [2023-12-24T08:07:44.156+0000] {dagbag.py:537} INFO - Filling up the DagBag from /opt/airflow/dags/subdags/subdags_downloads.py
[2023-12-24T08:07:44.161+0000] {processor.py:768} WARNING - No viable dags retrieved from /opt/airflow/dags/subdags/subdags_downloads.py
[2023-12-24T08:07:44.174+0000] {processor.py:176} INFO - Processing /opt/airflow/dags/subdags/subdags_downloads.py took 0.024 seconds
[2023-12-24T08:08:52.531+0000] {processor.py:154} INFO - Started process (PID=4965) to work on /opt/airflow/dags/subdags/subdags_downloads.py
[2023-12-24T08:08:52.532+0000] {processor.py:756} INFO - Processing file /opt/airflow/dags/subdags/subdags_downloads.py for tasks to queue
[2023-12-24T08:08:52.533+0000] {logging_mixin.py:120} INFO - [2023-12-24T08:08:52.533+0000] {dagbag.py:537} INFO - Filling up the DagBag from /opt/airflow/dags/subdags/subdags_downloads.py
[2023-12-24T08:08:52.541+0000] {processor.py:768} WARNING - No viable dags retrieved from /opt/airflow/dags/subdags/subdags_downloads.py
[2023-12-24T08:08:52.555+0000] {processor.py:176} INFO - Processing /opt/airflow/dags/subdags/subdags_downloads.py took 0.029 seconds
[2023-12-24T08:43:14.718+0000] {processor.py:154} INFO - Started process (PID=4999) to work on /opt/airflow/dags/subdags/subdags_downloads.py
[2023-12-24T08:43:14.720+0000] {processor.py:756} INFO - Processing file /opt/airflow/dags/subdags/subdags_downloads.py for tasks to queue
[2023-12-24T08:43:14.720+0000] {logging_mixin.py:120} INFO - [2023-12-24T08:43:14.720+0000] {dagbag.py:537} INFO - Filling up the DagBag from /opt/airflow/dags/subdags/subdags_downloads.py
[2023-12-24T08:43:14.724+0000] {processor.py:768} WARNING - No viable dags retrieved from /opt/airflow/dags/subdags/subdags_downloads.py
[2023-12-24T08:43:14.735+0000] {processor.py:176} INFO - Processing /opt/airflow/dags/subdags/subdags_downloads.py took 0.021 seconds
[2023-12-24T09:46:17.265+0000] {processor.py:154} INFO - Started process (PID=5024) to work on /opt/airflow/dags/subdags/subdags_downloads.py
[2023-12-24T09:46:17.267+0000] {processor.py:756} INFO - Processing file /opt/airflow/dags/subdags/subdags_downloads.py for tasks to queue
[2023-12-24T09:46:17.268+0000] {logging_mixin.py:120} INFO - [2023-12-24T09:46:17.268+0000] {dagbag.py:537} INFO - Filling up the DagBag from /opt/airflow/dags/subdags/subdags_downloads.py
[2023-12-24T09:46:17.276+0000] {processor.py:768} WARNING - No viable dags retrieved from /opt/airflow/dags/subdags/subdags_downloads.py
[2023-12-24T09:46:17.290+0000] {processor.py:176} INFO - Processing /opt/airflow/dags/subdags/subdags_downloads.py took 0.031 seconds
[2023-12-24T10:11:02.126+0000] {processor.py:154} INFO - Started process (PID=5058) to work on /opt/airflow/dags/subdags/subdags_downloads.py
[2023-12-24T10:11:02.127+0000] {processor.py:756} INFO - Processing file /opt/airflow/dags/subdags/subdags_downloads.py for tasks to queue
[2023-12-24T10:11:02.128+0000] {logging_mixin.py:120} INFO - [2023-12-24T10:11:02.127+0000] {dagbag.py:537} INFO - Filling up the DagBag from /opt/airflow/dags/subdags/subdags_downloads.py
[2023-12-24T10:11:02.134+0000] {processor.py:768} WARNING - No viable dags retrieved from /opt/airflow/dags/subdags/subdags_downloads.py
[2023-12-24T10:11:02.147+0000] {processor.py:176} INFO - Processing /opt/airflow/dags/subdags/subdags_downloads.py took 0.025 seconds
[2023-12-24T11:05:00.988+0000] {processor.py:154} INFO - Started process (PID=5092) to work on /opt/airflow/dags/subdags/subdags_downloads.py
[2023-12-24T11:05:01.081+0000] {processor.py:756} INFO - Processing file /opt/airflow/dags/subdags/subdags_downloads.py for tasks to queue
[2023-12-24T11:05:01.089+0000] {logging_mixin.py:120} INFO - [2023-12-24T11:05:01.089+0000] {dagbag.py:537} INFO - Filling up the DagBag from /opt/airflow/dags/subdags/subdags_downloads.py
[2023-12-24T11:05:01.120+0000] {processor.py:768} WARNING - No viable dags retrieved from /opt/airflow/dags/subdags/subdags_downloads.py
[2023-12-24T11:05:01.142+0000] {processor.py:176} INFO - Processing /opt/airflow/dags/subdags/subdags_downloads.py took 0.401 seconds
[2023-12-24T11:56:38.255+0000] {processor.py:154} INFO - Started process (PID=5126) to work on /opt/airflow/dags/subdags/subdags_downloads.py
[2023-12-24T11:56:38.257+0000] {processor.py:756} INFO - Processing file /opt/airflow/dags/subdags/subdags_downloads.py for tasks to queue
[2023-12-24T11:56:38.261+0000] {logging_mixin.py:120} INFO - [2023-12-24T11:56:38.261+0000] {dagbag.py:537} INFO - Filling up the DagBag from /opt/airflow/dags/subdags/subdags_downloads.py
[2023-12-24T11:56:38.273+0000] {processor.py:768} WARNING - No viable dags retrieved from /opt/airflow/dags/subdags/subdags_downloads.py
[2023-12-24T11:56:38.296+0000] {processor.py:176} INFO - Processing /opt/airflow/dags/subdags/subdags_downloads.py took 0.045 seconds
[2023-12-24T12:26:32.450+0000] {processor.py:154} INFO - Started process (PID=5160) to work on /opt/airflow/dags/subdags/subdags_downloads.py
[2023-12-24T12:26:32.451+0000] {processor.py:756} INFO - Processing file /opt/airflow/dags/subdags/subdags_downloads.py for tasks to queue
[2023-12-24T12:26:32.452+0000] {logging_mixin.py:120} INFO - [2023-12-24T12:26:32.452+0000] {dagbag.py:537} INFO - Filling up the DagBag from /opt/airflow/dags/subdags/subdags_downloads.py
[2023-12-24T12:26:32.459+0000] {processor.py:768} WARNING - No viable dags retrieved from /opt/airflow/dags/subdags/subdags_downloads.py
[2023-12-24T12:26:32.480+0000] {processor.py:176} INFO - Processing /opt/airflow/dags/subdags/subdags_downloads.py took 0.035 seconds
[2023-12-24T12:32:18.832+0000] {processor.py:154} INFO - Started process (PID=5185) to work on /opt/airflow/dags/subdags/subdags_downloads.py
[2023-12-24T12:32:18.833+0000] {processor.py:756} INFO - Processing file /opt/airflow/dags/subdags/subdags_downloads.py for tasks to queue
[2023-12-24T12:32:18.834+0000] {logging_mixin.py:120} INFO - [2023-12-24T12:32:18.834+0000] {dagbag.py:537} INFO - Filling up the DagBag from /opt/airflow/dags/subdags/subdags_downloads.py
[2023-12-24T12:32:18.840+0000] {processor.py:768} WARNING - No viable dags retrieved from /opt/airflow/dags/subdags/subdags_downloads.py
[2023-12-24T12:32:18.854+0000] {processor.py:176} INFO - Processing /opt/airflow/dags/subdags/subdags_downloads.py took 0.028 seconds
[2023-12-24T12:32:49.468+0000] {processor.py:154} INFO - Started process (PID=5219) to work on /opt/airflow/dags/subdags/subdags_downloads.py
[2023-12-24T12:32:49.470+0000] {processor.py:756} INFO - Processing file /opt/airflow/dags/subdags/subdags_downloads.py for tasks to queue
[2023-12-24T12:32:49.471+0000] {logging_mixin.py:120} INFO - [2023-12-24T12:32:49.471+0000] {dagbag.py:537} INFO - Filling up the DagBag from /opt/airflow/dags/subdags/subdags_downloads.py
[2023-12-24T12:32:49.478+0000] {processor.py:768} WARNING - No viable dags retrieved from /opt/airflow/dags/subdags/subdags_downloads.py
[2023-12-24T12:32:49.494+0000] {processor.py:176} INFO - Processing /opt/airflow/dags/subdags/subdags_downloads.py took 0.032 seconds
[2023-12-24T12:33:20.022+0000] {processor.py:154} INFO - Started process (PID=5253) to work on /opt/airflow/dags/subdags/subdags_downloads.py
[2023-12-24T12:33:20.024+0000] {processor.py:756} INFO - Processing file /opt/airflow/dags/subdags/subdags_downloads.py for tasks to queue
[2023-12-24T12:33:20.025+0000] {logging_mixin.py:120} INFO - [2023-12-24T12:33:20.025+0000] {dagbag.py:537} INFO - Filling up the DagBag from /opt/airflow/dags/subdags/subdags_downloads.py
[2023-12-24T12:33:20.037+0000] {processor.py:768} WARNING - No viable dags retrieved from /opt/airflow/dags/subdags/subdags_downloads.py
[2023-12-24T12:33:20.057+0000] {processor.py:176} INFO - Processing /opt/airflow/dags/subdags/subdags_downloads.py took 0.041 seconds
[2023-12-24T12:33:50.589+0000] {processor.py:154} INFO - Started process (PID=5287) to work on /opt/airflow/dags/subdags/subdags_downloads.py
[2023-12-24T12:33:50.590+0000] {processor.py:756} INFO - Processing file /opt/airflow/dags/subdags/subdags_downloads.py for tasks to queue
[2023-12-24T12:33:50.592+0000] {logging_mixin.py:120} INFO - [2023-12-24T12:33:50.591+0000] {dagbag.py:537} INFO - Filling up the DagBag from /opt/airflow/dags/subdags/subdags_downloads.py
[2023-12-24T12:33:50.601+0000] {processor.py:768} WARNING - No viable dags retrieved from /opt/airflow/dags/subdags/subdags_downloads.py
[2023-12-24T12:33:50.619+0000] {processor.py:176} INFO - Processing /opt/airflow/dags/subdags/subdags_downloads.py took 0.039 seconds
[2023-12-24T12:34:21.211+0000] {processor.py:154} INFO - Started process (PID=5321) to work on /opt/airflow/dags/subdags/subdags_downloads.py
[2023-12-24T12:34:21.212+0000] {processor.py:756} INFO - Processing file /opt/airflow/dags/subdags/subdags_downloads.py for tasks to queue
[2023-12-24T12:34:21.213+0000] {logging_mixin.py:120} INFO - [2023-12-24T12:34:21.213+0000] {dagbag.py:537} INFO - Filling up the DagBag from /opt/airflow/dags/subdags/subdags_downloads.py
[2023-12-24T12:34:21.220+0000] {processor.py:768} WARNING - No viable dags retrieved from /opt/airflow/dags/subdags/subdags_downloads.py
[2023-12-24T12:34:21.236+0000] {processor.py:176} INFO - Processing /opt/airflow/dags/subdags/subdags_downloads.py took 0.030 seconds
[2023-12-24T12:34:51.789+0000] {processor.py:154} INFO - Started process (PID=5355) to work on /opt/airflow/dags/subdags/subdags_downloads.py
[2023-12-24T12:34:51.790+0000] {processor.py:756} INFO - Processing file /opt/airflow/dags/subdags/subdags_downloads.py for tasks to queue
[2023-12-24T12:34:51.791+0000] {logging_mixin.py:120} INFO - [2023-12-24T12:34:51.791+0000] {dagbag.py:537} INFO - Filling up the DagBag from /opt/airflow/dags/subdags/subdags_downloads.py
[2023-12-24T12:34:51.797+0000] {processor.py:768} WARNING - No viable dags retrieved from /opt/airflow/dags/subdags/subdags_downloads.py
[2023-12-24T12:34:51.810+0000] {processor.py:176} INFO - Processing /opt/airflow/dags/subdags/subdags_downloads.py took 0.026 seconds
[2023-12-24T12:35:22.326+0000] {processor.py:154} INFO - Started process (PID=5387) to work on /opt/airflow/dags/subdags/subdags_downloads.py
[2023-12-24T12:35:22.327+0000] {processor.py:756} INFO - Processing file /opt/airflow/dags/subdags/subdags_downloads.py for tasks to queue
[2023-12-24T12:35:22.328+0000] {logging_mixin.py:120} INFO - [2023-12-24T12:35:22.328+0000] {dagbag.py:537} INFO - Filling up the DagBag from /opt/airflow/dags/subdags/subdags_downloads.py
[2023-12-24T12:35:22.332+0000] {processor.py:768} WARNING - No viable dags retrieved from /opt/airflow/dags/subdags/subdags_downloads.py
[2023-12-24T12:35:22.341+0000] {processor.py:176} INFO - Processing /opt/airflow/dags/subdags/subdags_downloads.py took 0.017 seconds
[2023-12-24T12:35:53.330+0000] {processor.py:154} INFO - Started process (PID=5417) to work on /opt/airflow/dags/subdags/subdags_downloads.py
[2023-12-24T12:35:53.332+0000] {processor.py:756} INFO - Processing file /opt/airflow/dags/subdags/subdags_downloads.py for tasks to queue
[2023-12-24T12:35:53.333+0000] {logging_mixin.py:120} INFO - [2023-12-24T12:35:53.333+0000] {dagbag.py:537} INFO - Filling up the DagBag from /opt/airflow/dags/subdags/subdags_downloads.py
[2023-12-24T12:35:53.346+0000] {processor.py:768} WARNING - No viable dags retrieved from /opt/airflow/dags/subdags/subdags_downloads.py
[2023-12-24T12:35:53.364+0000] {processor.py:176} INFO - Processing /opt/airflow/dags/subdags/subdags_downloads.py took 0.042 seconds
[2023-12-24T12:36:23.818+0000] {processor.py:154} INFO - Started process (PID=5451) to work on /opt/airflow/dags/subdags/subdags_downloads.py
[2023-12-24T12:36:23.820+0000] {processor.py:756} INFO - Processing file /opt/airflow/dags/subdags/subdags_downloads.py for tasks to queue
[2023-12-24T12:36:23.821+0000] {logging_mixin.py:120} INFO - [2023-12-24T12:36:23.821+0000] {dagbag.py:537} INFO - Filling up the DagBag from /opt/airflow/dags/subdags/subdags_downloads.py
[2023-12-24T12:36:23.830+0000] {processor.py:768} WARNING - No viable dags retrieved from /opt/airflow/dags/subdags/subdags_downloads.py
[2023-12-24T12:36:23.846+0000] {processor.py:176} INFO - Processing /opt/airflow/dags/subdags/subdags_downloads.py took 0.035 seconds
[2023-12-24T12:36:54.346+0000] {processor.py:154} INFO - Started process (PID=5486) to work on /opt/airflow/dags/subdags/subdags_downloads.py
[2023-12-24T12:36:54.348+0000] {processor.py:756} INFO - Processing file /opt/airflow/dags/subdags/subdags_downloads.py for tasks to queue
[2023-12-24T12:36:54.349+0000] {logging_mixin.py:120} INFO - [2023-12-24T12:36:54.349+0000] {dagbag.py:537} INFO - Filling up the DagBag from /opt/airflow/dags/subdags/subdags_downloads.py
[2023-12-24T12:36:54.356+0000] {processor.py:768} WARNING - No viable dags retrieved from /opt/airflow/dags/subdags/subdags_downloads.py
[2023-12-24T12:36:54.370+0000] {processor.py:176} INFO - Processing /opt/airflow/dags/subdags/subdags_downloads.py took 0.029 seconds
[2023-12-24T12:37:24.957+0000] {processor.py:154} INFO - Started process (PID=5531) to work on /opt/airflow/dags/subdags/subdags_downloads.py
[2023-12-24T12:37:24.958+0000] {processor.py:756} INFO - Processing file /opt/airflow/dags/subdags/subdags_downloads.py for tasks to queue
[2023-12-24T12:37:24.958+0000] {logging_mixin.py:120} INFO - [2023-12-24T12:37:24.958+0000] {dagbag.py:537} INFO - Filling up the DagBag from /opt/airflow/dags/subdags/subdags_downloads.py
[2023-12-24T12:37:24.964+0000] {processor.py:768} WARNING - No viable dags retrieved from /opt/airflow/dags/subdags/subdags_downloads.py
[2023-12-24T12:37:24.974+0000] {processor.py:176} INFO - Processing /opt/airflow/dags/subdags/subdags_downloads.py took 0.020 seconds
[2023-12-24T12:37:55.479+0000] {processor.py:154} INFO - Started process (PID=5566) to work on /opt/airflow/dags/subdags/subdags_downloads.py
[2023-12-24T12:37:55.480+0000] {processor.py:756} INFO - Processing file /opt/airflow/dags/subdags/subdags_downloads.py for tasks to queue
[2023-12-24T12:37:55.481+0000] {logging_mixin.py:120} INFO - [2023-12-24T12:37:55.481+0000] {dagbag.py:537} INFO - Filling up the DagBag from /opt/airflow/dags/subdags/subdags_downloads.py
[2023-12-24T12:37:55.489+0000] {processor.py:768} WARNING - No viable dags retrieved from /opt/airflow/dags/subdags/subdags_downloads.py
[2023-12-24T12:37:55.509+0000] {processor.py:176} INFO - Processing /opt/airflow/dags/subdags/subdags_downloads.py took 0.035 seconds
[2023-12-24T12:38:26.027+0000] {processor.py:154} INFO - Started process (PID=5605) to work on /opt/airflow/dags/subdags/subdags_downloads.py
[2023-12-24T12:38:26.029+0000] {processor.py:756} INFO - Processing file /opt/airflow/dags/subdags/subdags_downloads.py for tasks to queue
[2023-12-24T12:38:26.030+0000] {logging_mixin.py:120} INFO - [2023-12-24T12:38:26.029+0000] {dagbag.py:537} INFO - Filling up the DagBag from /opt/airflow/dags/subdags/subdags_downloads.py
[2023-12-24T12:38:26.037+0000] {processor.py:768} WARNING - No viable dags retrieved from /opt/airflow/dags/subdags/subdags_downloads.py
[2023-12-24T12:38:26.050+0000] {processor.py:176} INFO - Processing /opt/airflow/dags/subdags/subdags_downloads.py took 0.027 seconds
[2023-12-24T12:38:56.563+0000] {processor.py:154} INFO - Started process (PID=5631) to work on /opt/airflow/dags/subdags/subdags_downloads.py
[2023-12-24T12:38:56.564+0000] {processor.py:756} INFO - Processing file /opt/airflow/dags/subdags/subdags_downloads.py for tasks to queue
[2023-12-24T12:38:56.565+0000] {logging_mixin.py:120} INFO - [2023-12-24T12:38:56.565+0000] {dagbag.py:537} INFO - Filling up the DagBag from /opt/airflow/dags/subdags/subdags_downloads.py
[2023-12-24T12:38:56.573+0000] {processor.py:768} WARNING - No viable dags retrieved from /opt/airflow/dags/subdags/subdags_downloads.py
[2023-12-24T12:38:56.585+0000] {processor.py:176} INFO - Processing /opt/airflow/dags/subdags/subdags_downloads.py took 0.027 seconds
[2023-12-24T12:39:27.156+0000] {processor.py:154} INFO - Started process (PID=5666) to work on /opt/airflow/dags/subdags/subdags_downloads.py
[2023-12-24T12:39:27.157+0000] {processor.py:756} INFO - Processing file /opt/airflow/dags/subdags/subdags_downloads.py for tasks to queue
[2023-12-24T12:39:27.157+0000] {logging_mixin.py:120} INFO - [2023-12-24T12:39:27.157+0000] {dagbag.py:537} INFO - Filling up the DagBag from /opt/airflow/dags/subdags/subdags_downloads.py
[2023-12-24T12:39:27.161+0000] {processor.py:768} WARNING - No viable dags retrieved from /opt/airflow/dags/subdags/subdags_downloads.py
[2023-12-24T12:39:27.170+0000] {processor.py:176} INFO - Processing /opt/airflow/dags/subdags/subdags_downloads.py took 0.017 seconds
[2023-12-24T12:39:57.632+0000] {processor.py:154} INFO - Started process (PID=5701) to work on /opt/airflow/dags/subdags/subdags_downloads.py
[2023-12-24T12:39:57.634+0000] {processor.py:756} INFO - Processing file /opt/airflow/dags/subdags/subdags_downloads.py for tasks to queue
[2023-12-24T12:39:57.635+0000] {logging_mixin.py:120} INFO - [2023-12-24T12:39:57.635+0000] {dagbag.py:537} INFO - Filling up the DagBag from /opt/airflow/dags/subdags/subdags_downloads.py
[2023-12-24T12:39:57.645+0000] {processor.py:768} WARNING - No viable dags retrieved from /opt/airflow/dags/subdags/subdags_downloads.py
[2023-12-24T12:39:57.661+0000] {processor.py:176} INFO - Processing /opt/airflow/dags/subdags/subdags_downloads.py took 0.035 seconds
[2023-12-24T12:40:28.029+0000] {processor.py:154} INFO - Started process (PID=5736) to work on /opt/airflow/dags/subdags/subdags_downloads.py
[2023-12-24T12:40:28.029+0000] {processor.py:756} INFO - Processing file /opt/airflow/dags/subdags/subdags_downloads.py for tasks to queue
[2023-12-24T12:40:28.030+0000] {logging_mixin.py:120} INFO - [2023-12-24T12:40:28.030+0000] {dagbag.py:537} INFO - Filling up the DagBag from /opt/airflow/dags/subdags/subdags_downloads.py
[2023-12-24T12:40:28.034+0000] {processor.py:768} WARNING - No viable dags retrieved from /opt/airflow/dags/subdags/subdags_downloads.py
[2023-12-24T12:40:28.044+0000] {processor.py:176} INFO - Processing /opt/airflow/dags/subdags/subdags_downloads.py took 0.018 seconds
[2023-12-24T12:40:58.501+0000] {processor.py:154} INFO - Started process (PID=5771) to work on /opt/airflow/dags/subdags/subdags_downloads.py
[2023-12-24T12:40:58.502+0000] {processor.py:756} INFO - Processing file /opt/airflow/dags/subdags/subdags_downloads.py for tasks to queue
[2023-12-24T12:40:58.503+0000] {logging_mixin.py:120} INFO - [2023-12-24T12:40:58.503+0000] {dagbag.py:537} INFO - Filling up the DagBag from /opt/airflow/dags/subdags/subdags_downloads.py
[2023-12-24T12:40:58.510+0000] {processor.py:768} WARNING - No viable dags retrieved from /opt/airflow/dags/subdags/subdags_downloads.py
[2023-12-24T12:40:58.524+0000] {processor.py:176} INFO - Processing /opt/airflow/dags/subdags/subdags_downloads.py took 0.026 seconds
[2023-12-24T12:41:28.987+0000] {processor.py:154} INFO - Started process (PID=5806) to work on /opt/airflow/dags/subdags/subdags_downloads.py
[2023-12-24T12:41:28.988+0000] {processor.py:756} INFO - Processing file /opt/airflow/dags/subdags/subdags_downloads.py for tasks to queue
[2023-12-24T12:41:28.989+0000] {logging_mixin.py:120} INFO - [2023-12-24T12:41:28.989+0000] {dagbag.py:537} INFO - Filling up the DagBag from /opt/airflow/dags/subdags/subdags_downloads.py
[2023-12-24T12:41:28.998+0000] {processor.py:768} WARNING - No viable dags retrieved from /opt/airflow/dags/subdags/subdags_downloads.py
[2023-12-24T12:41:29.017+0000] {processor.py:176} INFO - Processing /opt/airflow/dags/subdags/subdags_downloads.py took 0.035 seconds
[2023-12-24T12:41:59.439+0000] {processor.py:154} INFO - Started process (PID=5841) to work on /opt/airflow/dags/subdags/subdags_downloads.py
[2023-12-24T12:41:59.440+0000] {processor.py:756} INFO - Processing file /opt/airflow/dags/subdags/subdags_downloads.py for tasks to queue
[2023-12-24T12:41:59.441+0000] {logging_mixin.py:120} INFO - [2023-12-24T12:41:59.441+0000] {dagbag.py:537} INFO - Filling up the DagBag from /opt/airflow/dags/subdags/subdags_downloads.py
[2023-12-24T12:41:59.450+0000] {processor.py:768} WARNING - No viable dags retrieved from /opt/airflow/dags/subdags/subdags_downloads.py
[2023-12-24T12:41:59.466+0000] {processor.py:176} INFO - Processing /opt/airflow/dags/subdags/subdags_downloads.py took 0.031 seconds
[2023-12-24T12:42:29.902+0000] {processor.py:154} INFO - Started process (PID=5866) to work on /opt/airflow/dags/subdags/subdags_downloads.py
[2023-12-24T12:42:29.904+0000] {processor.py:756} INFO - Processing file /opt/airflow/dags/subdags/subdags_downloads.py for tasks to queue
[2023-12-24T12:42:29.906+0000] {logging_mixin.py:120} INFO - [2023-12-24T12:42:29.905+0000] {dagbag.py:537} INFO - Filling up the DagBag from /opt/airflow/dags/subdags/subdags_downloads.py
[2023-12-24T12:42:29.916+0000] {processor.py:768} WARNING - No viable dags retrieved from /opt/airflow/dags/subdags/subdags_downloads.py
[2023-12-24T12:42:29.930+0000] {processor.py:176} INFO - Processing /opt/airflow/dags/subdags/subdags_downloads.py took 0.034 seconds
[2023-12-24T12:43:00.370+0000] {processor.py:154} INFO - Started process (PID=5901) to work on /opt/airflow/dags/subdags/subdags_downloads.py
[2023-12-24T12:43:00.371+0000] {processor.py:756} INFO - Processing file /opt/airflow/dags/subdags/subdags_downloads.py for tasks to queue
[2023-12-24T12:43:00.372+0000] {logging_mixin.py:120} INFO - [2023-12-24T12:43:00.372+0000] {dagbag.py:537} INFO - Filling up the DagBag from /opt/airflow/dags/subdags/subdags_downloads.py
[2023-12-24T12:43:00.378+0000] {processor.py:768} WARNING - No viable dags retrieved from /opt/airflow/dags/subdags/subdags_downloads.py
[2023-12-24T12:43:00.387+0000] {processor.py:176} INFO - Processing /opt/airflow/dags/subdags/subdags_downloads.py took 0.020 seconds
[2023-12-24T12:43:30.852+0000] {processor.py:154} INFO - Started process (PID=5936) to work on /opt/airflow/dags/subdags/subdags_downloads.py
[2023-12-24T12:43:30.854+0000] {processor.py:756} INFO - Processing file /opt/airflow/dags/subdags/subdags_downloads.py for tasks to queue
[2023-12-24T12:43:30.855+0000] {logging_mixin.py:120} INFO - [2023-12-24T12:43:30.855+0000] {dagbag.py:537} INFO - Filling up the DagBag from /opt/airflow/dags/subdags/subdags_downloads.py
[2023-12-24T12:43:30.865+0000] {processor.py:768} WARNING - No viable dags retrieved from /opt/airflow/dags/subdags/subdags_downloads.py
[2023-12-24T12:43:30.877+0000] {processor.py:176} INFO - Processing /opt/airflow/dags/subdags/subdags_downloads.py took 0.031 seconds
[2023-12-24T12:44:01.387+0000] {processor.py:154} INFO - Started process (PID=5971) to work on /opt/airflow/dags/subdags/subdags_downloads.py
[2023-12-24T12:44:01.388+0000] {processor.py:756} INFO - Processing file /opt/airflow/dags/subdags/subdags_downloads.py for tasks to queue
[2023-12-24T12:44:01.389+0000] {logging_mixin.py:120} INFO - [2023-12-24T12:44:01.389+0000] {dagbag.py:537} INFO - Filling up the DagBag from /opt/airflow/dags/subdags/subdags_downloads.py
[2023-12-24T12:44:01.394+0000] {processor.py:768} WARNING - No viable dags retrieved from /opt/airflow/dags/subdags/subdags_downloads.py
[2023-12-24T12:44:01.405+0000] {processor.py:176} INFO - Processing /opt/airflow/dags/subdags/subdags_downloads.py took 0.021 seconds
[2023-12-24T12:44:31.876+0000] {processor.py:154} INFO - Started process (PID=6006) to work on /opt/airflow/dags/subdags/subdags_downloads.py
[2023-12-24T12:44:31.876+0000] {processor.py:756} INFO - Processing file /opt/airflow/dags/subdags/subdags_downloads.py for tasks to queue
[2023-12-24T12:44:31.877+0000] {logging_mixin.py:120} INFO - [2023-12-24T12:44:31.877+0000] {dagbag.py:537} INFO - Filling up the DagBag from /opt/airflow/dags/subdags/subdags_downloads.py
[2023-12-24T12:44:31.882+0000] {processor.py:768} WARNING - No viable dags retrieved from /opt/airflow/dags/subdags/subdags_downloads.py
[2023-12-24T12:44:31.893+0000] {processor.py:176} INFO - Processing /opt/airflow/dags/subdags/subdags_downloads.py took 0.020 seconds
[2023-12-24T12:45:02.301+0000] {processor.py:154} INFO - Started process (PID=6041) to work on /opt/airflow/dags/subdags/subdags_downloads.py
[2023-12-24T12:45:02.302+0000] {processor.py:756} INFO - Processing file /opt/airflow/dags/subdags/subdags_downloads.py for tasks to queue
[2023-12-24T12:45:02.302+0000] {logging_mixin.py:120} INFO - [2023-12-24T12:45:02.302+0000] {dagbag.py:537} INFO - Filling up the DagBag from /opt/airflow/dags/subdags/subdags_downloads.py
[2023-12-24T12:45:02.308+0000] {processor.py:768} WARNING - No viable dags retrieved from /opt/airflow/dags/subdags/subdags_downloads.py
[2023-12-24T12:45:02.319+0000] {processor.py:176} INFO - Processing /opt/airflow/dags/subdags/subdags_downloads.py took 0.020 seconds
[2023-12-24T12:45:32.747+0000] {processor.py:154} INFO - Started process (PID=6067) to work on /opt/airflow/dags/subdags/subdags_downloads.py
[2023-12-24T12:45:32.747+0000] {processor.py:756} INFO - Processing file /opt/airflow/dags/subdags/subdags_downloads.py for tasks to queue
[2023-12-24T12:45:32.748+0000] {logging_mixin.py:120} INFO - [2023-12-24T12:45:32.748+0000] {dagbag.py:537} INFO - Filling up the DagBag from /opt/airflow/dags/subdags/subdags_downloads.py
[2023-12-24T12:45:32.754+0000] {processor.py:768} WARNING - No viable dags retrieved from /opt/airflow/dags/subdags/subdags_downloads.py
[2023-12-24T12:45:32.766+0000] {processor.py:176} INFO - Processing /opt/airflow/dags/subdags/subdags_downloads.py took 0.022 seconds
[2023-12-24T12:46:03.193+0000] {processor.py:154} INFO - Started process (PID=6101) to work on /opt/airflow/dags/subdags/subdags_downloads.py
[2023-12-24T12:46:03.194+0000] {processor.py:756} INFO - Processing file /opt/airflow/dags/subdags/subdags_downloads.py for tasks to queue
[2023-12-24T12:46:03.195+0000] {logging_mixin.py:120} INFO - [2023-12-24T12:46:03.195+0000] {dagbag.py:537} INFO - Filling up the DagBag from /opt/airflow/dags/subdags/subdags_downloads.py
[2023-12-24T12:46:03.200+0000] {processor.py:768} WARNING - No viable dags retrieved from /opt/airflow/dags/subdags/subdags_downloads.py
[2023-12-24T12:46:03.210+0000] {processor.py:176} INFO - Processing /opt/airflow/dags/subdags/subdags_downloads.py took 0.019 seconds
[2023-12-24T12:46:33.612+0000] {processor.py:154} INFO - Started process (PID=6136) to work on /opt/airflow/dags/subdags/subdags_downloads.py
[2023-12-24T12:46:33.613+0000] {processor.py:756} INFO - Processing file /opt/airflow/dags/subdags/subdags_downloads.py for tasks to queue
[2023-12-24T12:46:33.614+0000] {logging_mixin.py:120} INFO - [2023-12-24T12:46:33.614+0000] {dagbag.py:537} INFO - Filling up the DagBag from /opt/airflow/dags/subdags/subdags_downloads.py
[2023-12-24T12:46:33.619+0000] {processor.py:768} WARNING - No viable dags retrieved from /opt/airflow/dags/subdags/subdags_downloads.py
[2023-12-24T12:46:33.629+0000] {processor.py:176} INFO - Processing /opt/airflow/dags/subdags/subdags_downloads.py took 0.020 seconds
[2023-12-24T12:47:03.709+0000] {processor.py:154} INFO - Started process (PID=6171) to work on /opt/airflow/dags/subdags/subdags_downloads.py
[2023-12-24T12:47:03.710+0000] {processor.py:756} INFO - Processing file /opt/airflow/dags/subdags/subdags_downloads.py for tasks to queue
[2023-12-24T12:47:03.711+0000] {logging_mixin.py:120} INFO - [2023-12-24T12:47:03.711+0000] {dagbag.py:537} INFO - Filling up the DagBag from /opt/airflow/dags/subdags/subdags_downloads.py
[2023-12-24T12:47:03.719+0000] {processor.py:768} WARNING - No viable dags retrieved from /opt/airflow/dags/subdags/subdags_downloads.py
[2023-12-24T12:47:03.732+0000] {processor.py:176} INFO - Processing /opt/airflow/dags/subdags/subdags_downloads.py took 0.028 seconds
[2023-12-24T12:47:34.190+0000] {processor.py:154} INFO - Started process (PID=6206) to work on /opt/airflow/dags/subdags/subdags_downloads.py
[2023-12-24T12:47:34.192+0000] {processor.py:756} INFO - Processing file /opt/airflow/dags/subdags/subdags_downloads.py for tasks to queue
[2023-12-24T12:47:34.192+0000] {logging_mixin.py:120} INFO - [2023-12-24T12:47:34.192+0000] {dagbag.py:537} INFO - Filling up the DagBag from /opt/airflow/dags/subdags/subdags_downloads.py
[2023-12-24T12:47:34.200+0000] {processor.py:768} WARNING - No viable dags retrieved from /opt/airflow/dags/subdags/subdags_downloads.py
[2023-12-24T12:47:34.219+0000] {processor.py:176} INFO - Processing /opt/airflow/dags/subdags/subdags_downloads.py took 0.034 seconds
