[2023-12-23T15:30:58.967+0000] {taskinstance.py:1165} INFO - Dependencies all met for <TaskInstance: user_processing.process_user manual__2023-12-23T15:30:52.645597+00:00 [queued]>
[2023-12-23T15:30:58.972+0000] {taskinstance.py:1165} INFO - Dependencies all met for <TaskInstance: user_processing.process_user manual__2023-12-23T15:30:52.645597+00:00 [queued]>
[2023-12-23T15:30:58.973+0000] {taskinstance.py:1362} INFO - 
--------------------------------------------------------------------------------
[2023-12-23T15:30:58.973+0000] {taskinstance.py:1363} INFO - Starting attempt 1 of 1
[2023-12-23T15:30:58.973+0000] {taskinstance.py:1364} INFO - 
--------------------------------------------------------------------------------
[2023-12-23T15:30:58.980+0000] {taskinstance.py:1383} INFO - Executing <Task(PythonOperator): process_user> on 2023-12-23 15:30:52.645597+00:00
[2023-12-23T15:30:58.983+0000] {standard_task_runner.py:55} INFO - Started process 14129 to run task
[2023-12-23T15:30:58.986+0000] {standard_task_runner.py:82} INFO - Running: ['***', 'tasks', 'run', 'user_processing', 'process_user', 'manual__2023-12-23T15:30:52.645597+00:00', '--job-id', '90', '--raw', '--subdir', 'DAGS_FOLDER/user_processing.py', '--cfg-path', '/tmp/tmp3ut4jafq']
[2023-12-23T15:30:58.987+0000] {standard_task_runner.py:83} INFO - Job 90: Subtask process_user
[2023-12-23T15:30:59.022+0000] {task_command.py:376} INFO - Running <TaskInstance: user_processing.process_user manual__2023-12-23T15:30:52.645597+00:00 [running]> on host 29c739d23fae
[2023-12-23T15:30:59.056+0000] {taskinstance.py:1592} INFO - Exporting the following env vars:
AIRFLOW_CTX_DAG_OWNER=***
AIRFLOW_CTX_DAG_ID=user_processing
AIRFLOW_CTX_TASK_ID=process_user
AIRFLOW_CTX_EXECUTION_DATE=2023-12-23T15:30:52.645597+00:00
AIRFLOW_CTX_TRY_NUMBER=1
AIRFLOW_CTX_DAG_RUN_ID=manual__2023-12-23T15:30:52.645597+00:00
[2023-12-23T15:30:59.067+0000] {python.py:177} INFO - Done. Returned value was: None
[2023-12-23T15:30:59.072+0000] {taskinstance.py:1406} INFO - Marking task as SUCCESS. dag_id=user_processing, task_id=process_user, execution_date=20231223T153052, start_date=20231223T153058, end_date=20231223T153059
[2023-12-23T15:30:59.119+0000] {local_task_job.py:164} INFO - Task exited with return code 0
[2023-12-23T15:30:59.133+0000] {local_task_job.py:273} INFO - 1 downstream tasks scheduled from follow-on schedule check
