[2023-12-23T02:38:14.009+0000] {taskinstance.py:1165} INFO - Dependencies all met for <TaskInstance: example_bash_operator.also_run_this scheduled__2023-12-22T00:00:00+00:00 [queued]>
[2023-12-23T02:38:14.015+0000] {taskinstance.py:1165} INFO - Dependencies all met for <TaskInstance: example_bash_operator.also_run_this scheduled__2023-12-22T00:00:00+00:00 [queued]>
[2023-12-23T02:38:14.015+0000] {taskinstance.py:1362} INFO - 
--------------------------------------------------------------------------------
[2023-12-23T02:38:14.015+0000] {taskinstance.py:1363} INFO - Starting attempt 1 of 1
[2023-12-23T02:38:14.016+0000] {taskinstance.py:1364} INFO - 
--------------------------------------------------------------------------------
[2023-12-23T02:38:14.026+0000] {taskinstance.py:1383} INFO - Executing <Task(BashOperator): also_run_this> on 2023-12-22 00:00:00+00:00
[2023-12-23T02:38:14.031+0000] {standard_task_runner.py:55} INFO - Started process 60 to run task
[2023-12-23T02:38:14.035+0000] {standard_task_runner.py:82} INFO - Running: ['***', 'tasks', 'run', 'example_bash_operator', 'also_run_this', 'scheduled__2023-12-22T00:00:00+00:00', '--job-id', '19', '--raw', '--subdir', '/home/***/.local/lib/python3.7/site-packages/***/example_dags/example_bash_operator.py', '--cfg-path', '/tmp/tmpjlz2ew02']
[2023-12-23T02:38:14.036+0000] {standard_task_runner.py:83} INFO - Job 19: Subtask also_run_this
[2023-12-23T02:38:14.100+0000] {task_command.py:376} INFO - Running <TaskInstance: example_bash_operator.also_run_this scheduled__2023-12-22T00:00:00+00:00 [running]> on host 29c739d23fae
[2023-12-23T02:38:14.156+0000] {taskinstance.py:1592} INFO - Exporting the following env vars:
AIRFLOW_CTX_DAG_OWNER=***
AIRFLOW_CTX_DAG_ID=example_bash_operator
AIRFLOW_CTX_TASK_ID=also_run_this
AIRFLOW_CTX_EXECUTION_DATE=2023-12-22T00:00:00+00:00
AIRFLOW_CTX_TRY_NUMBER=1
AIRFLOW_CTX_DAG_RUN_ID=scheduled__2023-12-22T00:00:00+00:00
[2023-12-23T02:38:14.157+0000] {subprocess.py:63} INFO - Tmp dir root location: 
 /tmp
[2023-12-23T02:38:14.157+0000] {subprocess.py:75} INFO - Running command: ['/bin/bash', '-c', 'echo "ti_key=example_bash_operator__also_run_this__20231222"']
[2023-12-23T02:38:14.164+0000] {subprocess.py:86} INFO - Output:
[2023-12-23T02:38:14.165+0000] {subprocess.py:93} INFO - ti_key=example_bash_operator__also_run_this__20231222
[2023-12-23T02:38:14.165+0000] {subprocess.py:97} INFO - Command exited with return code 0
[2023-12-23T02:38:14.181+0000] {taskinstance.py:1406} INFO - Marking task as SUCCESS. dag_id=example_bash_operator, task_id=also_run_this, execution_date=20231222T000000, start_date=20231223T023814, end_date=20231223T023814
[2023-12-23T02:38:14.208+0000] {local_task_job.py:164} INFO - Task exited with return code 0
[2023-12-23T02:38:14.224+0000] {local_task_job.py:273} INFO - 0 downstream tasks scheduled from follow-on schedule check
