[2023-12-24T12:38:14.615+0000] {taskinstance.py:1165} INFO - Dependencies all met for <TaskInstance: group_dag.check_files manual__2023-12-24T12:37:12.887926+00:00 [queued]>
[2023-12-24T12:38:14.621+0000] {taskinstance.py:1165} INFO - Dependencies all met for <TaskInstance: group_dag.check_files manual__2023-12-24T12:37:12.887926+00:00 [queued]>
[2023-12-24T12:38:14.622+0000] {taskinstance.py:1362} INFO - 
--------------------------------------------------------------------------------
[2023-12-24T12:38:14.622+0000] {taskinstance.py:1363} INFO - Starting attempt 1 of 1
[2023-12-24T12:38:14.622+0000] {taskinstance.py:1364} INFO - 
--------------------------------------------------------------------------------
[2023-12-24T12:38:14.629+0000] {taskinstance.py:1383} INFO - Executing <Task(BashOperator): check_files> on 2023-12-24 12:37:12.887926+00:00
[2023-12-24T12:38:14.632+0000] {standard_task_runner.py:55} INFO - Started process 4623 to run task
[2023-12-24T12:38:14.635+0000] {standard_task_runner.py:82} INFO - Running: ['***', 'tasks', 'run', 'group_dag', 'check_files', 'manual__2023-12-24T12:37:12.887926+00:00', '--job-id', '149', '--raw', '--subdir', 'DAGS_FOLDER/group_dag.py', '--cfg-path', '/tmp/tmpfouozzjz']
[2023-12-24T12:38:14.635+0000] {standard_task_runner.py:83} INFO - Job 149: Subtask check_files
[2023-12-24T12:38:14.671+0000] {task_command.py:376} INFO - Running <TaskInstance: group_dag.check_files manual__2023-12-24T12:37:12.887926+00:00 [running]> on host fd218fd35678
[2023-12-24T12:38:14.708+0000] {taskinstance.py:1592} INFO - Exporting the following env vars:
AIRFLOW_CTX_DAG_OWNER=***
AIRFLOW_CTX_DAG_ID=group_dag
AIRFLOW_CTX_TASK_ID=check_files
AIRFLOW_CTX_EXECUTION_DATE=2023-12-24T12:37:12.887926+00:00
AIRFLOW_CTX_TRY_NUMBER=1
AIRFLOW_CTX_DAG_RUN_ID=manual__2023-12-24T12:37:12.887926+00:00
[2023-12-24T12:38:14.708+0000] {subprocess.py:63} INFO - Tmp dir root location: 
 /tmp
[2023-12-24T12:38:14.709+0000] {subprocess.py:75} INFO - Running command: ['/bin/bash', '-c', 'sleep 10']
[2023-12-24T12:38:14.715+0000] {subprocess.py:86} INFO - Output:
[2023-12-24T12:38:24.723+0000] {subprocess.py:97} INFO - Command exited with return code 0
[2023-12-24T12:38:24.744+0000] {taskinstance.py:1406} INFO - Marking task as SUCCESS. dag_id=group_dag, task_id=check_files, execution_date=20231224T123712, start_date=20231224T123814, end_date=20231224T123824
[2023-12-24T12:38:24.762+0000] {local_task_job.py:164} INFO - Task exited with return code 0
[2023-12-24T12:38:24.777+0000] {local_task_job.py:273} INFO - 1 downstream tasks scheduled from follow-on schedule check
