[2023-12-24T12:38:14.612+0000] {taskinstance.py:1165} INFO - Dependencies all met for <TaskInstance: group_dag.transforms manual__2023-12-24T12:37:01.431473+00:00 [queued]>
[2023-12-24T12:38:14.617+0000] {taskinstance.py:1165} INFO - Dependencies all met for <TaskInstance: group_dag.transforms manual__2023-12-24T12:37:01.431473+00:00 [queued]>
[2023-12-24T12:38:14.618+0000] {taskinstance.py:1362} INFO - 
--------------------------------------------------------------------------------
[2023-12-24T12:38:14.618+0000] {taskinstance.py:1363} INFO - Starting attempt 1 of 1
[2023-12-24T12:38:14.618+0000] {taskinstance.py:1364} INFO - 
--------------------------------------------------------------------------------
[2023-12-24T12:38:14.626+0000] {taskinstance.py:1383} INFO - Executing <Task(SubDagOperator): transforms> on 2023-12-24 12:37:01.431473+00:00
[2023-12-24T12:38:14.628+0000] {standard_task_runner.py:55} INFO - Started process 4622 to run task
[2023-12-24T12:38:14.631+0000] {standard_task_runner.py:82} INFO - Running: ['***', 'tasks', 'run', 'group_dag', 'transforms', 'manual__2023-12-24T12:37:01.431473+00:00', '--job-id', '148', '--raw', '--subdir', 'DAGS_FOLDER/group_dag.py', '--cfg-path', '/tmp/tmpo1merh4g']
[2023-12-24T12:38:14.632+0000] {standard_task_runner.py:83} INFO - Job 148: Subtask transforms
[2023-12-24T12:38:14.669+0000] {task_command.py:376} INFO - Running <TaskInstance: group_dag.transforms manual__2023-12-24T12:37:01.431473+00:00 [running]> on host fd218fd35678
[2023-12-24T12:38:14.707+0000] {taskinstance.py:1592} INFO - Exporting the following env vars:
AIRFLOW_CTX_DAG_OWNER=***
AIRFLOW_CTX_DAG_ID=group_dag
AIRFLOW_CTX_TASK_ID=transforms
AIRFLOW_CTX_EXECUTION_DATE=2023-12-24T12:37:01.431473+00:00
AIRFLOW_CTX_TRY_NUMBER=1
AIRFLOW_CTX_DAG_RUN_ID=manual__2023-12-24T12:37:01.431473+00:00
[2023-12-24T12:38:14.708+0000] {warnings.py:110} WARNING - /home/***/.local/lib/python3.7/site-packages/***/utils/context.py:204: AirflowContextDeprecationWarning: Accessing 'execution_date' from the template is deprecated and will be removed in a future version. Please use 'data_interval_start' or 'logical_date' instead.
  warnings.warn(_create_deprecation_warning(key, self._deprecation_replacements[key]))

[2023-12-24T12:38:14.724+0000] {subdag.py:171} INFO - Created DagRun: scheduled__2023-12-24T12:37:01.431473+00:00
[2023-12-24T12:50:57.094+0000] {local_task_job.py:228} WARNING - State of this instance has been externally set to removed. Terminating instance.
[2023-12-24T12:50:57.099+0000] {process_utils.py:133} INFO - Sending Signals.SIGTERM to group 4622. PIDs of all processes in the group: [4622]
[2023-12-24T12:50:57.100+0000] {process_utils.py:84} INFO - Sending the signal Signals.SIGTERM to group 4622
[2023-12-24T12:50:57.102+0000] {taskinstance.py:1562} ERROR - Received SIGTERM. Terminating subprocesses.
[2023-12-24T12:50:57.154+0000] {process_utils.py:79} INFO - Process psutil.Process(pid=4622, status='terminated', exitcode=0, started='12:38:13') (4622) terminated with exit code 0
