[2023-12-23T15:32:54.899+0000] {taskinstance.py:1165} INFO - Dependencies all met for <TaskInstance: user_processing.process_user manual__2023-12-23T15:32:48.244461+00:00 [queued]>
[2023-12-23T15:32:54.904+0000] {taskinstance.py:1165} INFO - Dependencies all met for <TaskInstance: user_processing.process_user manual__2023-12-23T15:32:48.244461+00:00 [queued]>
[2023-12-23T15:32:54.905+0000] {taskinstance.py:1362} INFO - 
--------------------------------------------------------------------------------
[2023-12-23T15:32:54.905+0000] {taskinstance.py:1363} INFO - Starting attempt 1 of 1
[2023-12-23T15:32:54.905+0000] {taskinstance.py:1364} INFO - 
--------------------------------------------------------------------------------
[2023-12-23T15:32:54.912+0000] {taskinstance.py:1383} INFO - Executing <Task(PythonOperator): process_user> on 2023-12-23 15:32:48.244461+00:00
[2023-12-23T15:32:54.915+0000] {standard_task_runner.py:55} INFO - Started process 14258 to run task
[2023-12-23T15:32:54.917+0000] {standard_task_runner.py:82} INFO - Running: ['***', 'tasks', 'run', 'user_processing', 'process_user', 'manual__2023-12-23T15:32:48.244461+00:00', '--job-id', '100', '--raw', '--subdir', 'DAGS_FOLDER/user_processing.py', '--cfg-path', '/tmp/tmp0584q_id']
[2023-12-23T15:32:54.919+0000] {standard_task_runner.py:83} INFO - Job 100: Subtask process_user
[2023-12-23T15:32:54.953+0000] {task_command.py:376} INFO - Running <TaskInstance: user_processing.process_user manual__2023-12-23T15:32:48.244461+00:00 [running]> on host 29c739d23fae
[2023-12-23T15:32:54.988+0000] {taskinstance.py:1592} INFO - Exporting the following env vars:
AIRFLOW_CTX_DAG_OWNER=***
AIRFLOW_CTX_DAG_ID=user_processing
AIRFLOW_CTX_TASK_ID=process_user
AIRFLOW_CTX_EXECUTION_DATE=2023-12-23T15:32:48.244461+00:00
AIRFLOW_CTX_TRY_NUMBER=1
AIRFLOW_CTX_DAG_RUN_ID=manual__2023-12-23T15:32:48.244461+00:00
[2023-12-23T15:32:54.998+0000] {python.py:177} INFO - Done. Returned value was: None
[2023-12-23T15:32:55.003+0000] {taskinstance.py:1406} INFO - Marking task as SUCCESS. dag_id=user_processing, task_id=process_user, execution_date=20231223T153248, start_date=20231223T153254, end_date=20231223T153255
[2023-12-23T15:32:55.050+0000] {local_task_job.py:164} INFO - Task exited with return code 0
[2023-12-23T15:32:55.063+0000] {local_task_job.py:273} INFO - 1 downstream tasks scheduled from follow-on schedule check
