[2023-12-23T14:04:59.897+0000] {taskinstance.py:1165} INFO - Dependencies all met for <TaskInstance: user_processing.extract_user manual__2023-12-23T14:04:57.958851+00:00 [queued]>
[2023-12-23T14:04:59.902+0000] {taskinstance.py:1165} INFO - Dependencies all met for <TaskInstance: user_processing.extract_user manual__2023-12-23T14:04:57.958851+00:00 [queued]>
[2023-12-23T14:04:59.903+0000] {taskinstance.py:1362} INFO - 
--------------------------------------------------------------------------------
[2023-12-23T14:04:59.903+0000] {taskinstance.py:1363} INFO - Starting attempt 1 of 1
[2023-12-23T14:04:59.903+0000] {taskinstance.py:1364} INFO - 
--------------------------------------------------------------------------------
[2023-12-23T14:04:59.911+0000] {taskinstance.py:1383} INFO - Executing <Task(SimpleHttpOperator): extract_user> on 2023-12-23 14:04:57.958851+00:00
[2023-12-23T14:04:59.915+0000] {standard_task_runner.py:55} INFO - Started process 10957 to run task
[2023-12-23T14:04:59.918+0000] {standard_task_runner.py:82} INFO - Running: ['***', 'tasks', 'run', 'user_processing', 'extract_user', 'manual__2023-12-23T14:04:57.958851+00:00', '--job-id', '80', '--raw', '--subdir', 'DAGS_FOLDER/user_processing.py', '--cfg-path', '/tmp/tmpserz53dm']
[2023-12-23T14:04:59.920+0000] {standard_task_runner.py:83} INFO - Job 80: Subtask extract_user
[2023-12-23T14:04:59.964+0000] {task_command.py:376} INFO - Running <TaskInstance: user_processing.extract_user manual__2023-12-23T14:04:57.958851+00:00 [running]> on host 29c739d23fae
[2023-12-23T14:05:00.007+0000] {taskinstance.py:1592} INFO - Exporting the following env vars:
AIRFLOW_CTX_DAG_OWNER=***
AIRFLOW_CTX_DAG_ID=user_processing
AIRFLOW_CTX_TASK_ID=extract_user
AIRFLOW_CTX_EXECUTION_DATE=2023-12-23T14:04:57.958851+00:00
AIRFLOW_CTX_TRY_NUMBER=1
AIRFLOW_CTX_DAG_RUN_ID=manual__2023-12-23T14:04:57.958851+00:00
[2023-12-23T14:05:00.008+0000] {http.py:121} INFO - Calling HTTP method
[2023-12-23T14:05:00.015+0000] {base.py:71} INFO - Using connection ID 'user_api' for task execution.
[2023-12-23T14:05:00.017+0000] {http.py:148} INFO - Sending 'GET' to url: https://randomuser.me/api/
[2023-12-23T14:05:00.927+0000] {http.py:125} INFO - {"results":[{"gender":"female","name":{"title":"Ms","first":"Jennifer","last":"Burke"},"location":{"street":{"number":7368,"name":"Manchester Road"},"city":"Liverpool","state":"Lancashire","country":"United Kingdom","postcode":"Z50 6PJ","coordinates":{"latitude":"-12.3247","longitude":"155.6127"},"timezone":{"offset":"-7:00","description":"Mountain Time (US & Canada)"}},"email":"jennifer.burke@example.com","login":{"uuid":"71e2b689-6dbc-4066-8fa6-9ddbd0c51878","username":"greenmeercat858","password":"noah","salt":"ZQUczyU9","md5":"ebe6dd021d22a8853c99fb1ee8bedaf7","sha1":"83c3bf90eb4a2fb60a87e0310058d42c841070e2","sha256":"68d42121c30e283a99f9f6c91aae708f54f27f74d66e4879946f2b05c06cdf84"},"dob":{"date":"1992-04-18T20:47:19.840Z","age":31},"registered":{"date":"2016-08-22T01:00:10.399Z","age":7},"phone":"0141 196 5124","cell":"07952 611461","id":{"name":"NINO","value":"CN 60 28 86 N"},"picture":{"large":"https://randomuser.me/api/portraits/women/83.jpg","medium":"https://randomuser.me/api/portraits/med/women/83.jpg","thumbnail":"https://randomuser.me/api/portraits/thumb/women/83.jpg"},"nat":"GB"}],"info":{"seed":"e525f331ce42af89","results":1,"page":1,"version":"1.4"}}
[2023-12-23T14:05:00.949+0000] {taskinstance.py:1406} INFO - Marking task as SUCCESS. dag_id=user_processing, task_id=extract_user, execution_date=20231223T140457, start_date=20231223T140459, end_date=20231223T140500
[2023-12-23T14:05:00.986+0000] {local_task_job.py:164} INFO - Task exited with return code 0
[2023-12-23T14:05:00.998+0000] {local_task_job.py:273} INFO - 0 downstream tasks scheduled from follow-on schedule check
