[2023-12-24T05:55:40.594+0000] {taskinstance.py:1165} INFO - Dependencies all met for <TaskInstance: parallel_dag.load_b manual__2023-12-24T05:55:28.804198+00:00 [queued]>
[2023-12-24T05:55:40.601+0000] {taskinstance.py:1165} INFO - Dependencies all met for <TaskInstance: parallel_dag.load_b manual__2023-12-24T05:55:28.804198+00:00 [queued]>
[2023-12-24T05:55:40.601+0000] {taskinstance.py:1362} INFO - 
--------------------------------------------------------------------------------
[2023-12-24T05:55:40.601+0000] {taskinstance.py:1363} INFO - Starting attempt 1 of 1
[2023-12-24T05:55:40.602+0000] {taskinstance.py:1364} INFO - 
--------------------------------------------------------------------------------
[2023-12-24T05:55:40.609+0000] {taskinstance.py:1383} INFO - Executing <Task(BashOperator): load_b> on 2023-12-24 05:55:28.804198+00:00
[2023-12-24T05:55:40.612+0000] {standard_task_runner.py:55} INFO - Started process 161 to run task
[2023-12-24T05:55:40.616+0000] {standard_task_runner.py:82} INFO - Running: ['***', 'tasks', 'run', 'parallel_dag', 'load_b', 'manual__2023-12-24T05:55:28.804198+00:00', '--job-id', '120', '--raw', '--subdir', 'DAGS_FOLDER/parallel_dag.py', '--cfg-path', '/tmp/tmpzi702ter']
[2023-12-24T05:55:40.616+0000] {standard_task_runner.py:83} INFO - Job 120: Subtask load_b
[2023-12-24T05:55:40.657+0000] {task_command.py:376} INFO - Running <TaskInstance: parallel_dag.load_b manual__2023-12-24T05:55:28.804198+00:00 [running]> on host b2a0404c8116
[2023-12-24T05:55:40.698+0000] {taskinstance.py:1592} INFO - Exporting the following env vars:
AIRFLOW_CTX_DAG_OWNER=***
AIRFLOW_CTX_DAG_ID=parallel_dag
AIRFLOW_CTX_TASK_ID=load_b
AIRFLOW_CTX_EXECUTION_DATE=2023-12-24T05:55:28.804198+00:00
AIRFLOW_CTX_TRY_NUMBER=1
AIRFLOW_CTX_DAG_RUN_ID=manual__2023-12-24T05:55:28.804198+00:00
[2023-12-24T05:55:40.699+0000] {subprocess.py:63} INFO - Tmp dir root location: 
 /tmp
[2023-12-24T05:55:40.700+0000] {subprocess.py:75} INFO - Running command: ['/bin/bash', '-c', 'sleep 10']
[2023-12-24T05:55:40.708+0000] {subprocess.py:86} INFO - Output:
[2023-12-24T05:55:50.710+0000] {subprocess.py:97} INFO - Command exited with return code 0
[2023-12-24T05:55:50.744+0000] {taskinstance.py:1406} INFO - Marking task as SUCCESS. dag_id=parallel_dag, task_id=load_b, execution_date=20231224T055528, start_date=20231224T055540, end_date=20231224T055550
[2023-12-24T05:55:50.780+0000] {local_task_job.py:164} INFO - Task exited with return code 0
[2023-12-24T05:55:50.797+0000] {local_task_job.py:273} INFO - 1 downstream tasks scheduled from follow-on schedule check
