[2023-12-23T15:30:56.777+0000] {taskinstance.py:1165} INFO - Dependencies all met for <TaskInstance: user_processing.extract_user manual__2023-12-23T15:30:52.645597+00:00 [queued]>
[2023-12-23T15:30:56.782+0000] {taskinstance.py:1165} INFO - Dependencies all met for <TaskInstance: user_processing.extract_user manual__2023-12-23T15:30:52.645597+00:00 [queued]>
[2023-12-23T15:30:56.783+0000] {taskinstance.py:1362} INFO - 
--------------------------------------------------------------------------------
[2023-12-23T15:30:56.783+0000] {taskinstance.py:1363} INFO - Starting attempt 1 of 1
[2023-12-23T15:30:56.783+0000] {taskinstance.py:1364} INFO - 
--------------------------------------------------------------------------------
[2023-12-23T15:30:56.789+0000] {taskinstance.py:1383} INFO - Executing <Task(SimpleHttpOperator): extract_user> on 2023-12-23 15:30:52.645597+00:00
[2023-12-23T15:30:56.792+0000] {standard_task_runner.py:55} INFO - Started process 14126 to run task
[2023-12-23T15:30:56.795+0000] {standard_task_runner.py:82} INFO - Running: ['***', 'tasks', 'run', 'user_processing', 'extract_user', 'manual__2023-12-23T15:30:52.645597+00:00', '--job-id', '89', '--raw', '--subdir', 'DAGS_FOLDER/user_processing.py', '--cfg-path', '/tmp/tmpa10ma9fe']
[2023-12-23T15:30:56.796+0000] {standard_task_runner.py:83} INFO - Job 89: Subtask extract_user
[2023-12-23T15:30:56.830+0000] {task_command.py:376} INFO - Running <TaskInstance: user_processing.extract_user manual__2023-12-23T15:30:52.645597+00:00 [running]> on host 29c739d23fae
[2023-12-23T15:30:56.871+0000] {taskinstance.py:1592} INFO - Exporting the following env vars:
AIRFLOW_CTX_DAG_OWNER=***
AIRFLOW_CTX_DAG_ID=user_processing
AIRFLOW_CTX_TASK_ID=extract_user
AIRFLOW_CTX_EXECUTION_DATE=2023-12-23T15:30:52.645597+00:00
AIRFLOW_CTX_TRY_NUMBER=1
AIRFLOW_CTX_DAG_RUN_ID=manual__2023-12-23T15:30:52.645597+00:00
[2023-12-23T15:30:56.872+0000] {http.py:121} INFO - Calling HTTP method
[2023-12-23T15:30:56.877+0000] {base.py:71} INFO - Using connection ID 'user_api' for task execution.
[2023-12-23T15:30:56.878+0000] {http.py:148} INFO - Sending 'GET' to url: https://randomuser.me/api/
[2023-12-23T15:30:57.941+0000] {http.py:125} INFO - {"results":[{"gender":"female","name":{"title":"Mrs","first":"Regina","last":"Gerasim'yuk"},"location":{"street":{"number":4083,"name":"Yuriya Vlasenka"},"city":"Mariupol","state":"Avtonomna Respublika Krim","country":"Ukraine","postcode":48354,"coordinates":{"latitude":"76.4567","longitude":"66.3490"},"timezone":{"offset":"-10:00","description":"Hawaii"}},"email":"regina.gerasim'yuk@example.com","login":{"uuid":"b2516280-61fb-4eef-a97f-25aef483b9c9","username":"yellowcat382","password":"jake","salt":"e0S357OL","md5":"dab1f69360c05d3099814da27bdc6ca9","sha1":"9641e7cf6051068ca63604e447542203240f6426","sha256":"a5b7cbbdd6d88dfb7b2d2e603ca11359739ea299989f1b538ee39fdacd68ef34"},"dob":{"date":"1980-09-23T20:37:28.048Z","age":43},"registered":{"date":"2020-10-09T04:57:28.991Z","age":3},"phone":"(067) N27-6765","cell":"(098) V17-6182","id":{"name":"","value":null},"picture":{"large":"https://randomuser.me/api/portraits/women/96.jpg","medium":"https://randomuser.me/api/portraits/med/women/96.jpg","thumbnail":"https://randomuser.me/api/portraits/thumb/women/96.jpg"},"nat":"UA"}],"info":{"seed":"bc3fd5ec7ad04293","results":1,"page":1,"version":"1.4"}}
[2023-12-23T15:30:57.957+0000] {taskinstance.py:1406} INFO - Marking task as SUCCESS. dag_id=user_processing, task_id=extract_user, execution_date=20231223T153052, start_date=20231223T153056, end_date=20231223T153057
[2023-12-23T15:30:57.983+0000] {local_task_job.py:164} INFO - Task exited with return code 0
[2023-12-23T15:30:57.999+0000] {local_task_job.py:273} INFO - 1 downstream tasks scheduled from follow-on schedule check
