[2023-12-23T02:38:16.282+0000] {taskinstance.py:1165} INFO - Dependencies all met for <TaskInstance: example_bash_operator.run_after_loop scheduled__2023-12-22T00:00:00+00:00 [queued]>
[2023-12-23T02:38:16.288+0000] {taskinstance.py:1165} INFO - Dependencies all met for <TaskInstance: example_bash_operator.run_after_loop scheduled__2023-12-22T00:00:00+00:00 [queued]>
[2023-12-23T02:38:16.289+0000] {taskinstance.py:1362} INFO - 
--------------------------------------------------------------------------------
[2023-12-23T02:38:16.289+0000] {taskinstance.py:1363} INFO - Starting attempt 1 of 1
[2023-12-23T02:38:16.289+0000] {taskinstance.py:1364} INFO - 
--------------------------------------------------------------------------------
[2023-12-23T02:38:16.296+0000] {taskinstance.py:1383} INFO - Executing <Task(BashOperator): run_after_loop> on 2023-12-22 00:00:00+00:00
[2023-12-23T02:38:16.299+0000] {standard_task_runner.py:55} INFO - Started process 80 to run task
[2023-12-23T02:38:16.301+0000] {standard_task_runner.py:82} INFO - Running: ['***', 'tasks', 'run', 'example_bash_operator', 'run_after_loop', 'scheduled__2023-12-22T00:00:00+00:00', '--job-id', '24', '--raw', '--subdir', '/home/***/.local/lib/python3.7/site-packages/***/example_dags/example_bash_operator.py', '--cfg-path', '/tmp/tmpqpbzqaco']
[2023-12-23T02:38:16.302+0000] {standard_task_runner.py:83} INFO - Job 24: Subtask run_after_loop
[2023-12-23T02:38:16.341+0000] {task_command.py:376} INFO - Running <TaskInstance: example_bash_operator.run_after_loop scheduled__2023-12-22T00:00:00+00:00 [running]> on host 29c739d23fae
[2023-12-23T02:38:16.381+0000] {taskinstance.py:1592} INFO - Exporting the following env vars:
AIRFLOW_CTX_DAG_OWNER=***
AIRFLOW_CTX_DAG_ID=example_bash_operator
AIRFLOW_CTX_TASK_ID=run_after_loop
AIRFLOW_CTX_EXECUTION_DATE=2023-12-22T00:00:00+00:00
AIRFLOW_CTX_TRY_NUMBER=1
AIRFLOW_CTX_DAG_RUN_ID=scheduled__2023-12-22T00:00:00+00:00
[2023-12-23T02:38:16.382+0000] {subprocess.py:63} INFO - Tmp dir root location: 
 /tmp
[2023-12-23T02:38:16.382+0000] {subprocess.py:75} INFO - Running command: ['/bin/bash', '-c', 'echo 1']
[2023-12-23T02:38:16.387+0000] {subprocess.py:86} INFO - Output:
[2023-12-23T02:38:16.388+0000] {subprocess.py:93} INFO - 1
[2023-12-23T02:38:16.389+0000] {subprocess.py:97} INFO - Command exited with return code 0
[2023-12-23T02:38:16.403+0000] {taskinstance.py:1406} INFO - Marking task as SUCCESS. dag_id=example_bash_operator, task_id=run_after_loop, execution_date=20231222T000000, start_date=20231223T023816, end_date=20231223T023816
[2023-12-23T02:38:16.439+0000] {local_task_job.py:164} INFO - Task exited with return code 0
[2023-12-23T02:38:16.450+0000] {local_task_job.py:273} INFO - 0 downstream tasks scheduled from follow-on schedule check
