[2023-12-22T18:23:44.260+0000] {taskinstance.py:1165} INFO - Dependencies all met for <TaskInstance: example_bash_operator.runme_1 scheduled__2023-12-21T00:00:00+00:00 [queued]>
[2023-12-22T18:23:44.267+0000] {taskinstance.py:1165} INFO - Dependencies all met for <TaskInstance: example_bash_operator.runme_1 scheduled__2023-12-21T00:00:00+00:00 [queued]>
[2023-12-22T18:23:44.267+0000] {taskinstance.py:1362} INFO - 
--------------------------------------------------------------------------------
[2023-12-22T18:23:44.267+0000] {taskinstance.py:1363} INFO - Starting attempt 1 of 1
[2023-12-22T18:23:44.268+0000] {taskinstance.py:1364} INFO - 
--------------------------------------------------------------------------------
[2023-12-22T18:23:44.289+0000] {taskinstance.py:1383} INFO - Executing <Task(BashOperator): runme_1> on 2023-12-21 00:00:00+00:00
[2023-12-22T18:23:44.297+0000] {standard_task_runner.py:55} INFO - Started process 6003 to run task
[2023-12-22T18:23:44.311+0000] {standard_task_runner.py:82} INFO - Running: ['***', 'tasks', 'run', 'example_bash_operator', 'runme_1', 'scheduled__2023-12-21T00:00:00+00:00', '--job-id', '4', '--raw', '--subdir', '/home/***/.local/lib/python3.7/site-packages/***/example_dags/example_bash_operator.py', '--cfg-path', '/tmp/tmpbe36j84i']
[2023-12-22T18:23:44.312+0000] {standard_task_runner.py:83} INFO - Job 4: Subtask runme_1
[2023-12-22T18:23:44.447+0000] {task_command.py:376} INFO - Running <TaskInstance: example_bash_operator.runme_1 scheduled__2023-12-21T00:00:00+00:00 [running]> on host 29c739d23fae
[2023-12-22T18:23:44.556+0000] {taskinstance.py:1592} INFO - Exporting the following env vars:
AIRFLOW_CTX_DAG_OWNER=***
AIRFLOW_CTX_DAG_ID=example_bash_operator
AIRFLOW_CTX_TASK_ID=runme_1
AIRFLOW_CTX_EXECUTION_DATE=2023-12-21T00:00:00+00:00
AIRFLOW_CTX_TRY_NUMBER=1
AIRFLOW_CTX_DAG_RUN_ID=scheduled__2023-12-21T00:00:00+00:00
[2023-12-22T18:23:44.559+0000] {subprocess.py:63} INFO - Tmp dir root location: 
 /tmp
[2023-12-22T18:23:44.561+0000] {subprocess.py:75} INFO - Running command: ['/bin/bash', '-c', 'echo "example_bash_operator__runme_1__20231221" && sleep 1']
[2023-12-22T18:23:44.572+0000] {subprocess.py:86} INFO - Output:
[2023-12-22T18:23:44.579+0000] {subprocess.py:93} INFO - example_bash_operator__runme_1__20231221
[2023-12-22T18:23:45.582+0000] {subprocess.py:97} INFO - Command exited with return code 0
[2023-12-22T18:23:45.603+0000] {taskinstance.py:1406} INFO - Marking task as SUCCESS. dag_id=example_bash_operator, task_id=runme_1, execution_date=20231221T000000, start_date=20231222T182344, end_date=20231222T182345
[2023-12-22T18:23:45.623+0000] {local_task_job.py:164} INFO - Task exited with return code 0
[2023-12-22T18:23:45.646+0000] {local_task_job.py:273} INFO - 0 downstream tasks scheduled from follow-on schedule check
