[2023-12-24T12:37:15.035+0000] {taskinstance.py:1165} INFO - Dependencies all met for <TaskInstance: group_dag.downloads.download_a scheduled__2023-12-24T12:37:12.887926+00:00 [queued]>
[2023-12-24T12:37:15.040+0000] {taskinstance.py:1165} INFO - Dependencies all met for <TaskInstance: group_dag.downloads.download_a scheduled__2023-12-24T12:37:12.887926+00:00 [queued]>
[2023-12-24T12:37:15.041+0000] {taskinstance.py:1362} INFO - 
--------------------------------------------------------------------------------
[2023-12-24T12:37:15.041+0000] {taskinstance.py:1363} INFO - Starting attempt 1 of 1
[2023-12-24T12:37:15.041+0000] {taskinstance.py:1364} INFO - 
--------------------------------------------------------------------------------
[2023-12-24T12:37:15.049+0000] {taskinstance.py:1383} INFO - Executing <Task(BashOperator): download_a> on 2023-12-24 12:37:12.887926+00:00
[2023-12-24T12:37:15.052+0000] {standard_task_runner.py:55} INFO - Started process 4557 to run task
[2023-12-24T12:37:15.055+0000] {standard_task_runner.py:82} INFO - Running: ['***', 'tasks', 'run', 'group_dag.downloads', 'download_a', 'scheduled__2023-12-24T12:37:12.887926+00:00', '--job-id', '146', '--raw', '--subdir', 'DAGS_FOLDER/group_dag.py', '--cfg-path', '/tmp/tmpryyvd4yz']
[2023-12-24T12:37:15.055+0000] {standard_task_runner.py:83} INFO - Job 146: Subtask download_a
[2023-12-24T12:37:15.093+0000] {task_command.py:376} INFO - Running <TaskInstance: group_dag.downloads.download_a scheduled__2023-12-24T12:37:12.887926+00:00 [running]> on host fd218fd35678
[2023-12-24T12:37:15.133+0000] {taskinstance.py:1592} INFO - Exporting the following env vars:
AIRFLOW_CTX_DAG_OWNER=***
AIRFLOW_CTX_DAG_ID=group_dag.downloads
AIRFLOW_CTX_TASK_ID=download_a
AIRFLOW_CTX_EXECUTION_DATE=2023-12-24T12:37:12.887926+00:00
AIRFLOW_CTX_TRY_NUMBER=1
AIRFLOW_CTX_DAG_RUN_ID=scheduled__2023-12-24T12:37:12.887926+00:00
[2023-12-24T12:37:15.133+0000] {subprocess.py:63} INFO - Tmp dir root location: 
 /tmp
[2023-12-24T12:37:15.134+0000] {subprocess.py:75} INFO - Running command: ['/bin/bash', '-c', 'sleep 10']
[2023-12-24T12:37:15.142+0000] {subprocess.py:86} INFO - Output:
[2023-12-24T12:37:25.145+0000] {subprocess.py:97} INFO - Command exited with return code 0
[2023-12-24T12:37:25.163+0000] {taskinstance.py:1406} INFO - Marking task as SUCCESS. dag_id=group_dag.downloads, task_id=download_a, execution_date=20231224T123712, start_date=20231224T123715, end_date=20231224T123725
[2023-12-24T12:37:25.185+0000] {local_task_job.py:164} INFO - Task exited with return code 0
[2023-12-24T12:37:25.207+0000] {local_task_job.py:273} INFO - 0 downstream tasks scheduled from follow-on schedule check
