[2023-12-23T02:56:07.103+0000] {taskinstance.py:1165} INFO - Dependencies all met for <TaskInstance: example_bash_operator.runme_2 manual__2023-12-23T02:42:14.519630+00:00 [queued]>
[2023-12-23T02:56:07.109+0000] {taskinstance.py:1165} INFO - Dependencies all met for <TaskInstance: example_bash_operator.runme_2 manual__2023-12-23T02:42:14.519630+00:00 [queued]>
[2023-12-23T02:56:07.109+0000] {taskinstance.py:1362} INFO - 
--------------------------------------------------------------------------------
[2023-12-23T02:56:07.110+0000] {taskinstance.py:1363} INFO - Starting attempt 2 of 2
[2023-12-23T02:56:07.110+0000] {taskinstance.py:1364} INFO - 
--------------------------------------------------------------------------------
[2023-12-23T02:56:07.135+0000] {taskinstance.py:1383} INFO - Executing <Task(BashOperator): runme_2> on 2023-12-23 02:42:14.519630+00:00
[2023-12-23T02:56:07.138+0000] {standard_task_runner.py:55} INFO - Started process 1032 to run task
[2023-12-23T02:56:07.141+0000] {standard_task_runner.py:82} INFO - Running: ['***', 'tasks', 'run', 'example_bash_operator', 'runme_2', 'manual__2023-12-23T02:42:14.519630+00:00', '--job-id', '47', '--raw', '--subdir', '/home/***/.local/lib/python3.7/site-packages/***/example_dags/example_bash_operator.py', '--cfg-path', '/tmp/tmp4ifgfvbf']
[2023-12-23T02:56:07.142+0000] {standard_task_runner.py:83} INFO - Job 47: Subtask runme_2
[2023-12-23T02:56:07.185+0000] {task_command.py:376} INFO - Running <TaskInstance: example_bash_operator.runme_2 manual__2023-12-23T02:42:14.519630+00:00 [running]> on host 29c739d23fae
[2023-12-23T02:56:07.231+0000] {taskinstance.py:1592} INFO - Exporting the following env vars:
AIRFLOW_CTX_DAG_OWNER=***
AIRFLOW_CTX_DAG_ID=example_bash_operator
AIRFLOW_CTX_TASK_ID=runme_2
AIRFLOW_CTX_EXECUTION_DATE=2023-12-23T02:42:14.519630+00:00
AIRFLOW_CTX_TRY_NUMBER=2
AIRFLOW_CTX_DAG_RUN_ID=manual__2023-12-23T02:42:14.519630+00:00
[2023-12-23T02:56:07.232+0000] {subprocess.py:63} INFO - Tmp dir root location: 
 /tmp
[2023-12-23T02:56:07.232+0000] {subprocess.py:75} INFO - Running command: ['/bin/bash', '-c', 'echo "example_bash_operator__runme_2__20231223" && sleep 1']
[2023-12-23T02:56:07.238+0000] {subprocess.py:86} INFO - Output:
[2023-12-23T02:56:07.240+0000] {subprocess.py:93} INFO - example_bash_operator__runme_2__20231223
[2023-12-23T02:56:08.241+0000] {subprocess.py:97} INFO - Command exited with return code 0
[2023-12-23T02:56:08.270+0000] {taskinstance.py:1406} INFO - Marking task as SUCCESS. dag_id=example_bash_operator, task_id=runme_2, execution_date=20231223T024214, start_date=20231223T025607, end_date=20231223T025608
[2023-12-23T02:56:08.290+0000] {local_task_job.py:164} INFO - Task exited with return code 0
[2023-12-23T02:56:08.310+0000] {local_task_job.py:273} INFO - 0 downstream tasks scheduled from follow-on schedule check
