[2023-12-24T08:05:23.495+0000] {taskinstance.py:1165} INFO - Dependencies all met for <TaskInstance: group_dag.downloads.download_a scheduled__2023-12-24T08:05:21.840066+00:00 [queued]>
[2023-12-24T08:05:23.503+0000] {taskinstance.py:1165} INFO - Dependencies all met for <TaskInstance: group_dag.downloads.download_a scheduled__2023-12-24T08:05:21.840066+00:00 [queued]>
[2023-12-24T08:05:23.504+0000] {taskinstance.py:1362} INFO - 
--------------------------------------------------------------------------------
[2023-12-24T08:05:23.504+0000] {taskinstance.py:1363} INFO - Starting attempt 1 of 1
[2023-12-24T08:05:23.504+0000] {taskinstance.py:1364} INFO - 
--------------------------------------------------------------------------------
[2023-12-24T08:05:23.515+0000] {taskinstance.py:1383} INFO - Executing <Task(BashOperator): download_a> on 2023-12-24 08:05:21.840066+00:00
[2023-12-24T08:05:23.519+0000] {standard_task_runner.py:55} INFO - Started process 3972 to run task
[2023-12-24T08:05:23.523+0000] {standard_task_runner.py:82} INFO - Running: ['***', 'tasks', 'run', 'group_dag.downloads', 'download_a', 'scheduled__2023-12-24T08:05:21.840066+00:00', '--job-id', '132', '--raw', '--subdir', 'DAGS_FOLDER/group_dag.py', '--cfg-path', '/tmp/tmpryw5lz8o']
[2023-12-24T08:05:23.524+0000] {standard_task_runner.py:83} INFO - Job 132: Subtask download_a
[2023-12-24T08:05:23.574+0000] {task_command.py:376} INFO - Running <TaskInstance: group_dag.downloads.download_a scheduled__2023-12-24T08:05:21.840066+00:00 [running]> on host fd218fd35678
[2023-12-24T08:05:23.628+0000] {taskinstance.py:1592} INFO - Exporting the following env vars:
AIRFLOW_CTX_DAG_OWNER=***
AIRFLOW_CTX_DAG_ID=group_dag.downloads
AIRFLOW_CTX_TASK_ID=download_a
AIRFLOW_CTX_EXECUTION_DATE=2023-12-24T08:05:21.840066+00:00
AIRFLOW_CTX_TRY_NUMBER=1
AIRFLOW_CTX_DAG_RUN_ID=scheduled__2023-12-24T08:05:21.840066+00:00
[2023-12-24T08:05:23.629+0000] {subprocess.py:63} INFO - Tmp dir root location: 
 /tmp
[2023-12-24T08:05:23.629+0000] {subprocess.py:75} INFO - Running command: ['/bin/bash', '-c', 'sleep 10']
[2023-12-24T08:05:23.638+0000] {subprocess.py:86} INFO - Output:
[2023-12-24T08:05:33.642+0000] {subprocess.py:97} INFO - Command exited with return code 0
[2023-12-24T08:05:33.661+0000] {taskinstance.py:1406} INFO - Marking task as SUCCESS. dag_id=group_dag.downloads, task_id=download_a, execution_date=20231224T080521, start_date=20231224T080523, end_date=20231224T080533
[2023-12-24T08:05:33.690+0000] {local_task_job.py:164} INFO - Task exited with return code 0
[2023-12-24T08:05:33.702+0000] {local_task_job.py:273} INFO - 0 downstream tasks scheduled from follow-on schedule check
