[2023-12-24T05:55:29.661+0000] {taskinstance.py:1165} INFO - Dependencies all met for <TaskInstance: parallel_dag.extract_a manual__2023-12-24T05:55:28.804198+00:00 [queued]>
[2023-12-24T05:55:29.669+0000] {taskinstance.py:1165} INFO - Dependencies all met for <TaskInstance: parallel_dag.extract_a manual__2023-12-24T05:55:28.804198+00:00 [queued]>
[2023-12-24T05:55:29.669+0000] {taskinstance.py:1362} INFO - 
--------------------------------------------------------------------------------
[2023-12-24T05:55:29.669+0000] {taskinstance.py:1363} INFO - Starting attempt 1 of 1
[2023-12-24T05:55:29.670+0000] {taskinstance.py:1364} INFO - 
--------------------------------------------------------------------------------
[2023-12-24T05:55:29.678+0000] {taskinstance.py:1383} INFO - Executing <Task(BashOperator): extract_a> on 2023-12-24 05:55:28.804198+00:00
[2023-12-24T05:55:29.682+0000] {standard_task_runner.py:55} INFO - Started process 147 to run task
[2023-12-24T05:55:29.685+0000] {standard_task_runner.py:82} INFO - Running: ['***', 'tasks', 'run', 'parallel_dag', 'extract_a', 'manual__2023-12-24T05:55:28.804198+00:00', '--job-id', '117', '--raw', '--subdir', 'DAGS_FOLDER/parallel_dag.py', '--cfg-path', '/tmp/tmp87ia0lzm']
[2023-12-24T05:55:29.686+0000] {standard_task_runner.py:83} INFO - Job 117: Subtask extract_a
[2023-12-24T05:55:29.733+0000] {task_command.py:376} INFO - Running <TaskInstance: parallel_dag.extract_a manual__2023-12-24T05:55:28.804198+00:00 [running]> on host b2a0404c8116
[2023-12-24T05:55:29.781+0000] {taskinstance.py:1592} INFO - Exporting the following env vars:
AIRFLOW_CTX_DAG_OWNER=***
AIRFLOW_CTX_DAG_ID=parallel_dag
AIRFLOW_CTX_TASK_ID=extract_a
AIRFLOW_CTX_EXECUTION_DATE=2023-12-24T05:55:28.804198+00:00
AIRFLOW_CTX_TRY_NUMBER=1
AIRFLOW_CTX_DAG_RUN_ID=manual__2023-12-24T05:55:28.804198+00:00
[2023-12-24T05:55:29.782+0000] {subprocess.py:63} INFO - Tmp dir root location: 
 /tmp
[2023-12-24T05:55:29.782+0000] {subprocess.py:75} INFO - Running command: ['/bin/bash', '-c', 'sleep 10']
[2023-12-24T05:55:29.792+0000] {subprocess.py:86} INFO - Output:
[2023-12-24T05:55:39.797+0000] {subprocess.py:97} INFO - Command exited with return code 0
[2023-12-24T05:55:39.814+0000] {taskinstance.py:1406} INFO - Marking task as SUCCESS. dag_id=parallel_dag, task_id=extract_a, execution_date=20231224T055528, start_date=20231224T055529, end_date=20231224T055539
[2023-12-24T05:55:39.837+0000] {local_task_job.py:164} INFO - Task exited with return code 0
[2023-12-24T05:55:39.863+0000] {local_task_job.py:273} INFO - 1 downstream tasks scheduled from follow-on schedule check
