[2023-12-23T02:56:22.384+0000] {taskinstance.py:1165} INFO - Dependencies all met for <TaskInstance: example_bash_operator.runme_2 scheduled__2023-12-21T00:00:00+00:00 [queued]>
[2023-12-23T02:56:22.391+0000] {taskinstance.py:1165} INFO - Dependencies all met for <TaskInstance: example_bash_operator.runme_2 scheduled__2023-12-21T00:00:00+00:00 [queued]>
[2023-12-23T02:56:22.393+0000] {taskinstance.py:1362} INFO - 
--------------------------------------------------------------------------------
[2023-12-23T02:56:22.393+0000] {taskinstance.py:1363} INFO - Starting attempt 2 of 2
[2023-12-23T02:56:22.397+0000] {taskinstance.py:1364} INFO - 
--------------------------------------------------------------------------------
[2023-12-23T02:56:22.405+0000] {taskinstance.py:1383} INFO - Executing <Task(BashOperator): runme_2> on 2023-12-21 00:00:00+00:00
[2023-12-23T02:56:22.408+0000] {standard_task_runner.py:55} INFO - Started process 1082 to run task
[2023-12-23T02:56:22.411+0000] {standard_task_runner.py:82} INFO - Running: ['***', 'tasks', 'run', 'example_bash_operator', 'runme_2', 'scheduled__2023-12-21T00:00:00+00:00', '--job-id', '55', '--raw', '--subdir', '/home/***/.local/lib/python3.7/site-packages/***/example_dags/example_bash_operator.py', '--cfg-path', '/tmp/tmp7dkbq2pn']
[2023-12-23T02:56:22.412+0000] {standard_task_runner.py:83} INFO - Job 55: Subtask runme_2
[2023-12-23T02:56:22.454+0000] {task_command.py:376} INFO - Running <TaskInstance: example_bash_operator.runme_2 scheduled__2023-12-21T00:00:00+00:00 [running]> on host 29c739d23fae
[2023-12-23T02:56:22.493+0000] {taskinstance.py:1592} INFO - Exporting the following env vars:
AIRFLOW_CTX_DAG_OWNER=***
AIRFLOW_CTX_DAG_ID=example_bash_operator
AIRFLOW_CTX_TASK_ID=runme_2
AIRFLOW_CTX_EXECUTION_DATE=2023-12-21T00:00:00+00:00
AIRFLOW_CTX_TRY_NUMBER=2
AIRFLOW_CTX_DAG_RUN_ID=scheduled__2023-12-21T00:00:00+00:00
[2023-12-23T02:56:22.495+0000] {subprocess.py:63} INFO - Tmp dir root location: 
 /tmp
[2023-12-23T02:56:22.496+0000] {subprocess.py:75} INFO - Running command: ['/bin/bash', '-c', 'echo "example_bash_operator__runme_2__20231221" && sleep 1']
[2023-12-23T02:56:22.503+0000] {subprocess.py:86} INFO - Output:
[2023-12-23T02:56:22.504+0000] {subprocess.py:93} INFO - example_bash_operator__runme_2__20231221
[2023-12-23T02:56:23.507+0000] {subprocess.py:97} INFO - Command exited with return code 0
[2023-12-23T02:56:23.531+0000] {taskinstance.py:1406} INFO - Marking task as SUCCESS. dag_id=example_bash_operator, task_id=runme_2, execution_date=20231221T000000, start_date=20231223T025622, end_date=20231223T025623
[2023-12-23T02:56:23.560+0000] {local_task_job.py:164} INFO - Task exited with return code 0
[2023-12-23T02:56:23.573+0000] {local_task_job.py:273} INFO - 0 downstream tasks scheduled from follow-on schedule check
