[2023-12-24T12:37:02.771+0000] {taskinstance.py:1165} INFO - Dependencies all met for <TaskInstance: group_dag.downloads manual__2023-12-24T12:37:01.431473+00:00 [queued]>
[2023-12-24T12:37:02.776+0000] {taskinstance.py:1165} INFO - Dependencies all met for <TaskInstance: group_dag.downloads manual__2023-12-24T12:37:01.431473+00:00 [queued]>
[2023-12-24T12:37:02.776+0000] {taskinstance.py:1362} INFO - 
--------------------------------------------------------------------------------
[2023-12-24T12:37:02.776+0000] {taskinstance.py:1363} INFO - Starting attempt 1 of 1
[2023-12-24T12:37:02.776+0000] {taskinstance.py:1364} INFO - 
--------------------------------------------------------------------------------
[2023-12-24T12:37:02.783+0000] {taskinstance.py:1383} INFO - Executing <Task(SubDagOperator): downloads> on 2023-12-24 12:37:01.431473+00:00
[2023-12-24T12:37:02.786+0000] {standard_task_runner.py:55} INFO - Started process 4533 to run task
[2023-12-24T12:37:02.789+0000] {standard_task_runner.py:82} INFO - Running: ['***', 'tasks', 'run', 'group_dag', 'downloads', 'manual__2023-12-24T12:37:01.431473+00:00', '--job-id', '139', '--raw', '--subdir', 'DAGS_FOLDER/group_dag.py', '--cfg-path', '/tmp/tmpshypciee']
[2023-12-24T12:37:02.789+0000] {standard_task_runner.py:83} INFO - Job 139: Subtask downloads
[2023-12-24T12:37:02.822+0000] {task_command.py:376} INFO - Running <TaskInstance: group_dag.downloads manual__2023-12-24T12:37:01.431473+00:00 [running]> on host fd218fd35678
[2023-12-24T12:37:02.859+0000] {taskinstance.py:1592} INFO - Exporting the following env vars:
AIRFLOW_CTX_DAG_OWNER=***
AIRFLOW_CTX_DAG_ID=group_dag
AIRFLOW_CTX_TASK_ID=downloads
AIRFLOW_CTX_EXECUTION_DATE=2023-12-24T12:37:01.431473+00:00
AIRFLOW_CTX_TRY_NUMBER=1
AIRFLOW_CTX_DAG_RUN_ID=manual__2023-12-24T12:37:01.431473+00:00
[2023-12-24T12:37:02.860+0000] {warnings.py:110} WARNING - /home/***/.local/lib/python3.7/site-packages/***/utils/context.py:204: AirflowContextDeprecationWarning: Accessing 'execution_date' from the template is deprecated and will be removed in a future version. Please use 'data_interval_start' or 'logical_date' instead.
  warnings.warn(_create_deprecation_warning(key, self._deprecation_replacements[key]))

[2023-12-24T12:37:02.874+0000] {subdag.py:171} INFO - Created DagRun: scheduled__2023-12-24T12:37:01.431473+00:00
[2023-12-24T12:38:02.947+0000] {base.py:213} INFO - Success criteria met. Exiting.
[2023-12-24T12:38:02.961+0000] {subdag.py:186} INFO - Execution finished. State is success
[2023-12-24T12:38:02.972+0000] {taskinstance.py:1406} INFO - Marking task as SUCCESS. dag_id=group_dag, task_id=downloads, execution_date=20231224T123701, start_date=20231224T123702, end_date=20231224T123802
[2023-12-24T12:38:03.020+0000] {local_task_job.py:164} INFO - Task exited with return code 0
[2023-12-24T12:38:03.046+0000] {local_task_job.py:273} INFO - 1 downstream tasks scheduled from follow-on schedule check
