[2023-12-23T02:45:31.079+0000] {taskinstance.py:1165} INFO - Dependencies all met for <TaskInstance: example_bash_operator.runme_1 manual__2023-12-23T02:45:30.384739+00:00 [queued]>
[2023-12-23T02:45:31.085+0000] {taskinstance.py:1165} INFO - Dependencies all met for <TaskInstance: example_bash_operator.runme_1 manual__2023-12-23T02:45:30.384739+00:00 [queued]>
[2023-12-23T02:45:31.086+0000] {taskinstance.py:1362} INFO - 
--------------------------------------------------------------------------------
[2023-12-23T02:45:31.086+0000] {taskinstance.py:1363} INFO - Starting attempt 1 of 1
[2023-12-23T02:45:31.086+0000] {taskinstance.py:1364} INFO - 
--------------------------------------------------------------------------------
[2023-12-23T02:45:31.094+0000] {taskinstance.py:1383} INFO - Executing <Task(BashOperator): runme_1> on 2023-12-23 02:45:30.384739+00:00
[2023-12-23T02:45:31.097+0000] {standard_task_runner.py:55} INFO - Started process 462 to run task
[2023-12-23T02:45:31.099+0000] {standard_task_runner.py:82} INFO - Running: ['***', 'tasks', 'run', 'example_bash_operator', 'runme_1', 'manual__2023-12-23T02:45:30.384739+00:00', '--job-id', '33', '--raw', '--subdir', '/home/***/.local/lib/python3.7/site-packages/***/example_dags/example_bash_operator.py', '--cfg-path', '/tmp/tmpzdm_pd0e']
[2023-12-23T02:45:31.100+0000] {standard_task_runner.py:83} INFO - Job 33: Subtask runme_1
[2023-12-23T02:45:31.150+0000] {task_command.py:376} INFO - Running <TaskInstance: example_bash_operator.runme_1 manual__2023-12-23T02:45:30.384739+00:00 [running]> on host 29c739d23fae
[2023-12-23T02:45:31.194+0000] {taskinstance.py:1592} INFO - Exporting the following env vars:
AIRFLOW_CTX_DAG_OWNER=***
AIRFLOW_CTX_DAG_ID=example_bash_operator
AIRFLOW_CTX_TASK_ID=runme_1
AIRFLOW_CTX_EXECUTION_DATE=2023-12-23T02:45:30.384739+00:00
AIRFLOW_CTX_TRY_NUMBER=1
AIRFLOW_CTX_DAG_RUN_ID=manual__2023-12-23T02:45:30.384739+00:00
[2023-12-23T02:45:31.195+0000] {subprocess.py:63} INFO - Tmp dir root location: 
 /tmp
[2023-12-23T02:45:31.196+0000] {subprocess.py:75} INFO - Running command: ['/bin/bash', '-c', 'echo "example_bash_operator__runme_1__20231223" && sleep 1']
[2023-12-23T02:45:31.205+0000] {subprocess.py:86} INFO - Output:
[2023-12-23T02:45:31.206+0000] {subprocess.py:93} INFO - example_bash_operator__runme_1__20231223
[2023-12-23T02:45:32.213+0000] {subprocess.py:97} INFO - Command exited with return code 0
[2023-12-23T02:45:32.239+0000] {taskinstance.py:1406} INFO - Marking task as SUCCESS. dag_id=example_bash_operator, task_id=runme_1, execution_date=20231223T024530, start_date=20231223T024531, end_date=20231223T024532
[2023-12-23T02:45:32.259+0000] {local_task_job.py:164} INFO - Task exited with return code 0
[2023-12-23T02:45:32.275+0000] {local_task_job.py:273} INFO - 1 downstream tasks scheduled from follow-on schedule check
