[2023-12-23T02:56:01.684+0000] {taskinstance.py:1165} INFO - Dependencies all met for <TaskInstance: example_bash_operator.runme_2 manual__2023-12-23T02:45:30.384739+00:00 [queued]>
[2023-12-23T02:56:01.692+0000] {taskinstance.py:1165} INFO - Dependencies all met for <TaskInstance: example_bash_operator.runme_2 manual__2023-12-23T02:45:30.384739+00:00 [queued]>
[2023-12-23T02:56:01.692+0000] {taskinstance.py:1362} INFO - 
--------------------------------------------------------------------------------
[2023-12-23T02:56:01.692+0000] {taskinstance.py:1363} INFO - Starting attempt 2 of 2
[2023-12-23T02:56:01.692+0000] {taskinstance.py:1364} INFO - 
--------------------------------------------------------------------------------
[2023-12-23T02:56:01.700+0000] {taskinstance.py:1383} INFO - Executing <Task(BashOperator): runme_2> on 2023-12-23 02:45:30.384739+00:00
[2023-12-23T02:56:01.703+0000] {standard_task_runner.py:55} INFO - Started process 1012 to run task
[2023-12-23T02:56:01.706+0000] {standard_task_runner.py:82} INFO - Running: ['***', 'tasks', 'run', 'example_bash_operator', 'runme_2', 'manual__2023-12-23T02:45:30.384739+00:00', '--job-id', '39', '--raw', '--subdir', '/home/***/.local/lib/python3.7/site-packages/***/example_dags/example_bash_operator.py', '--cfg-path', '/tmp/tmp7fyh6dxp']
[2023-12-23T02:56:01.706+0000] {standard_task_runner.py:83} INFO - Job 39: Subtask runme_2
[2023-12-23T02:56:01.749+0000] {task_command.py:376} INFO - Running <TaskInstance: example_bash_operator.runme_2 manual__2023-12-23T02:45:30.384739+00:00 [running]> on host 29c739d23fae
[2023-12-23T02:56:01.792+0000] {taskinstance.py:1592} INFO - Exporting the following env vars:
AIRFLOW_CTX_DAG_OWNER=***
AIRFLOW_CTX_DAG_ID=example_bash_operator
AIRFLOW_CTX_TASK_ID=runme_2
AIRFLOW_CTX_EXECUTION_DATE=2023-12-23T02:45:30.384739+00:00
AIRFLOW_CTX_TRY_NUMBER=2
AIRFLOW_CTX_DAG_RUN_ID=manual__2023-12-23T02:45:30.384739+00:00
[2023-12-23T02:56:01.793+0000] {subprocess.py:63} INFO - Tmp dir root location: 
 /tmp
[2023-12-23T02:56:01.794+0000] {subprocess.py:75} INFO - Running command: ['/bin/bash', '-c', 'echo "example_bash_operator__runme_2__20231223" && sleep 1']
[2023-12-23T02:56:01.800+0000] {subprocess.py:86} INFO - Output:
[2023-12-23T02:56:01.801+0000] {subprocess.py:93} INFO - example_bash_operator__runme_2__20231223
[2023-12-23T02:56:02.802+0000] {subprocess.py:97} INFO - Command exited with return code 0
[2023-12-23T02:56:02.822+0000] {taskinstance.py:1406} INFO - Marking task as SUCCESS. dag_id=example_bash_operator, task_id=runme_2, execution_date=20231223T024530, start_date=20231223T025601, end_date=20231223T025602
[2023-12-23T02:56:02.840+0000] {local_task_job.py:164} INFO - Task exited with return code 0
[2023-12-23T02:56:02.855+0000] {local_task_job.py:273} INFO - 0 downstream tasks scheduled from follow-on schedule check
