[2023-12-23T15:32:20.456+0000] {taskinstance.py:1165} INFO - Dependencies all met for <TaskInstance: user_processing.process_user manual__2023-12-23T15:32:15.138507+00:00 [queued]>
[2023-12-23T15:32:20.461+0000] {taskinstance.py:1165} INFO - Dependencies all met for <TaskInstance: user_processing.process_user manual__2023-12-23T15:32:15.138507+00:00 [queued]>
[2023-12-23T15:32:20.462+0000] {taskinstance.py:1362} INFO - 
--------------------------------------------------------------------------------
[2023-12-23T15:32:20.462+0000] {taskinstance.py:1363} INFO - Starting attempt 1 of 1
[2023-12-23T15:32:20.462+0000] {taskinstance.py:1364} INFO - 
--------------------------------------------------------------------------------
[2023-12-23T15:32:20.469+0000] {taskinstance.py:1383} INFO - Executing <Task(PythonOperator): process_user> on 2023-12-23 15:32:15.138507+00:00
[2023-12-23T15:32:20.472+0000] {standard_task_runner.py:55} INFO - Started process 14216 to run task
[2023-12-23T15:32:20.475+0000] {standard_task_runner.py:82} INFO - Running: ['***', 'tasks', 'run', 'user_processing', 'process_user', 'manual__2023-12-23T15:32:15.138507+00:00', '--job-id', '95', '--raw', '--subdir', 'DAGS_FOLDER/user_processing.py', '--cfg-path', '/tmp/tmpzwswble3']
[2023-12-23T15:32:20.476+0000] {standard_task_runner.py:83} INFO - Job 95: Subtask process_user
[2023-12-23T15:32:20.515+0000] {task_command.py:376} INFO - Running <TaskInstance: user_processing.process_user manual__2023-12-23T15:32:15.138507+00:00 [running]> on host 29c739d23fae
[2023-12-23T15:32:20.553+0000] {taskinstance.py:1592} INFO - Exporting the following env vars:
AIRFLOW_CTX_DAG_OWNER=***
AIRFLOW_CTX_DAG_ID=user_processing
AIRFLOW_CTX_TASK_ID=process_user
AIRFLOW_CTX_EXECUTION_DATE=2023-12-23T15:32:15.138507+00:00
AIRFLOW_CTX_TRY_NUMBER=1
AIRFLOW_CTX_DAG_RUN_ID=manual__2023-12-23T15:32:15.138507+00:00
[2023-12-23T15:32:20.563+0000] {python.py:177} INFO - Done. Returned value was: None
[2023-12-23T15:32:20.568+0000] {taskinstance.py:1406} INFO - Marking task as SUCCESS. dag_id=user_processing, task_id=process_user, execution_date=20231223T153215, start_date=20231223T153220, end_date=20231223T153220
[2023-12-23T15:32:20.610+0000] {local_task_job.py:164} INFO - Task exited with return code 0
[2023-12-23T15:32:20.623+0000] {local_task_job.py:273} INFO - 1 downstream tasks scheduled from follow-on schedule check
