[2023-12-22T18:26:56.446+0000] {taskinstance.py:1165} INFO - Dependencies all met for <TaskInstance: example_bash_operator.runme_2 manual__2023-12-22T18:26:55.259035+00:00 [queued]>
[2023-12-22T18:26:56.455+0000] {taskinstance.py:1165} INFO - Dependencies all met for <TaskInstance: example_bash_operator.runme_2 manual__2023-12-22T18:26:55.259035+00:00 [queued]>
[2023-12-22T18:26:56.456+0000] {taskinstance.py:1362} INFO - 
--------------------------------------------------------------------------------
[2023-12-22T18:26:56.456+0000] {taskinstance.py:1363} INFO - Starting attempt 1 of 1
[2023-12-22T18:26:56.456+0000] {taskinstance.py:1364} INFO - 
--------------------------------------------------------------------------------
[2023-12-22T18:26:56.472+0000] {taskinstance.py:1383} INFO - Executing <Task(BashOperator): runme_2> on 2023-12-22 18:26:55.259035+00:00
[2023-12-22T18:26:56.476+0000] {standard_task_runner.py:55} INFO - Started process 6186 to run task
[2023-12-22T18:26:56.479+0000] {standard_task_runner.py:82} INFO - Running: ['***', 'tasks', 'run', 'example_bash_operator', 'runme_2', 'manual__2023-12-22T18:26:55.259035+00:00', '--job-id', '12', '--raw', '--subdir', '/home/***/.local/lib/python3.7/site-packages/***/example_dags/example_bash_operator.py', '--cfg-path', '/tmp/tmp0ti38s3u']
[2023-12-22T18:26:56.480+0000] {standard_task_runner.py:83} INFO - Job 12: Subtask runme_2
[2023-12-22T18:26:56.582+0000] {task_command.py:376} INFO - Running <TaskInstance: example_bash_operator.runme_2 manual__2023-12-22T18:26:55.259035+00:00 [running]> on host 29c739d23fae
[2023-12-22T18:26:56.698+0000] {taskinstance.py:1592} INFO - Exporting the following env vars:
AIRFLOW_CTX_DAG_OWNER=***
AIRFLOW_CTX_DAG_ID=example_bash_operator
AIRFLOW_CTX_TASK_ID=runme_2
AIRFLOW_CTX_EXECUTION_DATE=2023-12-22T18:26:55.259035+00:00
AIRFLOW_CTX_TRY_NUMBER=1
AIRFLOW_CTX_DAG_RUN_ID=manual__2023-12-22T18:26:55.259035+00:00
[2023-12-22T18:26:56.700+0000] {subprocess.py:63} INFO - Tmp dir root location: 
 /tmp
[2023-12-22T18:26:56.701+0000] {subprocess.py:75} INFO - Running command: ['/bin/bash', '-c', 'echo "example_bash_operator__runme_2__20231222" && sleep 1']
[2023-12-22T18:26:56.715+0000] {subprocess.py:86} INFO - Output:
[2023-12-22T18:26:56.717+0000] {subprocess.py:93} INFO - example_bash_operator__runme_2__20231222
[2023-12-22T18:26:57.721+0000] {subprocess.py:97} INFO - Command exited with return code 0
[2023-12-22T18:26:57.738+0000] {taskinstance.py:1406} INFO - Marking task as SUCCESS. dag_id=example_bash_operator, task_id=runme_2, execution_date=20231222T182655, start_date=20231222T182656, end_date=20231222T182657
[2023-12-22T18:26:57.775+0000] {local_task_job.py:164} INFO - Task exited with return code 0
[2023-12-22T18:26:57.787+0000] {local_task_job.py:273} INFO - 0 downstream tasks scheduled from follow-on schedule check
