[2023-12-24T12:50:50.594+0000] {taskinstance.py:1165} INFO - Dependencies all met for <TaskInstance: group_dag.downloads.download_a manual__2023-12-24T12:37:01.431473+00:00 [queued]>
[2023-12-24T12:50:50.604+0000] {taskinstance.py:1165} INFO - Dependencies all met for <TaskInstance: group_dag.downloads.download_a manual__2023-12-24T12:37:01.431473+00:00 [queued]>
[2023-12-24T12:50:50.605+0000] {taskinstance.py:1362} INFO - 
--------------------------------------------------------------------------------
[2023-12-24T12:50:50.607+0000] {taskinstance.py:1363} INFO - Starting attempt 1 of 1
[2023-12-24T12:50:50.608+0000] {taskinstance.py:1364} INFO - 
--------------------------------------------------------------------------------
[2023-12-24T12:50:50.620+0000] {taskinstance.py:1383} INFO - Executing <Task(BashOperator): downloads.download_a> on 2023-12-24 12:37:01.431473+00:00
[2023-12-24T12:50:50.626+0000] {standard_task_runner.py:55} INFO - Started process 5261 to run task
[2023-12-24T12:50:50.632+0000] {standard_task_runner.py:82} INFO - Running: ['***', 'tasks', 'run', 'group_dag', 'downloads.download_a', 'manual__2023-12-24T12:37:01.431473+00:00', '--job-id', '153', '--raw', '--subdir', 'DAGS_FOLDER/group_dag.py', '--cfg-path', '/tmp/tmpzrslw_cq']
[2023-12-24T12:50:50.632+0000] {standard_task_runner.py:83} INFO - Job 153: Subtask downloads.download_a
[2023-12-24T12:50:50.721+0000] {task_command.py:376} INFO - Running <TaskInstance: group_dag.downloads.download_a manual__2023-12-24T12:37:01.431473+00:00 [running]> on host fd218fd35678
[2023-12-24T12:50:50.795+0000] {taskinstance.py:1592} INFO - Exporting the following env vars:
AIRFLOW_CTX_DAG_OWNER=***
AIRFLOW_CTX_DAG_ID=group_dag
AIRFLOW_CTX_TASK_ID=downloads.download_a
AIRFLOW_CTX_EXECUTION_DATE=2023-12-24T12:37:01.431473+00:00
AIRFLOW_CTX_TRY_NUMBER=1
AIRFLOW_CTX_DAG_RUN_ID=manual__2023-12-24T12:37:01.431473+00:00
[2023-12-24T12:50:50.797+0000] {subprocess.py:63} INFO - Tmp dir root location: 
 /tmp
[2023-12-24T12:50:50.798+0000] {subprocess.py:75} INFO - Running command: ['/bin/bash', '-c', 'sleep 10']
[2023-12-24T12:50:50.810+0000] {subprocess.py:86} INFO - Output:
[2023-12-24T12:51:00.814+0000] {subprocess.py:97} INFO - Command exited with return code 0
[2023-12-24T12:51:00.839+0000] {taskinstance.py:1406} INFO - Marking task as SUCCESS. dag_id=group_dag, task_id=downloads.download_a, execution_date=20231224T123701, start_date=20231224T125050, end_date=20231224T125100
[2023-12-24T12:51:00.856+0000] {local_task_job.py:164} INFO - Task exited with return code 0
[2023-12-24T12:51:00.868+0000] {local_task_job.py:273} INFO - 0 downstream tasks scheduled from follow-on schedule check
