[2023-12-23T02:38:14.029+0000] {taskinstance.py:1165} INFO - Dependencies all met for <TaskInstance: example_bash_operator.runme_1 scheduled__2023-12-22T00:00:00+00:00 [queued]>
[2023-12-23T02:38:14.040+0000] {taskinstance.py:1165} INFO - Dependencies all met for <TaskInstance: example_bash_operator.runme_1 scheduled__2023-12-22T00:00:00+00:00 [queued]>
[2023-12-23T02:38:14.041+0000] {taskinstance.py:1362} INFO - 
--------------------------------------------------------------------------------
[2023-12-23T02:38:14.041+0000] {taskinstance.py:1363} INFO - Starting attempt 1 of 1
[2023-12-23T02:38:14.043+0000] {taskinstance.py:1364} INFO - 
--------------------------------------------------------------------------------
[2023-12-23T02:38:14.056+0000] {taskinstance.py:1383} INFO - Executing <Task(BashOperator): runme_1> on 2023-12-22 00:00:00+00:00
[2023-12-23T02:38:14.060+0000] {standard_task_runner.py:55} INFO - Started process 64 to run task
[2023-12-23T02:38:14.066+0000] {standard_task_runner.py:82} INFO - Running: ['***', 'tasks', 'run', 'example_bash_operator', 'runme_1', 'scheduled__2023-12-22T00:00:00+00:00', '--job-id', '23', '--raw', '--subdir', '/home/***/.local/lib/python3.7/site-packages/***/example_dags/example_bash_operator.py', '--cfg-path', '/tmp/tmpoq00xmrr']
[2023-12-23T02:38:14.067+0000] {standard_task_runner.py:83} INFO - Job 23: Subtask runme_1
[2023-12-23T02:38:14.126+0000] {task_command.py:376} INFO - Running <TaskInstance: example_bash_operator.runme_1 scheduled__2023-12-22T00:00:00+00:00 [running]> on host 29c739d23fae
[2023-12-23T02:38:14.172+0000] {taskinstance.py:1592} INFO - Exporting the following env vars:
AIRFLOW_CTX_DAG_OWNER=***
AIRFLOW_CTX_DAG_ID=example_bash_operator
AIRFLOW_CTX_TASK_ID=runme_1
AIRFLOW_CTX_EXECUTION_DATE=2023-12-22T00:00:00+00:00
AIRFLOW_CTX_TRY_NUMBER=1
AIRFLOW_CTX_DAG_RUN_ID=scheduled__2023-12-22T00:00:00+00:00
[2023-12-23T02:38:14.173+0000] {subprocess.py:63} INFO - Tmp dir root location: 
 /tmp
[2023-12-23T02:38:14.174+0000] {subprocess.py:75} INFO - Running command: ['/bin/bash', '-c', 'echo "example_bash_operator__runme_1__20231222" && sleep 1']
[2023-12-23T02:38:14.179+0000] {subprocess.py:86} INFO - Output:
[2023-12-23T02:38:14.180+0000] {subprocess.py:93} INFO - example_bash_operator__runme_1__20231222
[2023-12-23T02:38:15.181+0000] {subprocess.py:97} INFO - Command exited with return code 0
[2023-12-23T02:38:15.202+0000] {taskinstance.py:1406} INFO - Marking task as SUCCESS. dag_id=example_bash_operator, task_id=runme_1, execution_date=20231222T000000, start_date=20231223T023814, end_date=20231223T023815
[2023-12-23T02:38:15.253+0000] {local_task_job.py:164} INFO - Task exited with return code 0
[2023-12-23T02:38:15.265+0000] {local_task_job.py:273} INFO - 0 downstream tasks scheduled from follow-on schedule check
