[2023-12-23T02:56:10.505+0000] {taskinstance.py:1165} INFO - Dependencies all met for <TaskInstance: example_bash_operator.runme_0 scheduled__2023-12-22T00:00:00+00:00 [queued]>
[2023-12-23T02:56:10.510+0000] {taskinstance.py:1165} INFO - Dependencies all met for <TaskInstance: example_bash_operator.runme_0 scheduled__2023-12-22T00:00:00+00:00 [queued]>
[2023-12-23T02:56:10.511+0000] {taskinstance.py:1362} INFO - 
--------------------------------------------------------------------------------
[2023-12-23T02:56:10.511+0000] {taskinstance.py:1363} INFO - Starting attempt 2 of 2
[2023-12-23T02:56:10.511+0000] {taskinstance.py:1364} INFO - 
--------------------------------------------------------------------------------
[2023-12-23T02:56:10.527+0000] {taskinstance.py:1383} INFO - Executing <Task(BashOperator): runme_0> on 2023-12-22 00:00:00+00:00
[2023-12-23T02:56:10.531+0000] {standard_task_runner.py:55} INFO - Started process 1059 to run task
[2023-12-23T02:56:10.535+0000] {standard_task_runner.py:82} INFO - Running: ['***', 'tasks', 'run', 'example_bash_operator', 'runme_0', 'scheduled__2023-12-22T00:00:00+00:00', '--job-id', '51', '--raw', '--subdir', '/home/***/.local/lib/python3.7/site-packages/***/example_dags/example_bash_operator.py', '--cfg-path', '/tmp/tmpiwsfjd8g']
[2023-12-23T02:56:10.536+0000] {standard_task_runner.py:83} INFO - Job 51: Subtask runme_0
[2023-12-23T02:56:10.580+0000] {task_command.py:376} INFO - Running <TaskInstance: example_bash_operator.runme_0 scheduled__2023-12-22T00:00:00+00:00 [running]> on host 29c739d23fae
[2023-12-23T02:56:10.628+0000] {taskinstance.py:1592} INFO - Exporting the following env vars:
AIRFLOW_CTX_DAG_OWNER=***
AIRFLOW_CTX_DAG_ID=example_bash_operator
AIRFLOW_CTX_TASK_ID=runme_0
AIRFLOW_CTX_EXECUTION_DATE=2023-12-22T00:00:00+00:00
AIRFLOW_CTX_TRY_NUMBER=2
AIRFLOW_CTX_DAG_RUN_ID=scheduled__2023-12-22T00:00:00+00:00
[2023-12-23T02:56:10.629+0000] {subprocess.py:63} INFO - Tmp dir root location: 
 /tmp
[2023-12-23T02:56:10.630+0000] {subprocess.py:75} INFO - Running command: ['/bin/bash', '-c', 'echo "example_bash_operator__runme_0__20231222" && sleep 1']
[2023-12-23T02:56:10.637+0000] {subprocess.py:86} INFO - Output:
[2023-12-23T02:56:10.637+0000] {subprocess.py:93} INFO - example_bash_operator__runme_0__20231222
[2023-12-23T02:56:11.639+0000] {subprocess.py:97} INFO - Command exited with return code 0
[2023-12-23T02:56:11.664+0000] {taskinstance.py:1406} INFO - Marking task as SUCCESS. dag_id=example_bash_operator, task_id=runme_0, execution_date=20231222T000000, start_date=20231223T025610, end_date=20231223T025611
[2023-12-23T02:56:11.682+0000] {local_task_job.py:164} INFO - Task exited with return code 0
[2023-12-23T02:56:11.697+0000] {local_task_job.py:273} INFO - 1 downstream tasks scheduled from follow-on schedule check
