[2023-12-23T18:30:27.240+0000] {taskinstance.py:1165} INFO - Dependencies all met for <TaskInstance: consumer.read_dataset dataset_triggered__2023-12-23T18:30:26.292246+00:00 [queued]>
[2023-12-23T18:30:27.246+0000] {taskinstance.py:1165} INFO - Dependencies all met for <TaskInstance: consumer.read_dataset dataset_triggered__2023-12-23T18:30:26.292246+00:00 [queued]>
[2023-12-23T18:30:27.246+0000] {taskinstance.py:1362} INFO - 
--------------------------------------------------------------------------------
[2023-12-23T18:30:27.246+0000] {taskinstance.py:1363} INFO - Starting attempt 1 of 1
[2023-12-23T18:30:27.246+0000] {taskinstance.py:1364} INFO - 
--------------------------------------------------------------------------------
[2023-12-23T18:30:27.254+0000] {taskinstance.py:1383} INFO - Executing <Task(_PythonDecoratedOperator): read_dataset> on 2023-12-23 18:30:26.292246+00:00
[2023-12-23T18:30:27.256+0000] {standard_task_runner.py:55} INFO - Started process 20791 to run task
[2023-12-23T18:30:27.259+0000] {standard_task_runner.py:82} INFO - Running: ['***', 'tasks', 'run', 'consumer', 'read_dataset', 'dataset_triggered__2023-12-23T18:30:26.292246+00:00', '--job-id', '103', '--raw', '--subdir', 'DAGS_FOLDER/consumer.py', '--cfg-path', '/tmp/tmpe0p_2g0s']
[2023-12-23T18:30:27.259+0000] {standard_task_runner.py:83} INFO - Job 103: Subtask read_dataset
[2023-12-23T18:30:27.293+0000] {task_command.py:376} INFO - Running <TaskInstance: consumer.read_dataset dataset_triggered__2023-12-23T18:30:26.292246+00:00 [running]> on host 29c739d23fae
[2023-12-23T18:30:27.330+0000] {taskinstance.py:1592} INFO - Exporting the following env vars:
AIRFLOW_CTX_DAG_OWNER=***
AIRFLOW_CTX_DAG_ID=consumer
AIRFLOW_CTX_TASK_ID=read_dataset
AIRFLOW_CTX_EXECUTION_DATE=2023-12-23T18:30:26.292246+00:00
AIRFLOW_CTX_TRY_NUMBER=1
AIRFLOW_CTX_DAG_RUN_ID=dataset_triggered__2023-12-23T18:30:26.292246+00:00
[2023-12-23T18:30:27.331+0000] {logging_mixin.py:120} INFO - producer update
[2023-12-23T18:30:27.331+0000] {python.py:177} INFO - Done. Returned value was: None
[2023-12-23T18:30:27.337+0000] {taskinstance.py:1406} INFO - Marking task as SUCCESS. dag_id=consumer, task_id=read_dataset, execution_date=20231223T183026, start_date=20231223T183027, end_date=20231223T183027
[2023-12-23T18:30:27.353+0000] {local_task_job.py:164} INFO - Task exited with return code 0
[2023-12-23T18:30:27.366+0000] {local_task_job.py:273} INFO - 0 downstream tasks scheduled from follow-on schedule check
