[2023-12-24T00:43:36.350+0000] {taskinstance.py:1165} INFO - Dependencies all met for <TaskInstance: example_bash_operator.this_will_skip scheduled__2023-12-23T00:00:00+00:00 [queued]>
[2023-12-24T00:43:36.373+0000] {taskinstance.py:1165} INFO - Dependencies all met for <TaskInstance: example_bash_operator.this_will_skip scheduled__2023-12-23T00:00:00+00:00 [queued]>
[2023-12-24T00:43:36.375+0000] {taskinstance.py:1362} INFO - 
--------------------------------------------------------------------------------
[2023-12-24T00:43:36.376+0000] {taskinstance.py:1363} INFO - Starting attempt 1 of 1
[2023-12-24T00:43:36.377+0000] {taskinstance.py:1364} INFO - 
--------------------------------------------------------------------------------
[2023-12-24T00:43:36.413+0000] {taskinstance.py:1383} INFO - Executing <Task(BashOperator): this_will_skip> on 2023-12-23 00:00:00+00:00
[2023-12-24T00:43:36.416+0000] {standard_task_runner.py:55} INFO - Started process 21741 to run task
[2023-12-24T00:43:36.420+0000] {standard_task_runner.py:82} INFO - Running: ['***', 'tasks', 'run', 'example_bash_operator', 'this_will_skip', 'scheduled__2023-12-23T00:00:00+00:00', '--job-id', '109', '--raw', '--subdir', '/home/***/.local/lib/python3.7/site-packages/***/example_dags/example_bash_operator.py', '--cfg-path', '/tmp/tmprjjfe1k7']
[2023-12-24T00:43:36.422+0000] {standard_task_runner.py:83} INFO - Job 109: Subtask this_will_skip
[2023-12-24T00:43:36.572+0000] {task_command.py:376} INFO - Running <TaskInstance: example_bash_operator.this_will_skip scheduled__2023-12-23T00:00:00+00:00 [running]> on host 29c739d23fae
[2023-12-24T00:43:36.690+0000] {taskinstance.py:1592} INFO - Exporting the following env vars:
AIRFLOW_CTX_DAG_OWNER=***
AIRFLOW_CTX_DAG_ID=example_bash_operator
AIRFLOW_CTX_TASK_ID=this_will_skip
AIRFLOW_CTX_EXECUTION_DATE=2023-12-23T00:00:00+00:00
AIRFLOW_CTX_TRY_NUMBER=1
AIRFLOW_CTX_DAG_RUN_ID=scheduled__2023-12-23T00:00:00+00:00
[2023-12-24T00:43:36.691+0000] {subprocess.py:63} INFO - Tmp dir root location: 
 /tmp
[2023-12-24T00:43:36.694+0000] {subprocess.py:75} INFO - Running command: ['/bin/bash', '-c', 'echo "hello world"; exit 99;']
[2023-12-24T00:43:36.708+0000] {subprocess.py:86} INFO - Output:
[2023-12-24T00:43:36.711+0000] {subprocess.py:93} INFO - hello world
[2023-12-24T00:43:36.712+0000] {subprocess.py:97} INFO - Command exited with return code 99
[2023-12-24T00:43:36.713+0000] {taskinstance.py:1481} INFO - Bash command returned exit code 99. Skipping.
[2023-12-24T00:43:36.737+0000] {taskinstance.py:1406} INFO - Marking task as SKIPPED. dag_id=example_bash_operator, task_id=this_will_skip, execution_date=20231223T000000, start_date=20231224T004336, end_date=20231224T004336
[2023-12-24T00:43:36.775+0000] {local_task_job.py:164} INFO - Task exited with return code 0
[2023-12-24T00:43:36.838+0000] {local_task_job.py:273} INFO - 0 downstream tasks scheduled from follow-on schedule check
